SF:/home/runner/work/matrix/matrix/Lorenzo/src/add_sub_scale.rs
FN:122,_RNvXs5_NtCsafGrTyEUcG4_7Lorenzo13add_sub_scaleINtNtB7_6my_mat6MatrixdENtNtNtCs5swZZAOpjlf_4core3ops5arith3Add3addB7_
FN:140,_RNvXs6_NtCsafGrTyEUcG4_7Lorenzo13add_sub_scaleINtNtB7_6my_mat6MatrixdENtNtNtCs5swZZAOpjlf_4core3ops5arith9AddAssign10add_assignB7_
FN:160,_RNvXs7_NtCsafGrTyEUcG4_7Lorenzo13add_sub_scaleINtNtB7_6my_mat6MatrixdENtNtNtCs5swZZAOpjlf_4core3ops5arith3Sub3subB7_
FN:178,_RNvXs8_NtCsafGrTyEUcG4_7Lorenzo13add_sub_scaleINtNtB7_6my_mat6MatrixdENtNtNtCs5swZZAOpjlf_4core3ops5arith9SubAssign10sub_assignB7_
FN:198,_RNvXs9_NtCsafGrTyEUcG4_7Lorenzo13add_sub_scaleINtNtB7_6my_mat6MatrixdEINtB5_5ScaledE5scaleB7_
FN:276,_RNvNtNtCsafGrTyEUcG4_7Lorenzo13add_sub_scale5testss_10matrix_add
FN:335,_RNvNtNtCsafGrTyEUcG4_7Lorenzo13add_sub_scale5testss_10matrix_mul
FN:300,_RNvNtNtCsafGrTyEUcG4_7Lorenzo13add_sub_scale5testss_10matrix_sub
FN:213,_RNvNtNtCsafGrTyEUcG4_7Lorenzo13add_sub_scale5testss_10vector_add
FN:252,_RNvNtNtCsafGrTyEUcG4_7Lorenzo13add_sub_scale5testss_10vector_mul
FN:229,_RNvNtNtCsafGrTyEUcG4_7Lorenzo13add_sub_scale5testss_10vector_sub
FN:266,_RNvNtNtCsafGrTyEUcG4_7Lorenzo13add_sub_scale5testss_11vector_iter
FN:324,_RNvNtNtCsafGrTyEUcG4_7Lorenzo13add_sub_scale5testss_12matrix_scale
FN:245,_RNvNtNtCsafGrTyEUcG4_7Lorenzo13add_sub_scale5testss_12vector_scale
FN:288,_RNvNtNtCsafGrTyEUcG4_7Lorenzo13add_sub_scale5testss_17matrix_add_assign
FN:346,_RNvNtNtCsafGrTyEUcG4_7Lorenzo13add_sub_scale5testss_17matrix_mul_assign
FN:312,_RNvNtNtCsafGrTyEUcG4_7Lorenzo13add_sub_scale5testss_17matrix_sub_assign
FN:221,_RNvNtNtCsafGrTyEUcG4_7Lorenzo13add_sub_scale5testss_17vector_add_assign
FN:259,_RNvNtNtCsafGrTyEUcG4_7Lorenzo13add_sub_scale5testss_17vector_mul_assign
FN:237,_RNvNtNtCsafGrTyEUcG4_7Lorenzo13add_sub_scale5testss_17vector_sub_assign
FN:358,_RNvNtNtCsafGrTyEUcG4_7Lorenzo13add_sub_scale5testss_34matrix_add_mismatched_shape_panics
FN:374,_RNvNtNtCsafGrTyEUcG4_7Lorenzo13add_sub_scale5testss_34matrix_sub_mismatched_shape_panics
FN:366,_RNvNtNtCsafGrTyEUcG4_7Lorenzo13add_sub_scale5testss_41matrix_add_assign_mismatched_shape_panics
FN:382,_RNvNtNtCsafGrTyEUcG4_7Lorenzo13add_sub_scale5testss_41matrix_sub_assign_mismatched_shape_panics
FN:130,_RNCNvXs5_NtCsafGrTyEUcG4_7Lorenzo13add_sub_scaleINtNtB9_6my_mat6MatrixdENtNtNtCs5swZZAOpjlf_4core3ops5arith3Add3add0B9_
FN:148,_RNCNvXs6_NtCsafGrTyEUcG4_7Lorenzo13add_sub_scaleINtNtB9_6my_mat6MatrixdENtNtNtCs5swZZAOpjlf_4core3ops5arith9AddAssign10add_assign0B9_
FN:168,_RNCNvXs7_NtCsafGrTyEUcG4_7Lorenzo13add_sub_scaleINtNtB9_6my_mat6MatrixdENtNtNtCs5swZZAOpjlf_4core3ops5arith3Sub3sub0B9_
FN:186,_RNCNvXs8_NtCsafGrTyEUcG4_7Lorenzo13add_sub_scaleINtNtB9_6my_mat6MatrixdENtNtNtCs5swZZAOpjlf_4core3ops5arith9SubAssign10sub_assign0B9_
FN:16,_RNvXNtCsafGrTyEUcG4_7Lorenzo13add_sub_scaleINtNtB4_7my_vect6VectordENtNtNtCs5swZZAOpjlf_4core3ops5arith3Add3addB4_
FN:16,_RNvXNtCsafGrTyEUcG4_7Lorenzo13add_sub_scaleINtNtB4_7my_vect6VectorfENtNtNtCs5swZZAOpjlf_4core3ops5arith3Add3addB4_
FN:52,_RNvXs0_NtCsafGrTyEUcG4_7Lorenzo13add_sub_scaleINtNtB7_7my_vect6VectordEINtB5_5ScaledE5scaleB7_
FN:66,_RNvXs1_NtCsafGrTyEUcG4_7Lorenzo13add_sub_scaleINtNtB7_7my_vect6VectordENtNtNtCs5swZZAOpjlf_4core3ops5arith9AddAssign10add_assignB7_
FN:80,_RNvXs2_NtCsafGrTyEUcG4_7Lorenzo13add_sub_scaleINtNtB7_7my_vect6VectordENtNtNtCs5swZZAOpjlf_4core3ops5arith9SubAssign10sub_assignB7_
FN:96,_RNvXs3_NtCsafGrTyEUcG4_7Lorenzo13add_sub_scaleINtNtB7_7my_vect6VectordEINtNtNtCs5swZZAOpjlf_4core3ops5arith3MuldE3mulB7_
FN:96,_RNvXs3_NtCsafGrTyEUcG4_7Lorenzo13add_sub_scaleINtNtB7_7my_vect6VectorfEINtNtNtCs5swZZAOpjlf_4core3ops5arith3MulfE3mulB7_
FN:109,_RNvXs4_NtCsafGrTyEUcG4_7Lorenzo13add_sub_scaleINtNtB7_7my_vect6VectordEINtNtNtCs5swZZAOpjlf_4core3ops5arith9MulAssigndE10mul_assignB7_
FN:34,_RNvXs_NtCsafGrTyEUcG4_7Lorenzo13add_sub_scaleINtNtB6_7my_vect6VectordENtNtNtCs5swZZAOpjlf_4core3ops5arith3Sub3subB6_
FNDA:2,_RNvXs5_NtCsafGrTyEUcG4_7Lorenzo13add_sub_scaleINtNtB7_6my_mat6MatrixdENtNtNtCs5swZZAOpjlf_4core3ops5arith3Add3addB7_
FNDA:3,_RNvXs6_NtCsafGrTyEUcG4_7Lorenzo13add_sub_scaleINtNtB7_6my_mat6MatrixdENtNtNtCs5swZZAOpjlf_4core3ops5arith9AddAssign10add_assignB7_
FNDA:2,_RNvXs7_NtCsafGrTyEUcG4_7Lorenzo13add_sub_scaleINtNtB7_6my_mat6MatrixdENtNtNtCs5swZZAOpjlf_4core3ops5arith3Sub3subB7_
FNDA:3,_RNvXs8_NtCsafGrTyEUcG4_7Lorenzo13add_sub_scaleINtNtB7_6my_mat6MatrixdENtNtNtCs5swZZAOpjlf_4core3ops5arith9SubAssign10sub_assignB7_
FNDA:1,_RNvXs9_NtCsafGrTyEUcG4_7Lorenzo13add_sub_scaleINtNtB7_6my_mat6MatrixdEINtB5_5ScaledE5scaleB7_
FNDA:1,_RNvNtNtCsafGrTyEUcG4_7Lorenzo13add_sub_scale5testss_10matrix_add
FNDA:1,_RNvNtNtCsafGrTyEUcG4_7Lorenzo13add_sub_scale5testss_10matrix_mul
FNDA:1,_RNvNtNtCsafGrTyEUcG4_7Lorenzo13add_sub_scale5testss_10matrix_sub
FNDA:1,_RNvNtNtCsafGrTyEUcG4_7Lorenzo13add_sub_scale5testss_10vector_add
FNDA:1,_RNvNtNtCsafGrTyEUcG4_7Lorenzo13add_sub_scale5testss_10vector_mul
FNDA:1,_RNvNtNtCsafGrTyEUcG4_7Lorenzo13add_sub_scale5testss_10vector_sub
FNDA:1,_RNvNtNtCsafGrTyEUcG4_7Lorenzo13add_sub_scale5testss_11vector_iter
FNDA:1,_RNvNtNtCsafGrTyEUcG4_7Lorenzo13add_sub_scale5testss_12matrix_scale
FNDA:1,_RNvNtNtCsafGrTyEUcG4_7Lorenzo13add_sub_scale5testss_12vector_scale
FNDA:1,_RNvNtNtCsafGrTyEUcG4_7Lorenzo13add_sub_scale5testss_17matrix_add_assign
FNDA:1,_RNvNtNtCsafGrTyEUcG4_7Lorenzo13add_sub_scale5testss_17matrix_mul_assign
FNDA:1,_RNvNtNtCsafGrTyEUcG4_7Lorenzo13add_sub_scale5testss_17matrix_sub_assign
FNDA:1,_RNvNtNtCsafGrTyEUcG4_7Lorenzo13add_sub_scale5testss_17vector_add_assign
FNDA:1,_RNvNtNtCsafGrTyEUcG4_7Lorenzo13add_sub_scale5testss_17vector_mul_assign
FNDA:1,_RNvNtNtCsafGrTyEUcG4_7Lorenzo13add_sub_scale5testss_17vector_sub_assign
FNDA:1,_RNvNtNtCsafGrTyEUcG4_7Lorenzo13add_sub_scale5testss_34matrix_add_mismatched_shape_panics
FNDA:1,_RNvNtNtCsafGrTyEUcG4_7Lorenzo13add_sub_scale5testss_34matrix_sub_mismatched_shape_panics
FNDA:1,_RNvNtNtCsafGrTyEUcG4_7Lorenzo13add_sub_scale5testss_41matrix_add_assign_mismatched_shape_panics
FNDA:1,_RNvNtNtCsafGrTyEUcG4_7Lorenzo13add_sub_scale5testss_41matrix_sub_assign_mismatched_shape_panics
FNDA:4,_RNCNvXs5_NtCsafGrTyEUcG4_7Lorenzo13add_sub_scaleINtNtB9_6my_mat6MatrixdENtNtNtCs5swZZAOpjlf_4core3ops5arith3Add3add0B9_
FNDA:8,_RNCNvXs6_NtCsafGrTyEUcG4_7Lorenzo13add_sub_scaleINtNtB9_6my_mat6MatrixdENtNtNtCs5swZZAOpjlf_4core3ops5arith9AddAssign10add_assign0B9_
FNDA:4,_RNCNvXs7_NtCsafGrTyEUcG4_7Lorenzo13add_sub_scaleINtNtB9_6my_mat6MatrixdENtNtNtCs5swZZAOpjlf_4core3ops5arith3Sub3sub0B9_
FNDA:8,_RNCNvXs8_NtCsafGrTyEUcG4_7Lorenzo13add_sub_scaleINtNtB9_6my_mat6MatrixdENtNtNtCs5swZZAOpjlf_4core3ops5arith9SubAssign10sub_assign0B9_
FNDA:1,_RNvXNtCsafGrTyEUcG4_7Lorenzo13add_sub_scaleINtNtB4_7my_vect6VectordENtNtNtCs5swZZAOpjlf_4core3ops5arith3Add3addB4_
FNDA:5,_RNvXNtCsafGrTyEUcG4_7Lorenzo13add_sub_scaleINtNtB4_7my_vect6VectorfENtNtNtCs5swZZAOpjlf_4core3ops5arith3Add3addB4_
FNDA:1,_RNvXs0_NtCsafGrTyEUcG4_7Lorenzo13add_sub_scaleINtNtB7_7my_vect6VectordEINtB5_5ScaledE5scaleB7_
FNDA:2,_RNvXs1_NtCsafGrTyEUcG4_7Lorenzo13add_sub_scaleINtNtB7_7my_vect6VectordENtNtNtCs5swZZAOpjlf_4core3ops5arith9AddAssign10add_assignB7_
FNDA:2,_RNvXs2_NtCsafGrTyEUcG4_7Lorenzo13add_sub_scaleINtNtB7_7my_vect6VectordENtNtNtCs5swZZAOpjlf_4core3ops5arith9SubAssign10sub_assignB7_
FNDA:1,_RNvXs3_NtCsafGrTyEUcG4_7Lorenzo13add_sub_scaleINtNtB7_7my_vect6VectordEINtNtNtCs5swZZAOpjlf_4core3ops5arith3MuldE3mulB7_
FNDA:10,_RNvXs3_NtCsafGrTyEUcG4_7Lorenzo13add_sub_scaleINtNtB7_7my_vect6VectorfEINtNtNtCs5swZZAOpjlf_4core3ops5arith3MulfE3mulB7_
FNDA:2,_RNvXs4_NtCsafGrTyEUcG4_7Lorenzo13add_sub_scaleINtNtB7_7my_vect6VectordEINtNtNtCs5swZZAOpjlf_4core3ops5arith9MulAssigndE10mul_assignB7_
FNDA:1,_RNvXs_NtCsafGrTyEUcG4_7Lorenzo13add_sub_scaleINtNtB6_7my_vect6VectordENtNtNtCs5swZZAOpjlf_4core3ops5arith3Sub3subB6_
FNF:35
FNH:35
DA:16,6
DA:17,6
DA:18,6
DA:19,15
DA:20,15
DA:21,15
DA:22,15
DA:23,15
DA:24,6
DA:25,6
DA:34,1
DA:35,1
DA:36,1
DA:37,2
DA:38,2
DA:39,2
DA:40,2
DA:41,2
DA:42,1
DA:43,1
DA:52,1
DA:53,1
DA:54,1
DA:55,2
DA:56,2
DA:57,2
DA:58,1
DA:59,1
DA:66,2
DA:67,2
DA:68,2
DA:69,4
DA:70,4
DA:71,4
DA:72,4
DA:73,2
DA:80,2
DA:81,2
DA:82,2
DA:83,4
DA:84,4
DA:85,4
DA:86,4
DA:87,2
DA:96,11
DA:97,11
DA:98,28
DA:99,28
DA:100,28
DA:101,11
DA:102,11
DA:109,2
DA:110,4
DA:111,4
DA:112,4
DA:113,2
DA:122,2
DA:123,2
DA:124,1
DA:125,1
DA:126,1
DA:127,1
DA:128,1
DA:129,1
DA:130,4
DA:131,1
DA:132,1
DA:133,1
DA:140,3
DA:141,3
DA:142,1
DA:143,2
DA:144,2
DA:145,2
DA:146,2
DA:147,2
DA:148,8
DA:149,2
DA:150,2
DA:151,2
DA:160,2
DA:161,2
DA:162,1
DA:163,1
DA:164,1
DA:165,1
DA:166,1
DA:167,1
DA:168,4
DA:169,1
DA:170,1
DA:171,1
DA:178,3
DA:179,3
DA:180,1
DA:181,2
DA:182,2
DA:183,2
DA:184,2
DA:185,2
DA:186,8
DA:187,2
DA:188,2
DA:189,2
DA:198,1
DA:199,1
DA:200,1
DA:201,4
DA:202,4
DA:203,4
DA:204,1
DA:205,1
DA:213,1
DA:214,1
DA:215,1
DA:216,1
DA:217,1
DA:218,1
DA:221,1
DA:222,1
DA:223,1
DA:224,1
DA:225,1
DA:226,1
DA:229,1
DA:230,1
DA:231,1
DA:232,1
DA:233,1
DA:234,1
DA:237,1
DA:238,1
DA:239,1
DA:240,1
DA:241,1
DA:242,1
DA:245,1
DA:246,1
DA:247,1
DA:248,1
DA:249,1
DA:252,1
DA:253,1
DA:254,1
DA:255,1
DA:256,1
DA:259,1
DA:260,1
DA:261,1
DA:262,1
DA:263,1
DA:266,1
DA:267,1
DA:268,1
DA:269,1
DA:271,1
DA:272,1
DA:273,1
DA:276,1
DA:277,1
DA:278,1
DA:279,1
DA:280,1
DA:281,1
DA:282,1
DA:283,1
DA:285,1
DA:288,1
DA:289,1
DA:290,1
DA:291,1
DA:292,1
DA:293,1
DA:294,1
DA:295,1
DA:297,1
DA:300,1
DA:301,1
DA:302,1
DA:303,1
DA:304,1
DA:305,1
DA:306,1
DA:307,1
DA:309,1
DA:312,1
DA:313,1
DA:314,1
DA:315,1
DA:316,1
DA:317,1
DA:318,1
DA:319,1
DA:321,1
DA:324,1
DA:325,1
DA:326,1
DA:327,1
DA:328,1
DA:329,1
DA:330,1
DA:332,1
DA:335,1
DA:336,1
DA:337,1
DA:338,1
DA:339,1
DA:340,1
DA:341,1
DA:343,1
DA:346,1
DA:347,1
DA:348,1
DA:349,1
DA:350,1
DA:351,1
DA:352,1
DA:354,1
DA:358,1
DA:359,1
DA:360,1
DA:361,1
DA:362,1
DA:366,1
DA:367,1
DA:368,1
DA:369,1
DA:370,1
DA:374,1
DA:375,1
DA:376,1
DA:377,1
DA:378,1
DA:382,1
DA:383,1
DA:384,1
DA:385,1
DA:386,1
BRDA:123,0,0,1
BRDA:123,0,1,1
BRDA:141,0,0,1
BRDA:141,0,1,2
BRDA:161,0,0,1
BRDA:161,0,1,1
BRDA:179,0,0,1
BRDA:179,0,1,2
BRF:8
BRH:8
LF:242
LH:242
end_of_record
SF:/home/runner/work/matrix/matrix/Lorenzo/src/cosine.rs
FN:26,_RNvNtNtCsafGrTyEUcG4_7Lorenzo6cosine5tests9approx_eq
FN:55,_RNvNtNtCsafGrTyEUcG4_7Lorenzo6cosine5testss_22test_angle_cos_complex
FN:47,_RNvNtNtCsafGrTyEUcG4_7Lorenzo6cosine5testss_23test_angle_cos_opposite
FN:39,_RNvNtNtCsafGrTyEUcG4_7Lorenzo6cosine5testss_23test_angle_cos_parallel
FN:31,_RNvNtNtCsafGrTyEUcG4_7Lorenzo6cosine5testss_28test_angle_cos_perpendicular
FN:63,_RNvNtNtCsafGrTyEUcG4_7Lorenzo6cosine5testss_39test_angle_cos_zero_vector_returns_zero
FN:5,_RINvNtCsafGrTyEUcG4_7Lorenzo6cosine9angle_cosINtCs3Zh26mTyP8f_11num_complex7ComplexfEEB4_
FN:5,_RINvNtCsafGrTyEUcG4_7Lorenzo6cosine9angle_cosdEB4_
FNDA:5,_RNvNtNtCsafGrTyEUcG4_7Lorenzo6cosine5tests9approx_eq
FNDA:1,_RNvNtNtCsafGrTyEUcG4_7Lorenzo6cosine5testss_22test_angle_cos_complex
FNDA:1,_RNvNtNtCsafGrTyEUcG4_7Lorenzo6cosine5testss_23test_angle_cos_opposite
FNDA:1,_RNvNtNtCsafGrTyEUcG4_7Lorenzo6cosine5testss_23test_angle_cos_parallel
FNDA:1,_RNvNtNtCsafGrTyEUcG4_7Lorenzo6cosine5testss_28test_angle_cos_perpendicular
FNDA:1,_RNvNtNtCsafGrTyEUcG4_7Lorenzo6cosine5testss_39test_angle_cos_zero_vector_returns_zero
FNDA:1,_RINvNtCsafGrTyEUcG4_7Lorenzo6cosine9angle_cosINtCs3Zh26mTyP8f_11num_complex7ComplexfEEB4_
FNDA:4,_RINvNtCsafGrTyEUcG4_7Lorenzo6cosine9angle_cosdEB4_
FNF:7
FNH:7
DA:5,5
DA:6,5
DA:7,5
DA:9,5
DA:10,5
DA:11,5
DA:12,1
DA:13,4
DA:14,4
DA:15,4
DA:16,5
DA:26,5
DA:27,5
DA:28,5
DA:31,1
DA:32,1
DA:33,1
DA:34,1
DA:35,1
DA:36,1
DA:39,1
DA:40,1
DA:41,1
DA:42,1
DA:43,1
DA:44,1
DA:47,1
DA:48,1
DA:49,1
DA:50,1
DA:51,1
DA:52,1
DA:55,1
DA:56,1
DA:57,1
DA:58,1
DA:59,1
DA:60,1
DA:63,1
DA:64,1
DA:65,1
DA:66,1
DA:67,1
DA:68,1
BRDA:11,0,0,1
BRDA:11,0,1,4
BRF:2
BRH:2
LF:44
LH:44
end_of_record
SF:/home/runner/work/matrix/matrix/Lorenzo/src/cross_prod.rs
FN:3,_RINvNtCsafGrTyEUcG4_7Lorenzo10cross_prod13cross_productdEB4_
FN:3,_RINvNtCsafGrTyEUcG4_7Lorenzo10cross_prod13cross_productlEB4_
FN:22,_RNvNtNtCsafGrTyEUcG4_7Lorenzo10cross_prod5testss_19cross_product_basic
FN:42,_RNvNtNtCsafGrTyEUcG4_7Lorenzo10cross_prod5testss_21cross_product_bad_dim
FN:31,_RNvNtNtCsafGrTyEUcG4_7Lorenzo10cross_prod5testss_30cross_product_anti_commutative
FN:50,_RNvNtNtCsafGrTyEUcG4_7Lorenzo10cross_prod5testss_36cross_product_bad_second_operand_dim
FNDA:1,_RINvNtCsafGrTyEUcG4_7Lorenzo10cross_prod13cross_productdEB4_
FNDA:5,_RINvNtCsafGrTyEUcG4_7Lorenzo10cross_prod13cross_productlEB4_
FNDA:1,_RNvNtNtCsafGrTyEUcG4_7Lorenzo10cross_prod5testss_19cross_product_basic
FNDA:1,_RNvNtNtCsafGrTyEUcG4_7Lorenzo10cross_prod5testss_21cross_product_bad_dim
FNDA:1,_RNvNtNtCsafGrTyEUcG4_7Lorenzo10cross_prod5testss_30cross_product_anti_commutative
FNDA:1,_RNvNtNtCsafGrTyEUcG4_7Lorenzo10cross_prod5testss_36cross_product_bad_second_operand_dim
FNF:5
FNH:5
DA:3,6
DA:4,6
DA:5,6
DA:7,6
DA:8,2
DA:9,4
DA:10,4
DA:11,4
DA:12,4
DA:13,4
DA:15,4
DA:22,1
DA:23,1
DA:24,1
DA:25,1
DA:27,1
DA:28,1
DA:31,1
DA:32,1
DA:33,1
DA:34,1
DA:35,1
DA:37,1
DA:38,1
DA:42,1
DA:43,1
DA:44,1
DA:45,1
DA:46,1
DA:50,1
DA:51,1
DA:52,1
DA:53,1
DA:54,1
BRDA:7,0,0,1
BRDA:7,0,1,5
BRDA:7,1,2,1
BRDA:7,1,3,4
BRF:4
BRH:4
LF:34
LH:34
end_of_record
SF:/home/runner/work/matrix/matrix/Lorenzo/src/determinant.rs
FN:17,_RNvMNtCsafGrTyEUcG4_7Lorenzo11determinantINtNtB4_6my_mat6MatrixINtCs3Zh26mTyP8f_11num_complex7ComplexdEE11determinantB4_
FN:17,_RNvMNtCsafGrTyEUcG4_7Lorenzo11determinantINtNtB4_6my_mat6MatrixlE11determinantB4_
FN:72,_RNvNtNtCsafGrTyEUcG4_7Lorenzo11determinant5testss_11det_2x2_int
FN:79,_RNvNtNtCsafGrTyEUcG4_7Lorenzo11determinant5testss_11det_3x3_int
FN:87,_RNvNtNtCsafGrTyEUcG4_7Lorenzo11determinant5testss_15det_2x2_complex
FNDA:1,_RNvMNtCsafGrTyEUcG4_7Lorenzo11determinantINtNtB4_6my_mat6MatrixINtCs3Zh26mTyP8f_11num_complex7ComplexdEE11determinantB4_
FNDA:5,_RNvMNtCsafGrTyEUcG4_7Lorenzo11determinantINtNtB4_6my_mat6MatrixlE11determinantB4_
FNDA:1,_RNvNtNtCsafGrTyEUcG4_7Lorenzo11determinant5testss_11det_2x2_int
FNDA:1,_RNvNtNtCsafGrTyEUcG4_7Lorenzo11determinant5testss_11det_3x3_int
FNDA:1,_RNvNtNtCsafGrTyEUcG4_7Lorenzo11determinant5testss_15det_2x2_complex
FNF:4
FNH:4
DA:17,6
DA:18,6
DA:19,0
DA:20,6
DA:21,6
DA:22,0
DA:23,6
DA:25,6
DA:28,6
DA:29,0
DA:30,6
DA:31,6
DA:32,0
DA:33,6
DA:34,6
DA:35,5
DA:36,5
DA:37,5
DA:38,5
DA:39,5
DA:40,1
DA:41,1
DA:42,3
DA:43,3
DA:44,3
DA:45,0
DA:46,3
DA:47,3
DA:48,6
DA:49,18
DA:50,18
DA:51,12
DA:52,12
DA:55,3
DA:57,3
DA:58,3
DA:59,3
DA:62,1
DA:63,6
DA:72,1
DA:73,1
DA:75,1
DA:76,1
DA:79,1
DA:80,1
DA:81,1
DA:83,1
DA:84,1
DA:87,1
DA:88,1
DA:89,1
DA:90,1
DA:92,1
DA:96,1
DA:97,1
DA:99,1
DA:100,1
DA:101,1
DA:102,1
BRDA:18,0,0,0
BRDA:18,0,1,6
BRDA:21,0,0,0
BRDA:21,0,1,6
BRDA:28,0,0,0
BRDA:28,0,1,6
BRDA:31,0,0,0
BRDA:31,0,1,6
BRDA:34,0,0,5
BRDA:34,0,1,1
BRDA:44,0,0,0
BRDA:44,0,1,3
BRDA:50,0,0,12
BRDA:50,0,1,6
BRDA:58,0,0,2
BRDA:58,0,1,1
BRDA:101,0,0,1
BRDA:101,0,1,0
BRDA:101,1,2,1
BRDA:101,1,3,0
BRF:20
BRH:13
LF:59
LH:54
end_of_record
SF:/home/runner/work/matrix/matrix/Lorenzo/src/dot_prod.rs
FN:123,_RNvNtNtCsafGrTyEUcG4_7Lorenzo8dot_prod5testss_17test_dot_f32_real
FN:131,_RNvNtNtCsafGrTyEUcG4_7Lorenzo8dot_prod5testss_20test_dot_f32_complex
FN:97,_RNvNtNtCsafGrTyEUcG4_7Lorenzo8dot_prod5testss_20test_dot_product_f32
FN:89,_RNvNtNtCsafGrTyEUcG4_7Lorenzo8dot_prod5testss_20test_dot_product_f64
FN:105,_RNvNtNtCsafGrTyEUcG4_7Lorenzo8dot_prod5testss_20test_dot_product_i32
FN:113,_RNvNtNtCsafGrTyEUcG4_7Lorenzo8dot_prod5testss_34test_dot_product_complex_hermitian
FN:141,_RNvNtNtCsafGrTyEUcG4_7Lorenzo8dot_prod5testss_34test_dot_product_different_lengths
FN:149,_RNvNtNtCsafGrTyEUcG4_7Lorenzo8dot_prod5testss_42test_dot_product_complex_different_lengths
FN:37,_RNvMNtCsafGrTyEUcG4_7Lorenzo8dot_prodINtNtB4_7my_vect6VectorINtCs3Zh26mTyP8f_11num_complex7ComplexfEE3dotB4_
FN:8,_RNvMs0_NtCsafGrTyEUcG4_7Lorenzo8dot_prodINtNtB7_7my_vect6VectorfE3dot
FN:8,_RNvMs1_NtCsafGrTyEUcG4_7Lorenzo8dot_prodINtNtB7_7my_vect6VectordE3dot
FN:8,_RNvMs2_NtCsafGrTyEUcG4_7Lorenzo8dot_prodINtNtB7_7my_vect6VectorlE3dot
FN:57,_RNvXs6_NtCsafGrTyEUcG4_7Lorenzo8dot_prodINtNtB7_7my_vect6VectordENtB5_6DotF327dot_f32
FN:75,_RNvXs_NtCsafGrTyEUcG4_7Lorenzo8dot_prodINtNtB6_7my_vect6VectorINtCs3Zh26mTyP8f_11num_complex7ComplexfEENtB4_6DotF327dot_f32B6_
FN:8,_RNvMs3_NtCsafGrTyEUcG4_7Lorenzo8dot_prodINtNtB7_7my_vect6VectorxE3dot
FN:8,_RNvMs4_NtCsafGrTyEUcG4_7Lorenzo8dot_prodINtNtB7_7my_vect6VectoriE3dot
FN:57,_RNvXs5_NtCsafGrTyEUcG4_7Lorenzo8dot_prodINtNtB7_7my_vect6VectorfENtB5_6DotF327dot_f32
FN:57,_RNvXs7_NtCsafGrTyEUcG4_7Lorenzo8dot_prodINtNtB7_7my_vect6VectorlENtB5_6DotF327dot_f32
FN:57,_RNvXs8_NtCsafGrTyEUcG4_7Lorenzo8dot_prodINtNtB7_7my_vect6VectorxENtB5_6DotF327dot_f32
FN:57,_RNvXs9_NtCsafGrTyEUcG4_7Lorenzo8dot_prodINtNtB7_7my_vect6VectoriENtB5_6DotF327dot_f32
FNDA:1,_RNvNtNtCsafGrTyEUcG4_7Lorenzo8dot_prod5testss_17test_dot_f32_real
FNDA:1,_RNvNtNtCsafGrTyEUcG4_7Lorenzo8dot_prod5testss_20test_dot_f32_complex
FNDA:1,_RNvNtNtCsafGrTyEUcG4_7Lorenzo8dot_prod5testss_20test_dot_product_f32
FNDA:1,_RNvNtNtCsafGrTyEUcG4_7Lorenzo8dot_prod5testss_20test_dot_product_f64
FNDA:1,_RNvNtNtCsafGrTyEUcG4_7Lorenzo8dot_prod5testss_20test_dot_product_i32
FNDA:1,_RNvNtNtCsafGrTyEUcG4_7Lorenzo8dot_prod5testss_34test_dot_product_complex_hermitian
FNDA:1,_RNvNtNtCsafGrTyEUcG4_7Lorenzo8dot_prod5testss_34test_dot_product_different_lengths
FNDA:1,_RNvNtNtCsafGrTyEUcG4_7Lorenzo8dot_prod5testss_42test_dot_product_complex_different_lengths
FNDA:5,_RNvMNtCsafGrTyEUcG4_7Lorenzo8dot_prodINtNtB4_7my_vect6VectorINtCs3Zh26mTyP8f_11num_complex7ComplexfEE3dotB4_
FNDA:1,_RNvMs0_NtCsafGrTyEUcG4_7Lorenzo8dot_prodINtNtB7_7my_vect6VectorfE3dot
FNDA:9,_RNvMs1_NtCsafGrTyEUcG4_7Lorenzo8dot_prodINtNtB7_7my_vect6VectordE3dot
FNDA:1,_RNvMs2_NtCsafGrTyEUcG4_7Lorenzo8dot_prodINtNtB7_7my_vect6VectorlE3dot
FNDA:5,_RNvXs6_NtCsafGrTyEUcG4_7Lorenzo8dot_prodINtNtB7_7my_vect6VectordENtB5_6DotF327dot_f32
FNDA:2,_RNvXs_NtCsafGrTyEUcG4_7Lorenzo8dot_prodINtNtB6_7my_vect6VectorINtCs3Zh26mTyP8f_11num_complex7ComplexfEENtB4_6DotF327dot_f32B6_
FNDA:0,_RNvMs3_NtCsafGrTyEUcG4_7Lorenzo8dot_prodINtNtB7_7my_vect6VectorxE3dot
FNDA:0,_RNvMs4_NtCsafGrTyEUcG4_7Lorenzo8dot_prodINtNtB7_7my_vect6VectoriE3dot
FNDA:0,_RNvXs5_NtCsafGrTyEUcG4_7Lorenzo8dot_prodINtNtB7_7my_vect6VectorfENtB5_6DotF327dot_f32
FNDA:0,_RNvXs7_NtCsafGrTyEUcG4_7Lorenzo8dot_prodINtNtB7_7my_vect6VectorlENtB5_6DotF327dot_f32
FNDA:0,_RNvXs8_NtCsafGrTyEUcG4_7Lorenzo8dot_prodINtNtB7_7my_vect6VectorxENtB5_6DotF327dot_f32
FNDA:0,_RNvXs9_NtCsafGrTyEUcG4_7Lorenzo8dot_prodINtNtB7_7my_vect6VectoriENtB5_6DotF327dot_f32
FNF:12
FNH:12
DA:8,11
DA:9,11
DA:10,11
DA:12,11
DA:13,1
DA:14,10
DA:15,10
DA:16,24
DA:17,24
DA:18,24
DA:19,24
DA:20,10
DA:21,10
DA:37,5
DA:38,5
DA:39,1
DA:40,4
DA:41,4
DA:42,5
DA:43,5
DA:44,5
DA:45,5
DA:46,4
DA:47,4
DA:57,5
DA:58,5
DA:59,5
DA:60,5
DA:75,2
DA:76,2
DA:77,2
DA:78,2
DA:79,2
DA:89,1
DA:90,1
DA:91,1
DA:92,1
DA:93,1
DA:94,1
DA:97,1
DA:98,1
DA:99,1
DA:100,1
DA:101,1
DA:102,1
DA:105,1
DA:106,1
DA:107,1
DA:108,1
DA:109,1
DA:110,1
DA:113,1
DA:115,1
DA:116,1
DA:117,1
DA:119,1
DA:120,1
DA:123,1
DA:124,1
DA:125,1
DA:126,1
DA:127,1
DA:128,1
DA:131,1
DA:132,1
DA:133,1
DA:134,1
DA:136,1
DA:137,1
DA:141,1
DA:142,1
DA:143,1
DA:144,1
DA:145,1
DA:149,1
DA:150,1
DA:151,1
DA:152,1
DA:153,1
DA:155,1
DA:156,1
BRDA:38,0,0,1
BRDA:38,0,1,4
BRF:2
BRH:2
LF:81
LH:81
end_of_record
SF:/home/runner/work/matrix/matrix/Lorenzo/src/inverse.rs
FN:22,_RNvMNtCsafGrTyEUcG4_7Lorenzo7inverseINtNtB4_6my_mat6MatrixINtCs3Zh26mTyP8f_11num_complex7ComplexdEE7inverseB4_
FN:22,_RNvMNtCsafGrTyEUcG4_7Lorenzo7inverseINtNtB4_6my_mat6MatrixdE7inverseB4_
FN:119,_RNvNtNtCsafGrTyEUcG4_7Lorenzo7inverse5testss_17inverse_2x2_float
FN:142,_RNvNtNtCsafGrTyEUcG4_7Lorenzo7inverse5testss_17inverse_3x3_float
FN:198,_RNvNtNtCsafGrTyEUcG4_7Lorenzo7inverse5testss_19inverse_2x2_complex
FN:221,_RNvNtNtCsafGrTyEUcG4_7Lorenzo7inverse5testss_25inverse_non_square_panics
FN:166,_RNvNtNtCsafGrTyEUcG4_7Lorenzo7inverse5testss_28inverse_identity_is_identity
FN:187,_RNvNtNtCsafGrTyEUcG4_7Lorenzo7inverse5testss_29inverse_singular_returns_none
FNDA:1,_RNvMNtCsafGrTyEUcG4_7Lorenzo7inverseINtNtB4_6my_mat6MatrixINtCs3Zh26mTyP8f_11num_complex7ComplexdEE7inverseB4_
FNDA:5,_RNvMNtCsafGrTyEUcG4_7Lorenzo7inverseINtNtB4_6my_mat6MatrixdE7inverseB4_
FNDA:1,_RNvNtNtCsafGrTyEUcG4_7Lorenzo7inverse5testss_17inverse_2x2_float
FNDA:1,_RNvNtNtCsafGrTyEUcG4_7Lorenzo7inverse5testss_17inverse_3x3_float
FNDA:1,_RNvNtNtCsafGrTyEUcG4_7Lorenzo7inverse5testss_19inverse_2x2_complex
FNDA:1,_RNvNtNtCsafGrTyEUcG4_7Lorenzo7inverse5testss_25inverse_non_square_panics
FNDA:1,_RNvNtNtCsafGrTyEUcG4_7Lorenzo7inverse5testss_28inverse_identity_is_identity
FNDA:1,_RNvNtNtCsafGrTyEUcG4_7Lorenzo7inverse5testss_29inverse_singular_returns_none
FNF:7
FNH:7
DA:22,6
DA:23,6
DA:24,0
DA:25,6
DA:26,6
DA:27,1
DA:28,5
DA:30,5
DA:33,5
DA:34,12
DA:35,30
DA:36,30
DA:37,30
DA:39,30
DA:40,30
DA:41,12
DA:42,18
DA:43,18
DA:44,18
DA:47,5
DA:50,12
DA:52,12
DA:53,12
DA:54,12
DA:55,12
DA:56,11
DA:57,11
DA:58,11
DA:59,1
DA:63,12
DA:64,1
DA:65,11
DA:68,11
DA:69,0
DA:70,0
DA:71,0
DA:72,0
DA:73,0
DA:74,0
DA:75,0
DA:76,11
DA:79,11
DA:80,56
DA:81,56
DA:82,56
DA:83,56
DA:84,56
DA:87,28
DA:88,28
DA:89,17
DA:90,92
DA:91,92
DA:92,92
DA:93,92
DA:94,92
DA:95,92
DA:96,92
DA:97,11
DA:102,4
DA:103,10
DA:104,26
DA:105,26
DA:106,26
DA:109,4
DA:110,5
DA:119,1
DA:120,1
DA:121,1
DA:124,1
DA:125,1
DA:126,1
DA:128,1
DA:131,3
DA:132,6
DA:133,4
DA:134,4
DA:135,4
DA:136,4
DA:139,1
DA:142,1
DA:143,1
DA:144,1
DA:145,1
DA:146,1
DA:148,1
DA:149,1
DA:152,1
DA:155,4
DA:156,12
DA:157,9
DA:158,9
DA:159,9
DA:160,9
DA:163,1
DA:166,1
DA:167,1
DA:168,1
DA:169,1
DA:170,1
DA:172,1
DA:173,1
DA:176,4
DA:177,12
DA:178,9
DA:179,9
DA:180,9
DA:181,9
DA:184,1
DA:187,1
DA:189,1
DA:190,1
DA:191,1
DA:193,1
DA:194,1
DA:195,1
DA:198,1
DA:199,1
DA:200,1
DA:201,1
DA:203,1
DA:204,1
DA:207,1
DA:209,3
DA:210,6
DA:211,4
DA:212,4
DA:213,4
DA:214,4
DA:217,1
DA:221,1
DA:222,1
DA:223,1
DA:224,1
DA:226,1
DA:227,1
DA:228,1
BRDA:23,0,0,0
BRDA:23,0,1,6
BRDA:26,0,0,1
BRDA:26,0,1,5
BRDA:40,0,0,12
BRDA:40,0,1,18
BRDA:55,0,0,11
BRDA:55,0,1,1
BRDA:63,0,0,1
BRDA:63,0,1,11
BRDA:68,0,0,0
BRDA:68,0,1,11
BRDA:88,0,0,17
BRDA:88,0,1,11
BRDA:157,0,0,3
BRDA:157,0,1,6
BRDA:178,0,0,3
BRDA:178,0,1,6
BRDA:211,0,0,2
BRDA:211,0,1,2
BRF:20
BRH:18
LF:136
LH:128
end_of_record
SF:/home/runner/work/matrix/matrix/Lorenzo/src/linear_combo.rs
FN:33,_RNvNtNtCsafGrTyEUcG4_7Lorenzo12linear_combo5testss_29test_linear_combination_basic
FN:88,_RNvNtNtCsafGrTyEUcG4_7Lorenzo12linear_combo5testss_37test_linear_combination_empty_vectors
FN:48,_RNvNtNtCsafGrTyEUcG4_7Lorenzo12linear_combo5testss_37test_linear_combination_three_vectors
FN:64,_RNvNtNtCsafGrTyEUcG4_7Lorenzo12linear_combo5testss_40test_linear_combination_zero_coefficient
FN:80,_RNvNtNtCsafGrTyEUcG4_7Lorenzo12linear_combo5testss_42test_linear_combination_mismatched_lengths
FN:96,_RNvNtNtCsafGrTyEUcG4_7Lorenzo12linear_combo5testss_44test_linear_combination_different_dimensions
FN:3,_RINvNtCsafGrTyEUcG4_7Lorenzo12linear_combo18linear_combinationdEB4_
FNDA:1,_RNvNtNtCsafGrTyEUcG4_7Lorenzo12linear_combo5testss_29test_linear_combination_basic
FNDA:1,_RNvNtNtCsafGrTyEUcG4_7Lorenzo12linear_combo5testss_37test_linear_combination_empty_vectors
FNDA:1,_RNvNtNtCsafGrTyEUcG4_7Lorenzo12linear_combo5testss_37test_linear_combination_three_vectors
FNDA:1,_RNvNtNtCsafGrTyEUcG4_7Lorenzo12linear_combo5testss_40test_linear_combination_zero_coefficient
FNDA:1,_RNvNtNtCsafGrTyEUcG4_7Lorenzo12linear_combo5testss_42test_linear_combination_mismatched_lengths
FNDA:1,_RNvNtNtCsafGrTyEUcG4_7Lorenzo12linear_combo5testss_44test_linear_combination_different_dimensions
FNDA:8,_RINvNtCsafGrTyEUcG4_7Lorenzo12linear_combo18linear_combinationdEB4_
FNF:7
FNH:7
DA:3,8
DA:4,8
DA:5,8
DA:7,8
DA:8,1
DA:9,7
DA:10,7
DA:11,1
DA:12,6
DA:13,6
DA:14,6
DA:15,15
DA:16,15
DA:17,1
DA:18,14
DA:19,34
DA:20,34
DA:21,34
DA:24,5
DA:25,5
DA:33,1
DA:34,1
DA:35,1
DA:36,1
DA:38,1
DA:39,1
DA:40,1
DA:41,1
DA:42,2
DA:43,2
DA:45,1
DA:48,1
DA:49,1
DA:50,1
DA:51,1
DA:52,1
DA:54,1
DA:55,1
DA:56,1
DA:57,1
DA:58,3
DA:59,3
DA:61,1
DA:64,1
DA:65,1
DA:66,1
DA:67,1
DA:69,1
DA:70,1
DA:71,1
DA:72,1
DA:73,2
DA:74,2
DA:76,1
DA:80,1
DA:81,1
DA:82,1
DA:83,1
DA:84,1
DA:88,1
DA:89,1
DA:90,1
DA:91,1
DA:92,1
DA:96,1
DA:97,1
DA:98,1
DA:99,1
DA:101,1
DA:102,1
DA:103,1
BRDA:7,0,0,1
BRDA:7,0,1,7
BRDA:10,0,0,1
BRDA:10,0,1,6
BRDA:16,0,0,1
BRDA:16,0,1,14
BRF:6
BRH:6
LF:71
LH:71
end_of_record
SF:/home/runner/work/matrix/matrix/Lorenzo/src/linear_inter.rs
FN:1,_RINvNtCsafGrTyEUcG4_7Lorenzo12linear_inter4lerpINtNtB4_7my_vect6VectorfEEB4_
FN:40,_RNvNtNtCsafGrTyEUcG4_7Lorenzo12linear_inter5testss_16test_lerp_at_end
FN:51,_RNvNtNtCsafGrTyEUcG4_7Lorenzo12linear_inter5testss_17test_lerp_quarter
FN:29,_RNvNtNtCsafGrTyEUcG4_7Lorenzo12linear_inter5testss_18test_lerp_at_start
FN:17,_RNvNtNtCsafGrTyEUcG4_7Lorenzo12linear_inter5testss_18test_lerp_midpoint
FN:64,_RNvNtNtCsafGrTyEUcG4_7Lorenzo12linear_inter5testss_20test_lerp_negative_t
FN:72,_RNvNtNtCsafGrTyEUcG4_7Lorenzo12linear_inter5testss_28test_lerp_t_greater_than_one
FNDA:7,_RINvNtCsafGrTyEUcG4_7Lorenzo12linear_inter4lerpINtNtB4_7my_vect6VectorfEEB4_
FNDA:1,_RNvNtNtCsafGrTyEUcG4_7Lorenzo12linear_inter5testss_16test_lerp_at_end
FNDA:1,_RNvNtNtCsafGrTyEUcG4_7Lorenzo12linear_inter5testss_17test_lerp_quarter
FNDA:1,_RNvNtNtCsafGrTyEUcG4_7Lorenzo12linear_inter5testss_18test_lerp_at_start
FNDA:1,_RNvNtNtCsafGrTyEUcG4_7Lorenzo12linear_inter5testss_18test_lerp_midpoint
FNDA:1,_RNvNtNtCsafGrTyEUcG4_7Lorenzo12linear_inter5testss_20test_lerp_negative_t
FNDA:1,_RNvNtNtCsafGrTyEUcG4_7Lorenzo12linear_inter5testss_28test_lerp_t_greater_than_one
FNF:7
FNH:7
DA:1,7
DA:2,7
DA:3,7
DA:5,7
DA:6,2
DA:7,5
DA:8,5
DA:9,5
DA:17,1
DA:18,1
DA:19,1
DA:20,1
DA:21,1
DA:22,1
DA:23,2
DA:24,2
DA:26,1
DA:29,1
DA:30,1
DA:31,1
DA:32,1
DA:33,1
DA:34,3
DA:35,3
DA:37,1
DA:40,1
DA:41,1
DA:42,1
DA:43,1
DA:44,1
DA:45,3
DA:46,3
DA:48,1
DA:51,1
DA:52,1
DA:53,1
DA:54,1
DA:55,1
DA:56,1
DA:57,2
DA:58,2
DA:60,1
DA:64,1
DA:65,1
DA:66,1
DA:67,1
DA:68,1
DA:72,1
DA:73,1
DA:74,1
DA:75,1
DA:76,1
BRDA:5,0,0,1
BRDA:5,0,1,6
BRDA:5,1,2,1
BRDA:5,1,3,5
BRF:4
BRH:4
LF:52
LH:52
end_of_record
SF:/home/runner/work/matrix/matrix/Lorenzo/src/linear_map.rs
FN:58,_RNvMs1_NtCsafGrTyEUcG4_7Lorenzo10linear_mapINtNtB7_6my_mat6MatrixlE10dot_vectorB7_
FN:13,_RNvXNtCsafGrTyEUcG4_7Lorenzo10linear_mapINtNtB4_6my_mat6MatrixdEINtNtNtCs5swZZAOpjlf_4core3ops5arith3MuldE3mulB4_
FN:44,_RNvXs0_NtCsafGrTyEUcG4_7Lorenzo10linear_mapINtNtB7_6my_mat6MatrixdEINtNtNtCs5swZZAOpjlf_4core3ops5arith9MulAssigndE10mul_assignB7_
FN:87,_RNvXs2_NtCsafGrTyEUcG4_7Lorenzo10linear_mapINtNtB7_6my_mat6MatrixlENtNtNtCs5swZZAOpjlf_4core3ops5arith3Mul3mulB7_
FN:252,_RNvXs3_NtCsafGrTyEUcG4_7Lorenzo10linear_mapRINtNtB7_6my_mat6MatrixINtCs3Zh26mTyP8f_11num_complex7ComplexdEENtNtNtCs5swZZAOpjlf_4core3ops5arith3Mul3mulB7_
FN:252,_RNvXs3_NtCsafGrTyEUcG4_7Lorenzo10linear_mapRINtNtB7_6my_mat6MatrixdENtNtNtCs5swZZAOpjlf_4core3ops5arith3Mul3mulB7_
FN:252,_RNvXs3_NtCsafGrTyEUcG4_7Lorenzo10linear_mapRINtNtB7_6my_mat6MatrixlENtNtNtCs5swZZAOpjlf_4core3ops5arith3Mul3mulB7_
FN:266,_RNvXs4_NtCsafGrTyEUcG4_7Lorenzo10linear_mapINtNtB7_6my_mat6MatrixlEINtNtNtCs5swZZAOpjlf_4core3ops5arith3MulINtNtB7_7my_vect6VectorlEE3mulB7_
FN:325,_RNvXs5_NtCsafGrTyEUcG4_7Lorenzo10linear_mapRINtNtB7_6my_mat6MatrixlEINtNtNtCs5swZZAOpjlf_4core3ops5arith3MulRINtNtB7_7my_vect6VectorlEE3mulB7_
FN:30,_RNvXs_NtCsafGrTyEUcG4_7Lorenzo10linear_mapRINtNtB6_6my_mat6MatrixlEINtNtNtCs5swZZAOpjlf_4core3ops5arith3MullE3mulB6_
FN:408,_RNvNtNtCsafGrTyEUcG4_7Lorenzo10linear_map5testss_10mat_vec_nd
FN:440,_RNvNtNtCsafGrTyEUcG4_7Lorenzo10linear_map5testss_16borrowed_mat_vec
FN:428,_RNvNtNtCsafGrTyEUcG4_7Lorenzo10linear_map5testss_18borrowed_matmul_2d
FN:455,_RNvNtNtCsafGrTyEUcG4_7Lorenzo10linear_map5testss_19borrowed_scalar_mul
FN:521,_RNvNtNtCsafGrTyEUcG4_7Lorenzo10linear_map5testss_20mat_vec_rank1_panics
FN:421,_RNvNtNtCsafGrTyEUcG4_7Lorenzo10linear_map5testss_23matmul_bad_contract_dim
FN:537,_RNvNtNtCsafGrTyEUcG4_7Lorenzo10linear_map5testss_28matmul_rank1_by_rank1_panics
FN:529,_RNvNtNtCsafGrTyEUcG4_7Lorenzo10linear_map5testss_29borrowed_mat_vec_rank1_panics
FN:505,_RNvNtNtCsafGrTyEUcG4_7Lorenzo10linear_map5testss_30mat_vec_length_mismatch_panics
FN:464,_RNvNtNtCsafGrTyEUcG4_7Lorenzo10linear_map5testss_30rank1_matrix_vector_scalar_dot
FN:553,_RNvNtNtCsafGrTyEUcG4_7Lorenzo10linear_map5testss_31matmul_zero_rank_operands_panic
FN:473,_RNvNtNtCsafGrTyEUcG4_7Lorenzo10linear_map5testss_32dot_vector_requires_rank1_matrix
FN:481,_RNvNtNtCsafGrTyEUcG4_7Lorenzo10linear_map5testss_33dot_vector_length_mismatch_panics
FN:489,_RNvNtNtCsafGrTyEUcG4_7Lorenzo10linear_map5testss_34mat_vec_requires_rank_at_least_one
FN:545,_RNvNtNtCsafGrTyEUcG4_7Lorenzo10linear_map5testss_37borrowed_matmul_rank1_by_rank1_panics
FN:513,_RNvNtNtCsafGrTyEUcG4_7Lorenzo10linear_map5testss_39borrowed_mat_vec_length_mismatch_panics
FN:497,_RNvNtNtCsafGrTyEUcG4_7Lorenzo10linear_map5testss_43borrowed_mat_vec_requires_rank_at_least_one
FN:378,_RNvNtNtCsafGrTyEUcG4_7Lorenzo10linear_map5testss_9matmul_2d
FN:390,_RNvNtNtCsafGrTyEUcG4_7Lorenzo10linear_map5testss_9matmul_nd
FN:120,_RNCNvXININtCsafGrTyEUcG4_7Lorenzo10linear_maps2_0pEINtNtB9_6my_mat6MatrixpENtNtNtCs5swZZAOpjlf_4core3ops5arith3Mul3mul0B9_
FN:178,_RINvNtCsafGrTyEUcG4_7Lorenzo10linear_map10matmul_refINtCs3Zh26mTyP8f_11num_complex7ComplexdEEB4_
FN:178,_RINvNtCsafGrTyEUcG4_7Lorenzo10linear_map10matmul_refdEB4_
FN:178,_RINvNtCsafGrTyEUcG4_7Lorenzo10linear_map10matmul_reflEB4_
FN:210,_RNCINvNtCsafGrTyEUcG4_7Lorenzo10linear_map10matmul_refINtCs3Zh26mTyP8f_11num_complex7ComplexdEE0B6_
FN:210,_RNCINvNtCsafGrTyEUcG4_7Lorenzo10linear_map10matmul_refdE0B6_
FN:210,_RNCINvNtCsafGrTyEUcG4_7Lorenzo10linear_map10matmul_reflE0B6_
FN:17,_RNCNvXNtCsafGrTyEUcG4_7Lorenzo10linear_mapINtNtB6_6my_mat6MatrixdEINtNtNtCs5swZZAOpjlf_4core3ops5arith3MuldE3mul0B6_
FN:131,_RNCNvXs2_NtCsafGrTyEUcG4_7Lorenzo10linear_mapINtNtB9_6my_mat6MatrixlENtNtNtCs5swZZAOpjlf_4core3ops5arith3Mul3muls_0B9_
FN:289,_RNCNvXs4_NtCsafGrTyEUcG4_7Lorenzo10linear_mapINtNtB9_6my_mat6MatrixlEINtNtNtCs5swZZAOpjlf_4core3ops5arith3MulINtNtB9_7my_vect6VectorlEE3mul0B9_
FN:343,_RNCNvXs5_NtCsafGrTyEUcG4_7Lorenzo10linear_mapRINtNtB9_6my_mat6MatrixlEINtNtNtCs5swZZAOpjlf_4core3ops5arith3MulRINtNtB9_7my_vect6VectorlEE3mul0B9_
FN:34,_RNCNvXs_NtCsafGrTyEUcG4_7Lorenzo10linear_mapRINtNtB8_6my_mat6MatrixlEINtNtNtCs5swZZAOpjlf_4core3ops5arith3MullE3mul0B8_
FNDA:4,_RNvMs1_NtCsafGrTyEUcG4_7Lorenzo10linear_mapINtNtB7_6my_mat6MatrixlE10dot_vectorB7_
FNDA:1,_RNvXNtCsafGrTyEUcG4_7Lorenzo10linear_mapINtNtB4_6my_mat6MatrixdEINtNtNtCs5swZZAOpjlf_4core3ops5arith3MuldE3mulB4_
FNDA:2,_RNvXs0_NtCsafGrTyEUcG4_7Lorenzo10linear_mapINtNtB7_6my_mat6MatrixdEINtNtNtCs5swZZAOpjlf_4core3ops5arith9MulAssigndE10mul_assignB7_
FNDA:6,_RNvXs2_NtCsafGrTyEUcG4_7Lorenzo10linear_mapINtNtB7_6my_mat6MatrixlENtNtNtCs5swZZAOpjlf_4core3ops5arith3Mul3mulB7_
FNDA:1,_RNvXs3_NtCsafGrTyEUcG4_7Lorenzo10linear_mapRINtNtB7_6my_mat6MatrixINtCs3Zh26mTyP8f_11num_complex7ComplexdEENtNtNtCs5swZZAOpjlf_4core3ops5arith3Mul3mulB7_
FNDA:1,_RNvXs3_NtCsafGrTyEUcG4_7Lorenzo10linear_mapRINtNtB7_6my_mat6MatrixdENtNtNtCs5swZZAOpjlf_4core3ops5arith3Mul3mulB7_
FNDA:2,_RNvXs3_NtCsafGrTyEUcG4_7Lorenzo10linear_mapRINtNtB7_6my_mat6MatrixlENtNtNtCs5swZZAOpjlf_4core3ops5arith3Mul3mulB7_
FNDA:5,_RNvXs4_NtCsafGrTyEUcG4_7Lorenzo10linear_mapINtNtB7_6my_mat6MatrixlEINtNtNtCs5swZZAOpjlf_4core3ops5arith3MulINtNtB7_7my_vect6VectorlEE3mulB7_
FNDA:4,_RNvXs5_NtCsafGrTyEUcG4_7Lorenzo10linear_mapRINtNtB7_6my_mat6MatrixlEINtNtNtCs5swZZAOpjlf_4core3ops5arith3MulRINtNtB7_7my_vect6VectorlEE3mulB7_
FNDA:1,_RNvXs_NtCsafGrTyEUcG4_7Lorenzo10linear_mapRINtNtB6_6my_mat6MatrixlEINtNtNtCs5swZZAOpjlf_4core3ops5arith3MullE3mulB6_
FNDA:1,_RNvNtNtCsafGrTyEUcG4_7Lorenzo10linear_map5testss_10mat_vec_nd
FNDA:1,_RNvNtNtCsafGrTyEUcG4_7Lorenzo10linear_map5testss_16borrowed_mat_vec
FNDA:1,_RNvNtNtCsafGrTyEUcG4_7Lorenzo10linear_map5testss_18borrowed_matmul_2d
FNDA:1,_RNvNtNtCsafGrTyEUcG4_7Lorenzo10linear_map5testss_19borrowed_scalar_mul
FNDA:1,_RNvNtNtCsafGrTyEUcG4_7Lorenzo10linear_map5testss_20mat_vec_rank1_panics
FNDA:1,_RNvNtNtCsafGrTyEUcG4_7Lorenzo10linear_map5testss_23matmul_bad_contract_dim
FNDA:1,_RNvNtNtCsafGrTyEUcG4_7Lorenzo10linear_map5testss_28matmul_rank1_by_rank1_panics
FNDA:1,_RNvNtNtCsafGrTyEUcG4_7Lorenzo10linear_map5testss_29borrowed_mat_vec_rank1_panics
FNDA:1,_RNvNtNtCsafGrTyEUcG4_7Lorenzo10linear_map5testss_30mat_vec_length_mismatch_panics
FNDA:1,_RNvNtNtCsafGrTyEUcG4_7Lorenzo10linear_map5testss_30rank1_matrix_vector_scalar_dot
FNDA:1,_RNvNtNtCsafGrTyEUcG4_7Lorenzo10linear_map5testss_31matmul_zero_rank_operands_panic
FNDA:1,_RNvNtNtCsafGrTyEUcG4_7Lorenzo10linear_map5testss_32dot_vector_requires_rank1_matrix
FNDA:1,_RNvNtNtCsafGrTyEUcG4_7Lorenzo10linear_map5testss_33dot_vector_length_mismatch_panics
FNDA:1,_RNvNtNtCsafGrTyEUcG4_7Lorenzo10linear_map5testss_34mat_vec_requires_rank_at_least_one
FNDA:1,_RNvNtNtCsafGrTyEUcG4_7Lorenzo10linear_map5testss_37borrowed_matmul_rank1_by_rank1_panics
FNDA:1,_RNvNtNtCsafGrTyEUcG4_7Lorenzo10linear_map5testss_39borrowed_mat_vec_length_mismatch_panics
FNDA:1,_RNvNtNtCsafGrTyEUcG4_7Lorenzo10linear_map5testss_43borrowed_mat_vec_requires_rank_at_least_one
FNDA:1,_RNvNtNtCsafGrTyEUcG4_7Lorenzo10linear_map5testss_9matmul_2d
FNDA:1,_RNvNtNtCsafGrTyEUcG4_7Lorenzo10linear_map5testss_9matmul_nd
FNDA:0,_RNCNvXININtCsafGrTyEUcG4_7Lorenzo10linear_maps2_0pEINtNtB9_6my_mat6MatrixpENtNtNtCs5swZZAOpjlf_4core3ops5arith3Mul3mul0B9_
FNDA:1,_RINvNtCsafGrTyEUcG4_7Lorenzo10linear_map10matmul_refINtCs3Zh26mTyP8f_11num_complex7ComplexdEEB4_
FNDA:1,_RINvNtCsafGrTyEUcG4_7Lorenzo10linear_map10matmul_refdEB4_
FNDA:2,_RINvNtCsafGrTyEUcG4_7Lorenzo10linear_map10matmul_reflEB4_
FNDA:4,_RNCINvNtCsafGrTyEUcG4_7Lorenzo10linear_map10matmul_refINtCs3Zh26mTyP8f_11num_complex7ComplexdEE0B6_
FNDA:9,_RNCINvNtCsafGrTyEUcG4_7Lorenzo10linear_map10matmul_refdE0B6_
FNDA:4,_RNCINvNtCsafGrTyEUcG4_7Lorenzo10linear_map10matmul_reflE0B6_
FNDA:4,_RNCNvXNtCsafGrTyEUcG4_7Lorenzo10linear_mapINtNtB6_6my_mat6MatrixdEINtNtNtCs5swZZAOpjlf_4core3ops5arith3MuldE3mul0B6_
FNDA:38,_RNCNvXs2_NtCsafGrTyEUcG4_7Lorenzo10linear_mapINtNtB9_6my_mat6MatrixlENtNtNtCs5swZZAOpjlf_4core3ops5arith3Mul3muls_0B9_
FNDA:8,_RNCNvXs4_NtCsafGrTyEUcG4_7Lorenzo10linear_mapINtNtB9_6my_mat6MatrixlEINtNtNtCs5swZZAOpjlf_4core3ops5arith3MulINtNtB9_7my_vect6VectorlEE3mul0B9_
FNDA:6,_RNCNvXs5_NtCsafGrTyEUcG4_7Lorenzo10linear_mapRINtNtB9_6my_mat6MatrixlEINtNtNtCs5swZZAOpjlf_4core3ops5arith3MulRINtNtB9_7my_vect6VectorlEE3mul0B9_
FNDA:4,_RNCNvXs_NtCsafGrTyEUcG4_7Lorenzo10linear_mapRINtNtB8_6my_mat6MatrixlEINtNtNtCs5swZZAOpjlf_4core3ops5arith3MullE3mul0B8_
FNF:35
FNH:34
DA:13,1
DA:14,1
DA:15,1
DA:16,1
DA:17,4
DA:18,1
DA:19,1
DA:20,1
DA:30,1
DA:31,1
DA:32,1
DA:33,1
DA:34,4
DA:35,1
DA:36,1
DA:37,1
DA:44,2
DA:45,8
DA:46,8
DA:47,8
DA:48,2
DA:58,4
DA:59,4
DA:60,3
DA:61,3
DA:62,2
DA:63,7
DA:64,7
DA:65,7
DA:66,7
DA:67,7
DA:68,2
DA:69,2
DA:87,6
DA:88,6
DA:89,6
DA:90,6
DA:91,6
DA:92,1
DA:95,5
DA:96,5
DA:97,5
DA:98,5
DA:99,1
DA:105,4
DA:106,4
DA:107,4
DA:109,4
DA:110,1
DA:111,3
DA:113,3
DA:114,3
DA:116,3
DA:117,3
DA:120,3
DA:121,0
DA:122,0
DA:123,0
DA:124,0
DA:125,0
DA:126,0
DA:127,0
DA:128,0
DA:129,0
DA:131,38
DA:132,38
DA:133,0
DA:134,38
DA:135,38
DA:136,106
DA:137,106
DA:138,106
DA:139,106
DA:140,106
DA:141,38
DA:142,38
DA:144,38
DA:145,38
DA:148,38
DA:149,38
DA:150,38
DA:151,38
DA:153,38
DA:155,144
DA:156,144
DA:157,144
DA:158,144
DA:159,144
DA:160,144
DA:161,144
DA:162,144
DA:163,144
DA:164,144
DA:165,144
DA:166,144
DA:167,144
DA:168,144
DA:169,144
DA:170,38
DA:173,3
DA:174,3
DA:178,4
DA:179,4
DA:180,4
DA:182,4
DA:183,4
DA:184,4
DA:185,4
DA:186,0
DA:189,4
DA:190,4
DA:191,4
DA:192,4
DA:193,0
DA:198,4
DA:199,4
DA:200,4
DA:201,4
DA:202,1
DA:203,3
DA:204,3
DA:205,3
DA:207,3
DA:208,3
DA:210,17
DA:211,17
DA:212,0
DA:213,17
DA:214,17
DA:215,34
DA:216,34
DA:217,34
DA:218,34
DA:219,34
DA:220,17
DA:221,17
DA:223,17
DA:224,17
DA:225,17
DA:226,17
DA:227,17
DA:228,17
DA:229,17
DA:230,43
DA:231,43
DA:232,43
DA:233,43
DA:234,43
DA:235,43
DA:236,43
DA:237,43
DA:238,43
DA:239,43
DA:240,43
DA:241,17
DA:243,3
DA:244,3
DA:252,4
DA:253,4
DA:254,4
DA:266,5
DA:267,5
DA:268,5
DA:269,5
DA:270,1
DA:272,4
DA:273,4
DA:274,4
DA:275,1
DA:277,1
DA:282,3
DA:283,1
DA:284,2
DA:285,2
DA:286,2
DA:289,8
DA:290,8
DA:291,0
DA:292,8
DA:293,8
DA:294,14
DA:295,14
DA:296,14
DA:297,14
DA:298,14
DA:299,8
DA:300,8
DA:302,8
DA:303,8
DA:304,8
DA:305,30
DA:306,30
DA:307,30
DA:308,30
DA:309,30
DA:310,30
DA:311,30
DA:312,8
DA:315,2
DA:316,2
DA:325,4
DA:326,4
DA:327,4
DA:328,4
DA:329,1
DA:331,3
DA:332,3
DA:333,3
DA:334,1
DA:336,1
DA:338,2
DA:339,1
DA:340,1
DA:341,1
DA:342,1
DA:343,6
DA:344,6
DA:345,0
DA:346,6
DA:347,6
DA:348,12
DA:349,12
DA:350,12
DA:351,12
DA:352,12
DA:353,6
DA:354,6
DA:355,6
DA:356,6
DA:357,6
DA:358,24
DA:359,24
DA:360,24
DA:361,24
DA:362,24
DA:363,24
DA:364,24
DA:365,6
DA:367,1
DA:368,1
DA:378,1
DA:379,1
DA:380,1
DA:381,1
DA:382,1
DA:383,1
DA:384,1
DA:385,1
DA:387,1
DA:390,1
DA:392,1
DA:393,1
DA:394,1
DA:396,1
DA:397,1
DA:398,1
DA:399,1
DA:400,1
DA:403,1
DA:404,1
DA:405,1
DA:408,1
DA:410,1
DA:411,1
DA:412,1
DA:414,1
DA:415,1
DA:416,1
DA:417,1
DA:421,1
DA:422,1
DA:423,1
DA:424,1
DA:425,1
DA:428,1
DA:429,1
DA:430,1
DA:431,1
DA:433,1
DA:434,1
DA:435,1
DA:436,1
DA:437,1
DA:440,1
DA:442,1
DA:443,1
DA:444,1
DA:446,1
DA:447,1
DA:448,1
DA:450,1
DA:451,1
DA:452,1
DA:455,1
DA:456,1
DA:457,1
DA:458,1
DA:460,1
DA:461,1
DA:464,1
DA:465,1
DA:466,1
DA:467,1
DA:468,1
DA:469,1
DA:473,1
DA:474,1
DA:475,1
DA:476,1
DA:477,1
DA:481,1
DA:482,1
DA:483,1
DA:484,1
DA:485,1
DA:489,1
DA:490,1
DA:491,1
DA:492,1
DA:493,1
DA:497,1
DA:498,1
DA:499,1
DA:500,1
DA:501,1
DA:505,1
DA:506,1
DA:507,1
DA:508,1
DA:509,1
DA:513,1
DA:514,1
DA:515,1
DA:516,1
DA:517,1
DA:521,1
DA:522,1
DA:523,1
DA:524,1
DA:525,1
DA:529,1
DA:530,1
DA:531,1
DA:532,1
DA:533,1
DA:537,1
DA:538,1
DA:539,1
DA:540,1
DA:541,1
DA:545,1
DA:546,1
DA:547,1
DA:548,1
DA:549,1
DA:553,1
DA:554,1
DA:555,1
DA:556,1
DA:557,1
BRDA:91,0,0,5
BRDA:91,0,1,1
BRDA:91,1,2,5
BRDA:91,1,3,0
BRDA:109,0,0,1
BRDA:109,0,1,3
BRDA:132,0,0,0
BRDA:132,0,1,38
BRDA:185,0,0,4
BRDA:185,0,1,0
BRDA:185,1,2,4
BRDA:185,1,3,0
BRDA:201,0,0,1
BRDA:201,0,1,3
BRDA:211,0,0,0
BRDA:211,0,1,17
BRDA:282,0,0,1
BRDA:282,0,1,2
BRDA:290,0,0,0
BRDA:290,0,1,8
BRDA:338,0,0,1
BRDA:338,0,1,1
BRDA:344,0,0,0
BRDA:344,0,1,6
BRF:24
BRH:17
LF:367
LH:351
end_of_record
SF:/home/runner/work/matrix/matrix/Lorenzo/src/main.rs
FN:507,_RINvNtCsafGrTyEUcG4_7Lorenzo5tests10to_f64_vecdINtNtNtNtCs5swZZAOpjlf_4core4iter8adapters6cloned6ClonedINtNtNtBS_5slice4iter4IterdEEEB4_
FN:507,_RINvNtCsafGrTyEUcG4_7Lorenzo5tests10to_f64_vecfINtNtNtNtCs5swZZAOpjlf_4core4iter8adapters6cloned6ClonedINtNtNtBS_5slice4iter4IterfEEEB4_
FN:509,_RNCINvNtCsafGrTyEUcG4_7Lorenzo5tests10to_f64_vecdINtNtNtNtCs5swZZAOpjlf_4core4iter8adapters6cloned6ClonedINtNtNtBU_5slice4iter4IterdEEE0B6_
FN:509,_RNCINvNtCsafGrTyEUcG4_7Lorenzo5tests10to_f64_vecfINtNtNtNtCs5swZZAOpjlf_4core4iter8adapters6cloned6ClonedINtNtNtBU_5slice4iter4IterfEEE0B6_
FN:503,_RNvNtCsafGrTyEUcG4_7Lorenzo5tests13approx_eq_f32
FN:514,_RNvNtCsafGrTyEUcG4_7Lorenzo5testss_20vector_add_sub_scale
FN:582,_RNvNtCsafGrTyEUcG4_7Lorenzo5testss_22norms_real_and_complex
FN:646,_RNvNtCsafGrTyEUcG4_7Lorenzo5testss_25trace_examples_match_main
FN:534,_RNvNtCsafGrTyEUcG4_7Lorenzo5testss_30matrix_add_sub_scale_and_index
FN:595,_RNvNtCsafGrTyEUcG4_7Lorenzo5testss_31dot_product_examples_match_main
FN:680,_RNvNtCsafGrTyEUcG4_7Lorenzo5testss_31row_echelon_examples_match_main
FN:630,_RNvNtCsafGrTyEUcG4_7Lorenzo5testss_34cross_product_example_matches_main
FN:621,_RNvNtCsafGrTyEUcG4_7Lorenzo5testss_34matrix_vector_example_matches_main
FN:555,_RNvNtCsafGrTyEUcG4_7Lorenzo5testss_36linear_combination_and_lerp_examples
FN:639,_RNvNtCsafGrTyEUcG4_7Lorenzo5testss_37rank1_matrix_dot_example_matches_main
FN:611,_RNvNtCsafGrTyEUcG4_7Lorenzo5testss_42matrix_multiplication_example_matches_main
FN:36,_RNvCsafGrTyEUcG4_7Lorenzo3sub
FN:40,_RNvCsafGrTyEUcG4_7Lorenzo4main
FN:32,_RNvCsafGrTyEUcG4_7Lorenzo6header
FNDA:5,_RINvNtCsafGrTyEUcG4_7Lorenzo5tests10to_f64_vecdINtNtNtNtCs5swZZAOpjlf_4core4iter8adapters6cloned6ClonedINtNtNtBS_5slice4iter4IterdEEEB4_
FNDA:1,_RINvNtCsafGrTyEUcG4_7Lorenzo5tests10to_f64_vecfINtNtNtNtCs5swZZAOpjlf_4core4iter8adapters6cloned6ClonedINtNtNtBS_5slice4iter4IterfEEEB4_
FNDA:11,_RNCINvNtCsafGrTyEUcG4_7Lorenzo5tests10to_f64_vecdINtNtNtNtCs5swZZAOpjlf_4core4iter8adapters6cloned6ClonedINtNtNtBU_5slice4iter4IterdEEE0B6_
FNDA:3,_RNCINvNtCsafGrTyEUcG4_7Lorenzo5tests10to_f64_vecfINtNtNtNtCs5swZZAOpjlf_4core4iter8adapters6cloned6ClonedINtNtNtBU_5slice4iter4IterfEEE0B6_
FNDA:2,_RNvNtCsafGrTyEUcG4_7Lorenzo5tests13approx_eq_f32
FNDA:1,_RNvNtCsafGrTyEUcG4_7Lorenzo5testss_20vector_add_sub_scale
FNDA:1,_RNvNtCsafGrTyEUcG4_7Lorenzo5testss_22norms_real_and_complex
FNDA:1,_RNvNtCsafGrTyEUcG4_7Lorenzo5testss_25trace_examples_match_main
FNDA:1,_RNvNtCsafGrTyEUcG4_7Lorenzo5testss_30matrix_add_sub_scale_and_index
FNDA:1,_RNvNtCsafGrTyEUcG4_7Lorenzo5testss_31dot_product_examples_match_main
FNDA:1,_RNvNtCsafGrTyEUcG4_7Lorenzo5testss_31row_echelon_examples_match_main
FNDA:1,_RNvNtCsafGrTyEUcG4_7Lorenzo5testss_34cross_product_example_matches_main
FNDA:1,_RNvNtCsafGrTyEUcG4_7Lorenzo5testss_34matrix_vector_example_matches_main
FNDA:1,_RNvNtCsafGrTyEUcG4_7Lorenzo5testss_36linear_combination_and_lerp_examples
FNDA:1,_RNvNtCsafGrTyEUcG4_7Lorenzo5testss_37rank1_matrix_dot_example_matches_main
FNDA:1,_RNvNtCsafGrTyEUcG4_7Lorenzo5testss_42matrix_multiplication_example_matches_main
FNDA:0,_RNvCsafGrTyEUcG4_7Lorenzo3sub
FNDA:0,_RNvCsafGrTyEUcG4_7Lorenzo4main
FNDA:0,_RNvCsafGrTyEUcG4_7Lorenzo6header
FNF:17
FNH:14
DA:32,0
DA:33,0
DA:34,0
DA:36,0
DA:37,0
DA:38,0
DA:40,0
DA:42,0
DA:43,0
DA:44,0
DA:45,0
DA:46,0
DA:47,0
DA:48,0
DA:49,0
DA:50,0
DA:51,0
DA:52,0
DA:53,0
DA:54,0
DA:56,0
DA:57,0
DA:58,0
DA:59,0
DA:60,0
DA:61,0
DA:62,0
DA:63,0
DA:65,0
DA:66,0
DA:67,0
DA:68,0
DA:69,0
DA:70,0
DA:71,0
DA:72,0
DA:73,0
DA:74,0
DA:75,0
DA:76,0
DA:77,0
DA:78,0
DA:82,0
DA:83,0
DA:84,0
DA:85,0
DA:86,0
DA:88,0
DA:89,0
DA:90,0
DA:91,0
DA:92,0
DA:93,0
DA:94,0
DA:95,0
DA:96,0
DA:97,0
DA:98,0
DA:99,0
DA:100,0
DA:102,0
DA:103,0
DA:104,0
DA:106,0
DA:109,0
DA:110,0
DA:111,0
DA:112,0
DA:113,0
DA:116,0
DA:117,0
DA:118,0
DA:119,0
DA:120,0
DA:123,0
DA:124,0
DA:125,0
DA:126,0
DA:128,0
DA:129,0
DA:130,0
DA:131,0
DA:132,0
DA:133,0
DA:134,0
DA:135,0
DA:136,0
DA:137,0
DA:138,0
DA:139,0
DA:143,0
DA:144,0
DA:145,0
DA:146,0
DA:148,0
DA:149,0
DA:150,0
DA:152,0
DA:153,0
DA:154,0
DA:155,0
DA:156,0
DA:157,0
DA:158,0
DA:159,0
DA:162,0
DA:163,0
DA:164,0
DA:165,0
DA:166,0
DA:167,0
DA:168,0
DA:169,0
DA:170,0
DA:172,0
DA:173,0
DA:174,0
DA:175,0
DA:176,0
DA:177,0
DA:178,0
DA:180,0
DA:181,0
DA:182,0
DA:183,0
DA:184,0
DA:185,0
DA:186,0
DA:190,0
DA:191,0
DA:192,0
DA:193,0
DA:194,0
DA:195,0
DA:196,0
DA:197,0
DA:198,0
DA:199,0
DA:200,0
DA:202,0
DA:203,0
DA:204,0
DA:205,0
DA:208,0
DA:209,0
DA:210,0
DA:211,0
DA:212,0
DA:213,0
DA:214,0
DA:215,0
DA:216,0
DA:217,0
DA:218,0
DA:219,0
DA:220,0
DA:221,0
DA:222,0
DA:224,0
DA:225,0
DA:226,0
DA:227,0
DA:228,0
DA:229,0
DA:230,0
DA:232,0
DA:233,0
DA:234,0
DA:235,0
DA:236,0
DA:240,0
DA:241,0
DA:242,0
DA:243,0
DA:244,0
DA:245,0
DA:246,0
DA:247,0
DA:248,0
DA:249,0
DA:250,0
DA:252,0
DA:253,0
DA:254,0
DA:255,0
DA:256,0
DA:257,0
DA:259,0
DA:260,0
DA:261,0
DA:262,0
DA:264,0
DA:265,0
DA:268,0
DA:269,0
DA:270,0
DA:271,0
DA:272,0
DA:273,0
DA:274,0
DA:275,0
DA:276,0
DA:277,0
DA:278,0
DA:281,0
DA:282,0
DA:283,0
DA:284,0
DA:285,0
DA:286,0
DA:287,0
DA:289,0
DA:290,0
DA:291,0
DA:292,0
DA:293,0
DA:295,0
DA:296,0
DA:297,0
DA:298,0
DA:300,0
DA:301,0
DA:302,0
DA:304,0
DA:307,0
DA:308,0
DA:309,0
DA:310,0
DA:311,0
DA:312,0
DA:316,0
DA:317,0
DA:318,0
DA:319,0
DA:320,0
DA:322,0
DA:323,0
DA:324,0
DA:325,0
DA:327,0
DA:328,0
DA:329,0
DA:333,0
DA:335,0
DA:336,0
DA:337,0
DA:338,0
DA:341,0
DA:342,0
DA:343,0
DA:344,0
DA:345,0
DA:346,0
DA:349,0
DA:350,0
DA:351,0
DA:352,0
DA:354,0
DA:355,0
DA:356,0
DA:359,0
DA:360,0
DA:361,0
DA:362,0
DA:363,0
DA:364,0
DA:366,0
DA:367,0
DA:368,0
DA:370,0
DA:371,0
DA:372,0
DA:373,0
DA:375,0
DA:376,0
DA:377,0
DA:378,0
DA:379,0
DA:381,0
DA:382,0
DA:383,0
DA:385,0
DA:386,0
DA:387,0
DA:388,0
DA:389,0
DA:391,0
DA:392,0
DA:393,0
DA:396,0
DA:397,0
DA:398,0
DA:399,0
DA:400,0
DA:402,0
DA:403,0
DA:404,0
DA:405,0
DA:407,0
DA:408,0
DA:409,0
DA:410,0
DA:412,0
DA:413,0
DA:414,0
DA:417,0
DA:418,0
DA:419,0
DA:420,0
DA:421,0
DA:423,0
DA:424,0
DA:425,0
DA:426,0
DA:427,0
DA:428,0
DA:429,0
DA:431,0
DA:433,0
DA:436,0
DA:437,0
DA:438,0
DA:439,0
DA:440,0
DA:441,0
DA:442,0
DA:443,0
DA:445,0
DA:447,0
DA:448,0
DA:450,0
DA:451,0
DA:452,0
DA:453,0
DA:454,0
DA:456,0
DA:457,0
DA:458,0
DA:459,0
DA:460,0
DA:461,0
DA:462,0
DA:463,0
DA:464,0
DA:465,0
DA:467,0
DA:469,0
DA:470,0
DA:472,0
DA:473,0
DA:474,0
DA:475,0
DA:476,0
DA:477,0
DA:480,0
DA:481,0
DA:482,0
DA:483,0
DA:485,0
DA:486,0
DA:487,0
DA:488,0
DA:489,0
DA:490,0
DA:503,2
DA:504,2
DA:505,2
DA:507,6
DA:508,6
DA:509,14
DA:510,6
DA:511,6
DA:514,1
DA:515,1
DA:516,1
DA:517,1
DA:518,1
DA:519,1
DA:521,1
DA:522,1
DA:523,1
DA:524,1
DA:525,1
DA:527,1
DA:528,1
DA:529,1
DA:530,1
DA:531,1
DA:534,1
DA:535,1
DA:536,1
DA:537,1
DA:539,1
DA:540,1
DA:541,1
DA:542,1
DA:544,1
DA:545,1
DA:546,1
DA:547,1
DA:549,1
DA:550,1
DA:551,1
DA:552,1
DA:555,1
DA:556,1
DA:557,1
DA:558,1
DA:559,1
DA:561,1
DA:562,1
DA:563,1
DA:564,1
DA:566,1
DA:567,1
DA:568,1
DA:569,1
DA:570,1
DA:571,1
DA:573,1
DA:574,1
DA:575,1
DA:576,1
DA:577,1
DA:578,1
DA:579,1
DA:582,1
DA:584,1
DA:585,1
DA:586,1
DA:589,1
DA:590,1
DA:591,1
DA:592,1
DA:595,1
DA:596,1
DA:597,1
DA:598,1
DA:600,1
DA:601,1
DA:602,1
DA:604,1
DA:605,1
DA:606,1
DA:607,1
DA:608,1
DA:611,1
DA:612,1
DA:613,1
DA:614,1
DA:615,1
DA:616,1
DA:617,1
DA:618,1
DA:621,1
DA:622,1
DA:623,1
DA:624,1
DA:625,1
DA:626,1
DA:627,1
DA:630,1
DA:631,1
DA:632,1
DA:633,1
DA:634,1
DA:635,1
DA:636,1
DA:639,1
DA:640,1
DA:641,1
DA:642,1
DA:643,1
DA:646,1
DA:648,1
DA:649,1
DA:652,1
DA:653,1
DA:654,1
DA:657,1
DA:658,1
DA:662,1
DA:664,1
DA:667,1
DA:668,1
DA:671,1
DA:672,1
DA:673,1
DA:675,1
DA:676,1
DA:677,1
DA:680,1
DA:682,1
DA:683,1
DA:684,1
DA:685,1
DA:687,1
DA:688,1
DA:691,1
DA:692,1
DA:695,1
DA:696,1
DA:699,1
DA:700,1
DA:701,1
DA:704,1
DA:705,1
DA:706,1
DA:707,1
DA:709,1
DA:710,1
DA:711,1
DA:712,1
DA:713,1
DA:714,1
BRF:0
BRH:0
LF:516
LH:152
end_of_record
SF:/home/runner/work/matrix/matrix/Lorenzo/src/my_mat.rs
FN:255,_RNvXsb_NtCsafGrTyEUcG4_7Lorenzo6my_matINtNtCs683cS2wci1u_5alloc3vec3VecIBB_IBB_IBB_lEEEEINtB5_6NestedlE12flatten_intoB7_
FN:234,_RNvXsb_NtCsafGrTyEUcG4_7Lorenzo6my_matINtNtCs683cS2wci1u_5alloc3vec3VecIBB_IBB_IBB_lEEEEINtB5_6NestedlE13shape_checkedB7_
FN:255,_RNvXsb_NtCsafGrTyEUcG4_7Lorenzo6my_matINtNtCs683cS2wci1u_5alloc3vec3VecIBB_IBB_lEEEINtB5_6NestedlE12flatten_intoB7_
FN:234,_RNvXsb_NtCsafGrTyEUcG4_7Lorenzo6my_matINtNtCs683cS2wci1u_5alloc3vec3VecIBB_IBB_lEEEINtB5_6NestedlE13shape_checkedB7_
FN:255,_RNvXsb_NtCsafGrTyEUcG4_7Lorenzo6my_matINtNtCs683cS2wci1u_5alloc3vec3VecIBB_INtCs3Zh26mTyP8f_11num_complex7ComplexdEEEINtB5_6NestedB1b_E12flatten_intoB7_
FN:234,_RNvXsb_NtCsafGrTyEUcG4_7Lorenzo6my_matINtNtCs683cS2wci1u_5alloc3vec3VecIBB_INtCs3Zh26mTyP8f_11num_complex7ComplexdEEEINtB5_6NestedB1b_E13shape_checkedB7_
FN:255,_RNvXsb_NtCsafGrTyEUcG4_7Lorenzo6my_matINtNtCs683cS2wci1u_5alloc3vec3VecIBB_dEEINtB5_6NesteddE12flatten_intoB7_
FN:234,_RNvXsb_NtCsafGrTyEUcG4_7Lorenzo6my_matINtNtCs683cS2wci1u_5alloc3vec3VecIBB_dEEINtB5_6NesteddE13shape_checkedB7_
FN:255,_RNvXsb_NtCsafGrTyEUcG4_7Lorenzo6my_matINtNtCs683cS2wci1u_5alloc3vec3VecIBB_lEEINtB5_6NestedlE12flatten_intoB7_
FN:234,_RNvXsb_NtCsafGrTyEUcG4_7Lorenzo6my_matINtNtCs683cS2wci1u_5alloc3vec3VecIBB_lEEINtB5_6NestedlE13shape_checkedB7_
FN:255,_RNvXsb_NtCsafGrTyEUcG4_7Lorenzo6my_matINtNtCs683cS2wci1u_5alloc3vec3VecINtCs3Zh26mTyP8f_11num_complex7ComplexdEEINtB5_6NestedB17_E12flatten_intoB7_
FN:234,_RNvXsb_NtCsafGrTyEUcG4_7Lorenzo6my_matINtNtCs683cS2wci1u_5alloc3vec3VecINtCs3Zh26mTyP8f_11num_complex7ComplexdEEINtB5_6NestedB17_E13shape_checkedB7_
FN:255,_RNvXsb_NtCsafGrTyEUcG4_7Lorenzo6my_matINtNtCs683cS2wci1u_5alloc3vec3VecdEINtB5_6NesteddE12flatten_intoB7_
FN:234,_RNvXsb_NtCsafGrTyEUcG4_7Lorenzo6my_matINtNtCs683cS2wci1u_5alloc3vec3VecdEINtB5_6NesteddE13shape_checkedB7_
FN:255,_RNvXsb_NtCsafGrTyEUcG4_7Lorenzo6my_matINtNtCs683cS2wci1u_5alloc3vec3VeclEINtB5_6NestedlE12flatten_intoB7_
FN:234,_RNvXsb_NtCsafGrTyEUcG4_7Lorenzo6my_matINtNtCs683cS2wci1u_5alloc3vec3VeclEINtB5_6NestedlE13shape_checkedB7_
FN:266,_RINvMsc_NtCsafGrTyEUcG4_7Lorenzo6my_matINtB6_6MatrixINtCs3Zh26mTyP8f_11num_complex7ComplexdEE15try_from_nestedINtNtCs683cS2wci1u_5alloc3vec3VecBO_EEB8_
FN:266,_RINvMsc_NtCsafGrTyEUcG4_7Lorenzo6my_matINtB6_6MatrixINtCs3Zh26mTyP8f_11num_complex7ComplexdEE15try_from_nestedINtNtCs683cS2wci1u_5alloc3vec3VecIB1L_BO_EEEB8_
FN:266,_RINvMsc_NtCsafGrTyEUcG4_7Lorenzo6my_matINtB6_6MatrixdE15try_from_nestedINtNtCs683cS2wci1u_5alloc3vec3VecIB18_dEEEB8_
FN:266,_RINvMsc_NtCsafGrTyEUcG4_7Lorenzo6my_matINtB6_6MatrixdE15try_from_nestedINtNtCs683cS2wci1u_5alloc3vec3VecdEEB8_
FN:266,_RINvMsc_NtCsafGrTyEUcG4_7Lorenzo6my_matINtB6_6MatrixlE15try_from_nestedINtNtCs683cS2wci1u_5alloc3vec3VecIB18_IB18_IB18_lEEEEEB8_
FN:266,_RINvMsc_NtCsafGrTyEUcG4_7Lorenzo6my_matINtB6_6MatrixlE15try_from_nestedINtNtCs683cS2wci1u_5alloc3vec3VecIB18_IB18_lEEEEB8_
FN:266,_RINvMsc_NtCsafGrTyEUcG4_7Lorenzo6my_matINtB6_6MatrixlE15try_from_nestedINtNtCs683cS2wci1u_5alloc3vec3VecIB18_lEEEB8_
FN:266,_RINvMsc_NtCsafGrTyEUcG4_7Lorenzo6my_matINtB6_6MatrixlE15try_from_nestedINtNtCs683cS2wci1u_5alloc3vec3VeclEEB8_
FN:289,_RINvMsc_NtCsafGrTyEUcG4_7Lorenzo6my_matINtB6_6MatrixlE21from_nested_uncheckedINtNtCs683cS2wci1u_5alloc3vec3VecIB1e_IB1e_lEEEEB8_
FN:289,_RINvMsc_NtCsafGrTyEUcG4_7Lorenzo6my_matINtB6_6MatrixlE21from_nested_uncheckedINtNtCs683cS2wci1u_5alloc3vec3VecIB1e_lEEEB8_
FN:289,_RINvMsc_NtCsafGrTyEUcG4_7Lorenzo6my_matINtB6_6MatrixlE21from_nested_uncheckedINtNtCs683cS2wci1u_5alloc3vec3VeclEEB8_
FN:56,_RNCNvMNtCsafGrTyEUcG4_7Lorenzo6my_matINtB4_6MatrixINtCs3Zh26mTyP8f_11num_complex7ComplexdEE3get0B6_
FN:61,_RNCNvMNtCsafGrTyEUcG4_7Lorenzo6my_matINtB4_6MatrixINtCs3Zh26mTyP8f_11num_complex7ComplexdEE7get_mut0B6_
FN:56,_RNCNvMNtCsafGrTyEUcG4_7Lorenzo6my_matINtB4_6MatrixdE3get0B6_
FN:61,_RNCNvMNtCsafGrTyEUcG4_7Lorenzo6my_matINtB4_6MatrixdE7get_mut0B6_
FN:56,_RNCNvMNtCsafGrTyEUcG4_7Lorenzo6my_matINtB4_6MatrixlE3get0B6_
FN:61,_RNCNvMNtCsafGrTyEUcG4_7Lorenzo6my_matINtB4_6MatrixlE7get_mut0B6_
FN:40,_RNvMNtCsafGrTyEUcG4_7Lorenzo6my_matINtB2_6MatrixINtCs3Zh26mTyP8f_11num_complex7ComplexdEE10index_flatB4_
FN:55,_RNvMNtCsafGrTyEUcG4_7Lorenzo6my_matINtB2_6MatrixINtCs3Zh26mTyP8f_11num_complex7ComplexdEE3getB4_
FN:18,_RNvMNtCsafGrTyEUcG4_7Lorenzo6my_matINtB2_6MatrixINtCs3Zh26mTyP8f_11num_complex7ComplexdEE3newB4_
FN:35,_RNvMNtCsafGrTyEUcG4_7Lorenzo6my_matINtB2_6MatrixINtCs3Zh26mTyP8f_11num_complex7ComplexdEE4dimsB4_
FN:60,_RNvMNtCsafGrTyEUcG4_7Lorenzo6my_matINtB2_6MatrixINtCs3Zh26mTyP8f_11num_complex7ComplexdEE7get_mutB4_
FN:74,_RNvMNtCsafGrTyEUcG4_7Lorenzo6my_matINtB2_6MatrixINtCs3Zh26mTyP8f_11num_complex7ComplexdEE9is_squareB4_
FN:40,_RNvMNtCsafGrTyEUcG4_7Lorenzo6my_matINtB2_6MatrixdE10index_flatB4_
FN:65,_RNvMNtCsafGrTyEUcG4_7Lorenzo6my_matINtB2_6MatrixdE11linear_iterB4_
FN:55,_RNvMNtCsafGrTyEUcG4_7Lorenzo6my_matINtB2_6MatrixdE3getB4_
FN:18,_RNvMNtCsafGrTyEUcG4_7Lorenzo6my_matINtB2_6MatrixdE3newB4_
FN:35,_RNvMNtCsafGrTyEUcG4_7Lorenzo6my_matINtB2_6MatrixdE4dimsB4_
FN:60,_RNvMNtCsafGrTyEUcG4_7Lorenzo6my_matINtB2_6MatrixdE7get_mutB4_
FN:74,_RNvMNtCsafGrTyEUcG4_7Lorenzo6my_matINtB2_6MatrixdE9is_squareB4_
FN:40,_RNvMNtCsafGrTyEUcG4_7Lorenzo6my_matINtB2_6MatrixlE10index_flatB4_
FN:65,_RNvMNtCsafGrTyEUcG4_7Lorenzo6my_matINtB2_6MatrixlE11linear_iterB4_
FN:86,_RNvMNtCsafGrTyEUcG4_7Lorenzo6my_matINtB2_6MatrixlE19format_nd_recursiveB4_
FN:55,_RNvMNtCsafGrTyEUcG4_7Lorenzo6my_matINtB2_6MatrixlE3getB4_
FN:18,_RNvMNtCsafGrTyEUcG4_7Lorenzo6my_matINtB2_6MatrixlE3newB4_
FN:35,_RNvMNtCsafGrTyEUcG4_7Lorenzo6my_matINtB2_6MatrixlE4dimsB4_
FN:60,_RNvMNtCsafGrTyEUcG4_7Lorenzo6my_matINtB2_6MatrixlE7get_mutB4_
FN:74,_RNvMNtCsafGrTyEUcG4_7Lorenzo6my_matINtB2_6MatrixlE9is_squareB4_
FN:321,_RNvMsd_NtCsafGrTyEUcG4_7Lorenzo6my_matINtB5_6MatrixlE14from_vector_1dB7_
FN:308,_RNvMsd_NtCsafGrTyEUcG4_7Lorenzo6my_matINtB5_6MatrixlE15from_vector_rowB7_
FN:334,_RNvMsd_NtCsafGrTyEUcG4_7Lorenzo6my_matINtB5_6MatrixlE15try_from_vectorB7_
FN:136,_RNvNtCsafGrTyEUcG4_7Lorenzo6my_mat15compute_strides
FN:151,_RNvXs_NtCsafGrTyEUcG4_7Lorenzo6my_matINtB4_6MatrixINtCs3Zh26mTyP8f_11num_complex7ComplexdEEINtNtNtCs5swZZAOpjlf_4core3ops5index5IndexRSjE5indexB6_
FN:151,_RNvXs_NtCsafGrTyEUcG4_7Lorenzo6my_matINtB4_6MatrixdEINtNtNtCs5swZZAOpjlf_4core3ops5index5IndexRSjE5indexB6_
FN:151,_RNvXs_NtCsafGrTyEUcG4_7Lorenzo6my_matINtB4_6MatrixlEINtNtNtCs5swZZAOpjlf_4core3ops5index5IndexRSjE5indexB6_
FN:225,_RNvXsa_NtCsafGrTyEUcG4_7Lorenzo6my_matdINtB5_6NesteddE12flatten_intoB7_
FN:222,_RNvXsa_NtCsafGrTyEUcG4_7Lorenzo6my_matdINtB5_6NesteddE13shape_checkedB7_
FN:225,_RNvXsa_NtCsafGrTyEUcG4_7Lorenzo6my_matlINtB5_6NestedlE12flatten_intoB7_
FN:222,_RNvXsa_NtCsafGrTyEUcG4_7Lorenzo6my_matlINtB5_6NestedlE13shape_checkedB7_
FN:376,_RNvXsf_NtCsafGrTyEUcG4_7Lorenzo6my_matINtB5_6MatrixlENtNtCs5swZZAOpjlf_4core3fmt7Display3fmtB7_
FN:450,_RNvXsi_NtCsafGrTyEUcG4_7Lorenzo6my_matQINtB5_6MatrixdENtNtNtNtCs5swZZAOpjlf_4core4iter6traits7collect12IntoIterator9into_iterB7_
FN:474,_RNvNtNtCsafGrTyEUcG4_7Lorenzo6my_mat5testss_17creates_1d_matrix
FN:507,_RNvNtNtCsafGrTyEUcG4_7Lorenzo6my_mat5testss_17creates_3d_matrix
FN:583,_RNvNtNtCsafGrTyEUcG4_7Lorenzo6my_mat5testss_17creates_4d_matrix
FN:624,_RNvNtNtCsafGrTyEUcG4_7Lorenzo6my_mat5testss_17creates_5d_matrix
FN:551,_RNvNtNtCsafGrTyEUcG4_7Lorenzo6my_mat5testss_21empty_inner_dimension
FN:544,_RNvNtNtCsafGrTyEUcG4_7Lorenzo6my_mat5testss_21empty_outer_dimension
FN:660,_RNvNtNtCsafGrTyEUcG4_7Lorenzo6my_mat5testss_22test_1d_matrix_display
FN:667,_RNvNtNtCsafGrTyEUcG4_7Lorenzo6my_mat5testss_22test_2d_matrix_display
FN:573,_RNvNtNtCsafGrTyEUcG4_7Lorenzo6my_mat5testss_24supports_complex_scalars
FN:674,_RNvNtNtCsafGrTyEUcG4_7Lorenzo6my_mat5testss_25test_empty_matrix_display
FN:559,_RNvNtNtCsafGrTyEUcG4_7Lorenzo6my_mat5testss_29irregular_siblings_return_err
FN:567,_RNvNtNtCsafGrTyEUcG4_7Lorenzo6my_mat5testss_29unchecked_panics_on_irregular
FN:682,_RNvNtNtCsafGrTyEUcG4_7Lorenzo6my_mat5testss_32test_matrix_from_vector_examples
FN:484,_RNvNtNtCsafGrTyEUcG4_7Lorenzo6my_mat5testss_40creates_2d_matrix_and_order_is_row_major
FN:225,_RNvXsa_NtCsafGrTyEUcG4_7Lorenzo6my_matINtCs3Zh26mTyP8f_11num_complex7ComplexdEINtB5_6NestedBA_E12flatten_intoB7_
FN:222,_RNvXsa_NtCsafGrTyEUcG4_7Lorenzo6my_matINtCs3Zh26mTyP8f_11num_complex7ComplexdEINtB5_6NestedBA_E13shape_checkedB7_
FN:78,_RNvMNtCsafGrTyEUcG4_7Lorenzo6my_matINtB2_6MatrixpE10data_cloneB4_
FN:70,_RNvMNtCsafGrTyEUcG4_7Lorenzo6my_matINtB2_6MatrixpE3lenB4_
FN:353,_RNvMsd_NtCsafGrTyEUcG4_7Lorenzo6my_matINtB5_6MatrixpE21from_vector_uncheckedB7_
FN:163,_RNvXININtCsafGrTyEUcG4_7Lorenzo6my_mats0_0pEINtB5_6MatrixpEINtNtNtCs5swZZAOpjlf_4core3ops5index8IndexMutRSjE9index_mutB7_
FN:177,_RNvXININtCsafGrTyEUcG4_7Lorenzo6my_mats1_0pEINtB5_6MatrixpEINtNtNtCs5swZZAOpjlf_4core3ops5index5IndexjE5indexB7_
FN:189,_RNvXININtCsafGrTyEUcG4_7Lorenzo6my_mats2_0pEINtB5_6MatrixpEINtNtNtCs5swZZAOpjlf_4core3ops5index8IndexMutjE9index_mutB7_
FN:365,_RNvXININtCsafGrTyEUcG4_7Lorenzo6my_matse_0pEINtB5_6MatrixpEINtNtCs5swZZAOpjlf_4core7convert4FromINtNtB7_7my_vect6VectorpEE4fromB7_
FN:427,_RNvXININtCsafGrTyEUcG4_7Lorenzo6my_matsg_0pEINtB5_6MatrixpENtNtNtNtCs5swZZAOpjlf_4core4iter6traits7collect12IntoIterator9into_iterB7_
FN:439,_RNvXININtCsafGrTyEUcG4_7Lorenzo6my_matsh_0pERINtB5_6MatrixpENtNtNtNtCs5swZZAOpjlf_4core4iter6traits7collect12IntoIterator9into_iterB7_
FNDA:1,_RNvXsb_NtCsafGrTyEUcG4_7Lorenzo6my_matINtNtCs683cS2wci1u_5alloc3vec3VecIBB_IBB_IBB_lEEEEINtB5_6NestedlE12flatten_intoB7_
FNDA:1,_RNvXsb_NtCsafGrTyEUcG4_7Lorenzo6my_matINtNtCs683cS2wci1u_5alloc3vec3VecIBB_IBB_IBB_lEEEEINtB5_6NestedlE13shape_checkedB7_
FNDA:6,_RNvXsb_NtCsafGrTyEUcG4_7Lorenzo6my_matINtNtCs683cS2wci1u_5alloc3vec3VecIBB_IBB_lEEEINtB5_6NestedlE12flatten_intoB7_
FNDA:6,_RNvXsb_NtCsafGrTyEUcG4_7Lorenzo6my_matINtNtCs683cS2wci1u_5alloc3vec3VecIBB_IBB_lEEEINtB5_6NestedlE13shape_checkedB7_
FNDA:4,_RNvXsb_NtCsafGrTyEUcG4_7Lorenzo6my_matINtNtCs683cS2wci1u_5alloc3vec3VecIBB_INtCs3Zh26mTyP8f_11num_complex7ComplexdEEEINtB5_6NestedB1b_E12flatten_intoB7_
FNDA:4,_RNvXsb_NtCsafGrTyEUcG4_7Lorenzo6my_matINtNtCs683cS2wci1u_5alloc3vec3VecIBB_INtCs3Zh26mTyP8f_11num_complex7ComplexdEEEINtB5_6NestedB1b_E13shape_checkedB7_
FNDA:45,_RNvXsb_NtCsafGrTyEUcG4_7Lorenzo6my_matINtNtCs683cS2wci1u_5alloc3vec3VecIBB_dEEINtB5_6NesteddE12flatten_intoB7_
FNDA:45,_RNvXsb_NtCsafGrTyEUcG4_7Lorenzo6my_matINtNtCs683cS2wci1u_5alloc3vec3VecIBB_dEEINtB5_6NesteddE13shape_checkedB7_
FNDA:37,_RNvXsb_NtCsafGrTyEUcG4_7Lorenzo6my_matINtNtCs683cS2wci1u_5alloc3vec3VecIBB_lEEINtB5_6NestedlE12flatten_intoB7_
FNDA:39,_RNvXsb_NtCsafGrTyEUcG4_7Lorenzo6my_matINtNtCs683cS2wci1u_5alloc3vec3VecIBB_lEEINtB5_6NestedlE13shape_checkedB7_
FNDA:9,_RNvXsb_NtCsafGrTyEUcG4_7Lorenzo6my_matINtNtCs683cS2wci1u_5alloc3vec3VecINtCs3Zh26mTyP8f_11num_complex7ComplexdEEINtB5_6NestedB17_E12flatten_intoB7_
FNDA:9,_RNvXsb_NtCsafGrTyEUcG4_7Lorenzo6my_matINtNtCs683cS2wci1u_5alloc3vec3VecINtCs3Zh26mTyP8f_11num_complex7ComplexdEEINtB5_6NestedB17_E13shape_checkedB7_
FNDA:95,_RNvXsb_NtCsafGrTyEUcG4_7Lorenzo6my_matINtNtCs683cS2wci1u_5alloc3vec3VecdEINtB5_6NesteddE12flatten_intoB7_
FNDA:95,_RNvXsb_NtCsafGrTyEUcG4_7Lorenzo6my_matINtNtCs683cS2wci1u_5alloc3vec3VecdEINtB5_6NesteddE13shape_checkedB7_
FNDA:101,_RNvXsb_NtCsafGrTyEUcG4_7Lorenzo6my_matINtNtCs683cS2wci1u_5alloc3vec3VeclEINtB5_6NestedlE12flatten_intoB7_
FNDA:105,_RNvXsb_NtCsafGrTyEUcG4_7Lorenzo6my_matINtNtCs683cS2wci1u_5alloc3vec3VeclEINtB5_6NestedlE13shape_checkedB7_
FNDA:1,_RINvMsc_NtCsafGrTyEUcG4_7Lorenzo6my_matINtB6_6MatrixINtCs3Zh26mTyP8f_11num_complex7ComplexdEE15try_from_nestedINtNtCs683cS2wci1u_5alloc3vec3VecBO_EEB8_
FNDA:4,_RINvMsc_NtCsafGrTyEUcG4_7Lorenzo6my_matINtB6_6MatrixINtCs3Zh26mTyP8f_11num_complex7ComplexdEE15try_from_nestedINtNtCs683cS2wci1u_5alloc3vec3VecIB1L_BO_EEEB8_
FNDA:45,_RINvMsc_NtCsafGrTyEUcG4_7Lorenzo6my_matINtB6_6MatrixdE15try_from_nestedINtNtCs683cS2wci1u_5alloc3vec3VecIB18_dEEEB8_
FNDA:1,_RINvMsc_NtCsafGrTyEUcG4_7Lorenzo6my_matINtB6_6MatrixdE15try_from_nestedINtNtCs683cS2wci1u_5alloc3vec3VecdEEB8_
FNDA:1,_RINvMsc_NtCsafGrTyEUcG4_7Lorenzo6my_matINtB6_6MatrixlE15try_from_nestedINtNtCs683cS2wci1u_5alloc3vec3VecIB18_IB18_IB18_lEEEEEB8_
FNDA:4,_RINvMsc_NtCsafGrTyEUcG4_7Lorenzo6my_matINtB6_6MatrixlE15try_from_nestedINtNtCs683cS2wci1u_5alloc3vec3VecIB18_IB18_lEEEEB8_
FNDA:27,_RINvMsc_NtCsafGrTyEUcG4_7Lorenzo6my_matINtB6_6MatrixlE15try_from_nestedINtNtCs683cS2wci1u_5alloc3vec3VecIB18_lEEEB8_
FNDA:13,_RINvMsc_NtCsafGrTyEUcG4_7Lorenzo6my_matINtB6_6MatrixlE15try_from_nestedINtNtCs683cS2wci1u_5alloc3vec3VeclEEB8_
FNDA:3,_RINvMsc_NtCsafGrTyEUcG4_7Lorenzo6my_matINtB6_6MatrixlE21from_nested_uncheckedINtNtCs683cS2wci1u_5alloc3vec3VecIB1e_IB1e_lEEEEB8_
FNDA:12,_RINvMsc_NtCsafGrTyEUcG4_7Lorenzo6my_matINtB6_6MatrixlE21from_nested_uncheckedINtNtCs683cS2wci1u_5alloc3vec3VecIB1e_lEEEB8_
FNDA:9,_RINvMsc_NtCsafGrTyEUcG4_7Lorenzo6my_matINtB6_6MatrixlE21from_nested_uncheckedINtNtCs683cS2wci1u_5alloc3vec3VeclEEB8_
FNDA:64,_RNCNvMNtCsafGrTyEUcG4_7Lorenzo6my_matINtB4_6MatrixINtCs3Zh26mTyP8f_11num_complex7ComplexdEE3get0B6_
FNDA:16,_RNCNvMNtCsafGrTyEUcG4_7Lorenzo6my_matINtB4_6MatrixINtCs3Zh26mTyP8f_11num_complex7ComplexdEE7get_mut0B6_
FNDA:399,_RNCNvMNtCsafGrTyEUcG4_7Lorenzo6my_matINtB4_6MatrixdE3get0B6_
FNDA:195,_RNCNvMNtCsafGrTyEUcG4_7Lorenzo6my_matINtB4_6MatrixdE7get_mut0B6_
FNDA:522,_RNCNvMNtCsafGrTyEUcG4_7Lorenzo6my_matINtB4_6MatrixlE3get0B6_
FNDA:15,_RNCNvMNtCsafGrTyEUcG4_7Lorenzo6my_matINtB4_6MatrixlE7get_mut0B6_
FNDA:84,_RNvMNtCsafGrTyEUcG4_7Lorenzo6my_matINtB2_6MatrixINtCs3Zh26mTyP8f_11num_complex7ComplexdEE10index_flatB4_
FNDA:64,_RNvMNtCsafGrTyEUcG4_7Lorenzo6my_matINtB2_6MatrixINtCs3Zh26mTyP8f_11num_complex7ComplexdEE3getB4_
FNDA:3,_RNvMNtCsafGrTyEUcG4_7Lorenzo6my_matINtB2_6MatrixINtCs3Zh26mTyP8f_11num_complex7ComplexdEE3newB4_
FNDA:9,_RNvMNtCsafGrTyEUcG4_7Lorenzo6my_matINtB2_6MatrixINtCs3Zh26mTyP8f_11num_complex7ComplexdEE4dimsB4_
FNDA:16,_RNvMNtCsafGrTyEUcG4_7Lorenzo6my_matINtB2_6MatrixINtCs3Zh26mTyP8f_11num_complex7ComplexdEE7get_mutB4_
FNDA:2,_RNvMNtCsafGrTyEUcG4_7Lorenzo6my_matINtB2_6MatrixINtCs3Zh26mTyP8f_11num_complex7ComplexdEE9is_squareB4_
FNDA:800,_RNvMNtCsafGrTyEUcG4_7Lorenzo6my_matINtB2_6MatrixdE10index_flatB4_
FNDA:28,_RNvMNtCsafGrTyEUcG4_7Lorenzo6my_matINtB2_6MatrixdE11linear_iterB4_
FNDA:399,_RNvMNtCsafGrTyEUcG4_7Lorenzo6my_matINtB2_6MatrixdE3getB4_
FNDA:16,_RNvMNtCsafGrTyEUcG4_7Lorenzo6my_matINtB2_6MatrixdE3newB4_
FNDA:99,_RNvMNtCsafGrTyEUcG4_7Lorenzo6my_matINtB2_6MatrixdE4dimsB4_
FNDA:195,_RNvMNtCsafGrTyEUcG4_7Lorenzo6my_matINtB2_6MatrixdE7get_mutB4_
FNDA:5,_RNvMNtCsafGrTyEUcG4_7Lorenzo6my_matINtB2_6MatrixdE9is_squareB4_
FNDA:598,_RNvMNtCsafGrTyEUcG4_7Lorenzo6my_matINtB2_6MatrixlE10index_flatB4_
FNDA:6,_RNvMNtCsafGrTyEUcG4_7Lorenzo6my_matINtB2_6MatrixlE11linear_iterB4_
FNDA:25,_RNvMNtCsafGrTyEUcG4_7Lorenzo6my_matINtB2_6MatrixlE19format_nd_recursiveB4_
FNDA:527,_RNvMNtCsafGrTyEUcG4_7Lorenzo6my_matINtB2_6MatrixlE3getB4_
FNDA:18,_RNvMNtCsafGrTyEUcG4_7Lorenzo6my_matINtB2_6MatrixlE3newB4_
FNDA:82,_RNvMNtCsafGrTyEUcG4_7Lorenzo6my_matINtB2_6MatrixlE4dimsB4_
FNDA:15,_RNvMNtCsafGrTyEUcG4_7Lorenzo6my_matINtB2_6MatrixlE7get_mutB4_
FNDA:5,_RNvMNtCsafGrTyEUcG4_7Lorenzo6my_matINtB2_6MatrixlE9is_squareB4_
FNDA:1,_RNvMsd_NtCsafGrTyEUcG4_7Lorenzo6my_matINtB5_6MatrixlE14from_vector_1dB7_
FNDA:1,_RNvMsd_NtCsafGrTyEUcG4_7Lorenzo6my_matINtB5_6MatrixlE15from_vector_rowB7_
FNDA:2,_RNvMsd_NtCsafGrTyEUcG4_7Lorenzo6my_matINtB5_6MatrixlE15try_from_vectorB7_
FNDA:135,_RNvNtCsafGrTyEUcG4_7Lorenzo6my_mat15compute_strides
FNDA:4,_RNvXs_NtCsafGrTyEUcG4_7Lorenzo6my_matINtB4_6MatrixINtCs3Zh26mTyP8f_11num_complex7ComplexdEEINtNtNtCs5swZZAOpjlf_4core3ops5index5IndexRSjE5indexB6_
FNDA:206,_RNvXs_NtCsafGrTyEUcG4_7Lorenzo6my_matINtB4_6MatrixdEINtNtNtCs5swZZAOpjlf_4core3ops5index5IndexRSjE5indexB6_
FNDA:56,_RNvXs_NtCsafGrTyEUcG4_7Lorenzo6my_matINtB4_6MatrixlEINtNtNtCs5swZZAOpjlf_4core3ops5index5IndexRSjE5indexB6_
FNDA:224,_RNvXsa_NtCsafGrTyEUcG4_7Lorenzo6my_matdINtB5_6NesteddE12flatten_intoB7_
FNDA:224,_RNvXsa_NtCsafGrTyEUcG4_7Lorenzo6my_matdINtB5_6NesteddE13shape_checkedB7_
FNDA:286,_RNvXsa_NtCsafGrTyEUcG4_7Lorenzo6my_matlINtB5_6NestedlE12flatten_intoB7_
FNDA:292,_RNvXsa_NtCsafGrTyEUcG4_7Lorenzo6my_matlINtB5_6NestedlE13shape_checkedB7_
FNDA:10,_RNvXsf_NtCsafGrTyEUcG4_7Lorenzo6my_matINtB5_6MatrixlENtNtCs5swZZAOpjlf_4core3fmt7Display3fmtB7_
FNDA:2,_RNvXsi_NtCsafGrTyEUcG4_7Lorenzo6my_matQINtB5_6MatrixdENtNtNtNtCs5swZZAOpjlf_4core4iter6traits7collect12IntoIterator9into_iterB7_
FNDA:1,_RNvNtNtCsafGrTyEUcG4_7Lorenzo6my_mat5testss_17creates_1d_matrix
FNDA:1,_RNvNtNtCsafGrTyEUcG4_7Lorenzo6my_mat5testss_17creates_3d_matrix
FNDA:1,_RNvNtNtCsafGrTyEUcG4_7Lorenzo6my_mat5testss_17creates_4d_matrix
FNDA:1,_RNvNtNtCsafGrTyEUcG4_7Lorenzo6my_mat5testss_17creates_5d_matrix
FNDA:1,_RNvNtNtCsafGrTyEUcG4_7Lorenzo6my_mat5testss_21empty_inner_dimension
FNDA:1,_RNvNtNtCsafGrTyEUcG4_7Lorenzo6my_mat5testss_21empty_outer_dimension
FNDA:1,_RNvNtNtCsafGrTyEUcG4_7Lorenzo6my_mat5testss_22test_1d_matrix_display
FNDA:1,_RNvNtNtCsafGrTyEUcG4_7Lorenzo6my_mat5testss_22test_2d_matrix_display
FNDA:1,_RNvNtNtCsafGrTyEUcG4_7Lorenzo6my_mat5testss_24supports_complex_scalars
FNDA:1,_RNvNtNtCsafGrTyEUcG4_7Lorenzo6my_mat5testss_25test_empty_matrix_display
FNDA:1,_RNvNtNtCsafGrTyEUcG4_7Lorenzo6my_mat5testss_29irregular_siblings_return_err
FNDA:1,_RNvNtNtCsafGrTyEUcG4_7Lorenzo6my_mat5testss_29unchecked_panics_on_irregular
FNDA:1,_RNvNtNtCsafGrTyEUcG4_7Lorenzo6my_mat5testss_32test_matrix_from_vector_examples
FNDA:1,_RNvNtNtCsafGrTyEUcG4_7Lorenzo6my_mat5testss_40creates_2d_matrix_and_order_is_row_major
FNDA:18,_RNvXsa_NtCsafGrTyEUcG4_7Lorenzo6my_matINtCs3Zh26mTyP8f_11num_complex7ComplexdEINtB5_6NestedBA_E12flatten_intoB7_
FNDA:18,_RNvXsa_NtCsafGrTyEUcG4_7Lorenzo6my_matINtCs3Zh26mTyP8f_11num_complex7ComplexdEINtB5_6NestedBA_E13shape_checkedB7_
FNDA:0,_RNvMNtCsafGrTyEUcG4_7Lorenzo6my_matINtB2_6MatrixpE10data_cloneB4_
FNDA:0,_RNvMNtCsafGrTyEUcG4_7Lorenzo6my_matINtB2_6MatrixpE3lenB4_
FNDA:0,_RNvMsd_NtCsafGrTyEUcG4_7Lorenzo6my_matINtB5_6MatrixpE21from_vector_uncheckedB7_
FNDA:0,_RNvXININtCsafGrTyEUcG4_7Lorenzo6my_mats0_0pEINtB5_6MatrixpEINtNtNtCs5swZZAOpjlf_4core3ops5index8IndexMutRSjE9index_mutB7_
FNDA:0,_RNvXININtCsafGrTyEUcG4_7Lorenzo6my_mats1_0pEINtB5_6MatrixpEINtNtNtCs5swZZAOpjlf_4core3ops5index5IndexjE5indexB7_
FNDA:0,_RNvXININtCsafGrTyEUcG4_7Lorenzo6my_mats2_0pEINtB5_6MatrixpEINtNtNtCs5swZZAOpjlf_4core3ops5index8IndexMutjE9index_mutB7_
FNDA:0,_RNvXININtCsafGrTyEUcG4_7Lorenzo6my_matse_0pEINtB5_6MatrixpEINtNtCs5swZZAOpjlf_4core7convert4FromINtNtB7_7my_vect6VectorpEE4fromB7_
FNDA:0,_RNvXININtCsafGrTyEUcG4_7Lorenzo6my_matsg_0pEINtB5_6MatrixpENtNtNtNtCs5swZZAOpjlf_4core4iter6traits7collect12IntoIterator9into_iterB7_
FNDA:0,_RNvXININtCsafGrTyEUcG4_7Lorenzo6my_matsh_0pERINtB5_6MatrixpENtNtNtNtCs5swZZAOpjlf_4core4iter6traits7collect12IntoIterator9into_iterB7_
FNF:46
FNH:37
DA:18,37
DA:19,37
DA:20,37
DA:21,37
DA:22,0
DA:23,0
DA:26,37
DA:27,37
DA:28,37
DA:29,37
DA:30,37
DA:31,37
DA:32,37
DA:35,190
DA:36,190
DA:37,190
DA:40,1482
DA:41,1482
DA:42,0
DA:43,1482
DA:44,1482
DA:45,3289
DA:46,3289
DA:47,5
DA:48,3284
DA:49,3284
DA:51,1477
DA:52,1482
DA:55,990
DA:56,990
DA:57,990
DA:60,226
DA:61,226
DA:62,226
DA:65,34
DA:66,34
DA:67,34
DA:70,0
DA:71,0
DA:72,0
DA:74,12
DA:75,12
DA:76,12
DA:78,0
DA:79,0
DA:80,0
DA:82,0
DA:83,0
DA:86,25
DA:87,25
DA:88,25
DA:89,25
DA:90,25
DA:91,25
DA:92,25
DA:93,25
DA:95,25
DA:96,25
DA:98,14
DA:99,14
DA:100,14
DA:101,30
DA:102,30
DA:103,16
DA:104,14
DA:105,30
DA:106,72
DA:107,72
DA:108,42
DA:109,30
DA:110,72
DA:111,72
DA:112,72
DA:113,72
DA:114,72
DA:115,0
DA:117,30
DA:119,14
DA:122,11
DA:123,22
DA:124,22
DA:125,11
DA:126,11
DA:127,22
DA:128,22
DA:129,22
DA:131,11
DA:133,25
DA:136,135
DA:137,135
DA:138,135
DA:139,135
DA:140,262
DA:141,262
DA:142,262
DA:143,262
DA:144,135
DA:145,135
DA:151,266
DA:152,266
DA:153,266
DA:154,0
DA:155,0
DA:159,266
DA:163,0
DA:164,0
DA:165,0
DA:166,0
DA:167,0
DA:171,0
DA:177,0
DA:178,0
DA:179,0
DA:180,0
DA:181,0
DA:183,0
DA:184,0
DA:185,0
DA:189,0
DA:190,0
DA:191,0
DA:192,0
DA:193,0
DA:195,0
DA:196,0
DA:197,0
DA:222,534
DA:223,534
DA:224,534
DA:225,528
DA:226,528
DA:227,528
DA:234,304
DA:235,304
DA:237,5
DA:238,299
DA:239,299
DA:240,443
DA:241,443
DA:242,443
DA:243,2
DA:244,2
DA:245,2
DA:246,2
DA:247,441
DA:249,297
DA:250,297
DA:251,297
DA:252,297
DA:253,304
DA:255,298
DA:256,1030
DA:257,732
DA:258,732
DA:259,298
DA:266,96
DA:267,96
DA:268,96
DA:270,96
DA:271,94
DA:272,94
DA:273,94
DA:274,94
DA:275,0
DA:276,0
DA:277,0
DA:278,0
DA:279,0
DA:280,94
DA:281,94
DA:282,94
DA:283,94
DA:284,94
DA:285,94
DA:286,94
DA:287,96
DA:289,24
DA:290,24
DA:291,24
DA:293,24
DA:294,23
DA:295,1
DA:297,23
DA:308,1
DA:309,1
DA:310,1
DA:311,1
DA:312,1
DA:313,1
DA:314,1
DA:315,1
DA:316,1
DA:317,1
DA:318,1
DA:321,1
DA:322,1
DA:323,1
DA:324,1
DA:325,1
DA:326,1
DA:327,1
DA:328,1
DA:329,1
DA:330,1
DA:331,1
DA:334,2
DA:335,2
DA:336,2
DA:337,2
DA:338,2
DA:339,0
DA:340,0
DA:341,0
DA:342,0
DA:343,2
DA:344,2
DA:345,2
DA:346,2
DA:347,2
DA:348,2
DA:349,2
DA:350,2
DA:353,0
DA:354,0
DA:355,0
DA:356,0
DA:358,0
DA:365,0
DA:366,0
DA:367,0
DA:376,10
DA:377,10
DA:378,10
DA:379,0
DA:381,3
DA:382,10
DA:383,10
DA:384,8
DA:385,2
DA:386,10
DA:387,10
DA:388,0
DA:390,3
DA:393,4
DA:394,4
DA:395,8
DA:396,8
DA:397,4
DA:398,4
DA:399,8
DA:400,22
DA:401,22
DA:402,14
DA:403,8
DA:404,22
DA:405,22
DA:406,0
DA:408,8
DA:410,4
DA:414,3
DA:417,10
DA:427,0
DA:428,0
DA:429,0
DA:439,0
DA:440,0
DA:441,0
DA:450,2
DA:451,2
DA:452,2
DA:474,1
DA:475,1
DA:476,1
DA:477,1
DA:478,1
DA:479,1
DA:480,1
DA:481,1
DA:484,1
DA:486,1
DA:487,1
DA:488,1
DA:491,1
DA:492,1
DA:493,1
DA:494,1
DA:497,1
DA:498,4
DA:499,9
DA:500,6
DA:501,6
DA:503,1
DA:504,1
DA:507,1
DA:508,1
DA:509,1
DA:510,1
DA:512,1
DA:513,2
DA:514,2
DA:515,6
DA:516,6
DA:517,24
DA:518,24
DA:519,24
DA:520,6
DA:522,2
DA:524,1
DA:525,1
DA:527,1
DA:528,1
DA:529,1
DA:530,1
DA:531,1
DA:532,1
DA:535,1
DA:537,1
DA:538,1
DA:539,1
DA:540,1
DA:541,1
DA:544,1
DA:545,1
DA:546,1
DA:547,1
DA:548,1
DA:551,1
DA:552,1
DA:553,1
DA:554,1
DA:555,1
DA:556,1
DA:559,1
DA:560,1
DA:561,1
DA:562,1
DA:563,1
DA:567,1
DA:568,1
DA:569,1
DA:570,1
DA:573,1
DA:575,1
DA:576,1
DA:577,1
DA:578,1
DA:579,1
DA:580,1
DA:583,1
DA:585,1
DA:586,1
DA:587,1
DA:588,1
DA:590,1
DA:591,2
DA:592,2
DA:593,4
DA:594,4
DA:595,8
DA:596,8
DA:597,16
DA:598,16
DA:599,16
DA:600,8
DA:602,4
DA:604,2
DA:607,1
DA:608,1
DA:611,1
DA:612,1
DA:613,1
DA:614,1
DA:617,1
DA:618,1
DA:619,1
DA:620,1
DA:621,1
DA:624,1
DA:626,1
DA:627,1
DA:630,2
DA:631,4
DA:632,8
DA:633,16
DA:634,32
DA:635,32
DA:636,32
DA:637,32
DA:638,32
DA:639,32
DA:645,1
DA:646,1
DA:649,1
DA:650,1
DA:651,1
DA:654,1
DA:655,1
DA:656,1
DA:657,1
DA:660,1
DA:661,1
DA:662,1
DA:663,1
DA:664,1
DA:667,1
DA:668,1
DA:669,1
DA:670,1
DA:671,1
DA:674,1
DA:676,1
DA:677,1
DA:678,1
DA:679,1
DA:682,1
DA:684,1
DA:687,1
DA:688,1
DA:689,1
DA:692,1
DA:693,1
DA:694,1
DA:697,1
DA:698,1
DA:699,1
DA:702,1
DA:703,1
DA:704,1
DA:705,1
BRDA:41,0,0,0
BRDA:41,0,1,1482
BRDA:46,0,0,5
BRDA:46,0,1,3284
BRDA:75,0,0,12
BRDA:75,0,1,0
BRDA:96,0,0,14
BRDA:96,0,1,11
BRDA:102,0,0,16
BRDA:102,0,1,14
BRDA:107,0,0,42
BRDA:107,0,1,30
BRDA:113,0,0,72
BRDA:113,0,1,0
BRDA:124,0,0,11
BRDA:124,0,1,11
BRDA:235,0,0,5
BRDA:235,0,1,299
BRDA:242,0,0,2
BRDA:242,0,1,441
BRDA:274,0,0,0
BRDA:274,0,1,94
BRDA:338,0,0,0
BRDA:338,0,1,2
BRDA:383,0,0,8
BRDA:383,0,1,2
BRDA:386,0,0,10
BRDA:386,0,1,0
BRDA:396,0,0,4
BRDA:396,0,1,4
BRDA:401,0,0,14
BRDA:401,0,1,8
BRDA:404,0,0,22
BRDA:404,0,1,0
BRF:34
BRH:27
LF:431
LH:369
end_of_record
SF:/home/runner/work/matrix/matrix/Lorenzo/src/my_vect.rs
FN:17,_RNvMNtCsafGrTyEUcG4_7Lorenzo7my_vectINtB2_6VectordE8into_vecB4_
FN:17,_RNvMNtCsafGrTyEUcG4_7Lorenzo7my_vectINtB2_6VectorlE8into_vecB4_
FN:57,_RNvMs3_NtCsafGrTyEUcG4_7Lorenzo7my_vectINtB5_6VectorINtCs3Zh26mTyP8f_11num_complex7ComplexfEE3lenB7_
FN:62,_RNvMs3_NtCsafGrTyEUcG4_7Lorenzo7my_vectINtB5_6VectorINtCs3Zh26mTyP8f_11num_complex7ComplexfEE8as_sliceB7_
FN:57,_RNvMs3_NtCsafGrTyEUcG4_7Lorenzo7my_vectINtB5_6VectordE3lenB7_
FN:62,_RNvMs3_NtCsafGrTyEUcG4_7Lorenzo7my_vectINtB5_6VectordE8as_sliceB7_
FN:57,_RNvMs3_NtCsafGrTyEUcG4_7Lorenzo7my_vectINtB5_6VectorfE3lenB7_
FN:62,_RNvMs3_NtCsafGrTyEUcG4_7Lorenzo7my_vectINtB5_6VectorfE8as_sliceB7_
FN:57,_RNvMs3_NtCsafGrTyEUcG4_7Lorenzo7my_vectINtB5_6VectorlE3lenB7_
FN:62,_RNvMs3_NtCsafGrTyEUcG4_7Lorenzo7my_vectINtB5_6VectorlE8as_sliceB7_
FN:71,_RNvMs4_NtCsafGrTyEUcG4_7Lorenzo7my_vectINtB5_6VectordE4iterB7_
FN:71,_RNvMs4_NtCsafGrTyEUcG4_7Lorenzo7my_vectINtB5_6VectorfE4iterB7_
FN:174,_RNvMse_NtCsafGrTyEUcG4_7Lorenzo7my_vectINtB5_6VectordE3getB7_
FN:177,_RNvMse_NtCsafGrTyEUcG4_7Lorenzo7my_vectINtB5_6VectordE6resizeB7_
FN:174,_RNvMse_NtCsafGrTyEUcG4_7Lorenzo7my_vectINtB5_6VectorfE3getB7_
FN:174,_RNvMse_NtCsafGrTyEUcG4_7Lorenzo7my_vectINtB5_6VectorlE3getB7_
FN:32,_RNvXs0_NtCsafGrTyEUcG4_7Lorenzo7my_vectINtB5_6VectorINtCs3Zh26mTyP8f_11num_complex7ComplexfEEINtNtCs5swZZAOpjlf_4core7convert4FromINtNtCs683cS2wci1u_5alloc3vec3VecBO_EE4fromB7_
FN:32,_RNvXs0_NtCsafGrTyEUcG4_7Lorenzo7my_vectINtB5_6VectordEINtNtCs5swZZAOpjlf_4core7convert4FromINtNtCs683cS2wci1u_5alloc3vec3VecdEE4fromB7_
FN:32,_RNvXs0_NtCsafGrTyEUcG4_7Lorenzo7my_vectINtB5_6VectorfEINtNtCs5swZZAOpjlf_4core7convert4FromINtNtCs683cS2wci1u_5alloc3vec3VecfEE4fromB7_
FN:32,_RNvXs0_NtCsafGrTyEUcG4_7Lorenzo7my_vectINtB5_6VectorlEINtNtCs5swZZAOpjlf_4core7convert4FromINtNtCs683cS2wci1u_5alloc3vec3VeclEE4fromB7_
FN:38,_RNvXs1_NtCsafGrTyEUcG4_7Lorenzo7my_vectINtB5_6VectordEINtNtCs5swZZAOpjlf_4core7convert4FromAdj3_E4fromB7_
FN:38,_RNvXs1_NtCsafGrTyEUcG4_7Lorenzo7my_vectINtB5_6VectorfEINtNtCs5swZZAOpjlf_4core7convert4FromAfj3_E4fromB7_
FN:97,_RNvXs6_NtCsafGrTyEUcG4_7Lorenzo7my_vectINtB5_6VectordENtNtCs5swZZAOpjlf_4core3fmt5Debug3fmtB7_
FN:97,_RNvXs6_NtCsafGrTyEUcG4_7Lorenzo7my_vectINtB5_6VectorlENtNtCs5swZZAOpjlf_4core3fmt5Debug3fmtB7_
FN:107,_RNvXs7_NtCsafGrTyEUcG4_7Lorenzo7my_vectINtB5_6VectordENtNtCs5swZZAOpjlf_4core3cmp9PartialEq2eqB7_
FN:107,_RNvXs7_NtCsafGrTyEUcG4_7Lorenzo7my_vectINtB5_6VectorlENtNtCs5swZZAOpjlf_4core3cmp9PartialEq2eqB7_
FN:113,_RNvXs8_NtCsafGrTyEUcG4_7Lorenzo7my_vectINtB5_6VectordEINtNtNtCs5swZZAOpjlf_4core3ops5index8IndexMutjE9index_mutB7_
FN:126,_RNvXs9_NtCsafGrTyEUcG4_7Lorenzo7my_vectINtB5_6VectordENtNtNtNtCs5swZZAOpjlf_4core4iter6traits7collect12IntoIterator9into_iterB7_
FN:138,_RNvXsa_NtCsafGrTyEUcG4_7Lorenzo7my_vectRINtB5_6VectordENtNtNtNtCs5swZZAOpjlf_4core4iter6traits7collect12IntoIterator9into_iterB7_
FN:150,_RNvXsb_NtCsafGrTyEUcG4_7Lorenzo7my_vectQINtB5_6VectordENtNtNtNtCs5swZZAOpjlf_4core4iter6traits7collect12IntoIterator9into_iterB7_
FN:158,_RNvXsc_NtCsafGrTyEUcG4_7Lorenzo7my_vectINtB5_6VectorINtCs3Zh26mTyP8f_11num_complex7ComplexfEEINtNtNtCs5swZZAOpjlf_4core3ops5index5IndexjE5indexB7_
FN:158,_RNvXsc_NtCsafGrTyEUcG4_7Lorenzo7my_vectINtB5_6VectordEINtNtNtCs5swZZAOpjlf_4core3ops5index5IndexjE5indexB7_
FN:158,_RNvXsc_NtCsafGrTyEUcG4_7Lorenzo7my_vectINtB5_6VectorfEINtNtNtCs5swZZAOpjlf_4core3ops5index5IndexjE5indexB7_
FN:158,_RNvXsc_NtCsafGrTyEUcG4_7Lorenzo7my_vectINtB5_6VectorlEINtNtNtCs5swZZAOpjlf_4core3ops5index5IndexjE5indexB7_
FN:13,_RNvMNtCsafGrTyEUcG4_7Lorenzo7my_vectINtB2_6VectorpE3newB4_
FN:164,_RNvMsd_NtCsafGrTyEUcG4_7Lorenzo7my_vectINtB5_6VectorpE9insert_atB7_
FN:167,_RNvMsd_NtCsafGrTyEUcG4_7Lorenzo7my_vectINtB5_6VectorpE9remove_atB7_
FN:47,_RNvXININtCsafGrTyEUcG4_7Lorenzo7my_vects2_0pEINtB5_6VectorpEINtNtCs5swZZAOpjlf_4core7convert4FromINtNtB7_6my_mat6MatrixpEE4fromB7_
FN:81,_RNvXININtCsafGrTyEUcG4_7Lorenzo7my_vects5_0pEINtB5_6VectorpENtNtCs5swZZAOpjlf_4core3fmt7Display3fmtB7_
FN:26,_RNvXININtCsafGrTyEUcG4_7Lorenzo7my_vects_0pEINtB5_6VectorpENtNtCs5swZZAOpjlf_4core7default7Default7defaultB7_
FNDA:1,_RNvMNtCsafGrTyEUcG4_7Lorenzo7my_vectINtB2_6VectordE8into_vecB4_
FNDA:5,_RNvMNtCsafGrTyEUcG4_7Lorenzo7my_vectINtB2_6VectorlE8into_vecB4_
FNDA:14,_RNvMs3_NtCsafGrTyEUcG4_7Lorenzo7my_vectINtB5_6VectorINtCs3Zh26mTyP8f_11num_complex7ComplexfEE3lenB7_
FNDA:6,_RNvMs3_NtCsafGrTyEUcG4_7Lorenzo7my_vectINtB5_6VectorINtCs3Zh26mTyP8f_11num_complex7ComplexfEE8as_sliceB7_
FNDA:72,_RNvMs3_NtCsafGrTyEUcG4_7Lorenzo7my_vectINtB5_6VectordE3lenB7_
FNDA:17,_RNvMs3_NtCsafGrTyEUcG4_7Lorenzo7my_vectINtB5_6VectordE8as_sliceB7_
FNDA:35,_RNvMs3_NtCsafGrTyEUcG4_7Lorenzo7my_vectINtB5_6VectorfE3lenB7_
FNDA:1,_RNvMs3_NtCsafGrTyEUcG4_7Lorenzo7my_vectINtB5_6VectorfE8as_sliceB7_
FNDA:32,_RNvMs3_NtCsafGrTyEUcG4_7Lorenzo7my_vectINtB5_6VectorlE3lenB7_
FNDA:1,_RNvMs3_NtCsafGrTyEUcG4_7Lorenzo7my_vectINtB5_6VectorlE8as_sliceB7_
FNDA:6,_RNvMs4_NtCsafGrTyEUcG4_7Lorenzo7my_vectINtB5_6VectordE4iterB7_
FNDA:11,_RNvMs4_NtCsafGrTyEUcG4_7Lorenzo7my_vectINtB5_6VectorfE4iterB7_
FNDA:16,_RNvMse_NtCsafGrTyEUcG4_7Lorenzo7my_vectINtB5_6VectordE3getB7_
FNDA:4,_RNvMse_NtCsafGrTyEUcG4_7Lorenzo7my_vectINtB5_6VectordE6resizeB7_
FNDA:26,_RNvMse_NtCsafGrTyEUcG4_7Lorenzo7my_vectINtB5_6VectorfE3getB7_
FNDA:54,_RNvMse_NtCsafGrTyEUcG4_7Lorenzo7my_vectINtB5_6VectorlE3getB7_
FNDA:14,_RNvXs0_NtCsafGrTyEUcG4_7Lorenzo7my_vectINtB5_6VectorINtCs3Zh26mTyP8f_11num_complex7ComplexfEEINtNtCs5swZZAOpjlf_4core7convert4FromINtNtCs683cS2wci1u_5alloc3vec3VecBO_EE4fromB7_
FNDA:77,_RNvXs0_NtCsafGrTyEUcG4_7Lorenzo7my_vectINtB5_6VectordEINtNtCs5swZZAOpjlf_4core7convert4FromINtNtCs683cS2wci1u_5alloc3vec3VecdEE4fromB7_
FNDA:32,_RNvXs0_NtCsafGrTyEUcG4_7Lorenzo7my_vectINtB5_6VectorfEINtNtCs5swZZAOpjlf_4core7convert4FromINtNtCs683cS2wci1u_5alloc3vec3VecfEE4fromB7_
FNDA:33,_RNvXs0_NtCsafGrTyEUcG4_7Lorenzo7my_vectINtB5_6VectorlEINtNtCs5swZZAOpjlf_4core7convert4FromINtNtCs683cS2wci1u_5alloc3vec3VeclEE4fromB7_
FNDA:3,_RNvXs1_NtCsafGrTyEUcG4_7Lorenzo7my_vectINtB5_6VectordEINtNtCs5swZZAOpjlf_4core7convert4FromAdj3_E4fromB7_
FNDA:2,_RNvXs1_NtCsafGrTyEUcG4_7Lorenzo7my_vectINtB5_6VectorfEINtNtCs5swZZAOpjlf_4core7convert4FromAfj3_E4fromB7_
FNDA:0,_RNvXs6_NtCsafGrTyEUcG4_7Lorenzo7my_vectINtB5_6VectordENtNtCs5swZZAOpjlf_4core3fmt5Debug3fmtB7_
FNDA:0,_RNvXs6_NtCsafGrTyEUcG4_7Lorenzo7my_vectINtB5_6VectorlENtNtCs5swZZAOpjlf_4core3fmt5Debug3fmtB7_
FNDA:7,_RNvXs7_NtCsafGrTyEUcG4_7Lorenzo7my_vectINtB5_6VectordENtNtCs5swZZAOpjlf_4core3cmp9PartialEq2eqB7_
FNDA:2,_RNvXs7_NtCsafGrTyEUcG4_7Lorenzo7my_vectINtB5_6VectorlENtNtCs5swZZAOpjlf_4core3cmp9PartialEq2eqB7_
FNDA:42,_RNvXs8_NtCsafGrTyEUcG4_7Lorenzo7my_vectINtB5_6VectordEINtNtNtCs5swZZAOpjlf_4core3ops5index8IndexMutjE9index_mutB7_
FNDA:1,_RNvXs9_NtCsafGrTyEUcG4_7Lorenzo7my_vectINtB5_6VectordENtNtNtNtCs5swZZAOpjlf_4core4iter6traits7collect12IntoIterator9into_iterB7_
FNDA:1,_RNvXsa_NtCsafGrTyEUcG4_7Lorenzo7my_vectRINtB5_6VectordENtNtNtNtCs5swZZAOpjlf_4core4iter6traits7collect12IntoIterator9into_iterB7_
FNDA:2,_RNvXsb_NtCsafGrTyEUcG4_7Lorenzo7my_vectQINtB5_6VectordENtNtNtNtCs5swZZAOpjlf_4core4iter6traits7collect12IntoIterator9into_iterB7_
FNDA:10,_RNvXsc_NtCsafGrTyEUcG4_7Lorenzo7my_vectINtB5_6VectorINtCs3Zh26mTyP8f_11num_complex7ComplexfEEINtNtNtCs5swZZAOpjlf_4core3ops5index5IndexjE5indexB7_
FNDA:142,_RNvXsc_NtCsafGrTyEUcG4_7Lorenzo7my_vectINtB5_6VectordEINtNtNtCs5swZZAOpjlf_4core3ops5index5IndexjE5indexB7_
FNDA:24,_RNvXsc_NtCsafGrTyEUcG4_7Lorenzo7my_vectINtB5_6VectorfEINtNtNtCs5swZZAOpjlf_4core3ops5index5IndexjE5indexB7_
FNDA:52,_RNvXsc_NtCsafGrTyEUcG4_7Lorenzo7my_vectINtB5_6VectorlEINtNtNtCs5swZZAOpjlf_4core3ops5index5IndexjE5indexB7_
FNDA:0,_RNvMNtCsafGrTyEUcG4_7Lorenzo7my_vectINtB2_6VectorpE3newB4_
FNDA:0,_RNvMsd_NtCsafGrTyEUcG4_7Lorenzo7my_vectINtB5_6VectorpE9insert_atB7_
FNDA:0,_RNvMsd_NtCsafGrTyEUcG4_7Lorenzo7my_vectINtB5_6VectorpE9remove_atB7_
FNDA:0,_RNvXININtCsafGrTyEUcG4_7Lorenzo7my_vects2_0pEINtB5_6VectorpEINtNtCs5swZZAOpjlf_4core7convert4FromINtNtB7_6my_mat6MatrixpEE4fromB7_
FNDA:0,_RNvXININtCsafGrTyEUcG4_7Lorenzo7my_vects5_0pEINtB5_6VectorpENtNtCs5swZZAOpjlf_4core3fmt7Display3fmtB7_
FNDA:0,_RNvXININtCsafGrTyEUcG4_7Lorenzo7my_vects_0pEINtB5_6VectorpENtNtCs5swZZAOpjlf_4core7default7Default7defaultB7_
FNF:21
FNH:14
DA:13,0
DA:14,0
DA:15,0
DA:17,6
DA:18,6
DA:19,6
DA:26,0
DA:27,0
DA:28,0
DA:32,156
DA:33,156
DA:34,156
DA:38,5
DA:39,5
DA:40,5
DA:47,0
DA:48,0
DA:49,0
DA:50,0
DA:51,0
DA:52,0
DA:53,0
DA:57,153
DA:58,153
DA:59,153
DA:62,25
DA:63,25
DA:64,25
DA:71,17
DA:72,17
DA:73,17
DA:81,0
DA:82,0
DA:83,0
DA:84,0
DA:85,0
DA:86,0
DA:87,0
DA:89,0
DA:90,0
DA:97,0
DA:98,0
DA:99,0
DA:107,9
DA:108,9
DA:109,9
DA:113,42
DA:114,42
DA:115,42
DA:126,1
DA:127,1
DA:128,1
DA:138,1
DA:139,1
DA:140,1
DA:150,2
DA:151,2
DA:152,2
DA:158,228
DA:159,228
DA:160,228
DA:164,0
DA:165,0
DA:166,0
DA:167,0
DA:168,0
DA:169,0
DA:174,96
DA:175,96
DA:176,96
DA:177,4
DA:178,4
DA:179,4
DA:181,4
DA:182,4
BRF:0
BRH:0
LF:75
LH:44
end_of_record
SF:/home/runner/work/matrix/matrix/Lorenzo/src/norm.rs
FN:89,_RNvNtNtCsafGrTyEUcG4_7Lorenzo4norm5tests9approx_eq
FN:121,_RNvNtNtCsafGrTyEUcG4_7Lorenzo4norm5testss_15test_norm_1_f32
FN:94,_RNvNtNtCsafGrTyEUcG4_7Lorenzo4norm5testss_15test_norm_1_f64
FN:101,_RNvNtNtCsafGrTyEUcG4_7Lorenzo4norm5testss_15test_norm_2_f64
FN:128,_RNvNtNtCsafGrTyEUcG4_7Lorenzo4norm5testss_15test_norm_2_i32
FN:115,_RNvNtNtCsafGrTyEUcG4_7Lorenzo4norm5testss_15test_norm_alias
FN:163,_RNvNtNtCsafGrTyEUcG4_7Lorenzo4norm5testss_16test_zero_vector
FN:135,_RNvNtNtCsafGrTyEUcG4_7Lorenzo4norm5testss_17test_norm_complex
FN:108,_RNvNtNtCsafGrTyEUcG4_7Lorenzo4norm5testss_17test_norm_inf_f64
FN:142,_RNvNtNtCsafGrTyEUcG4_7Lorenzo4norm5testss_19test_norm_1_complex
FN:152,_RNvNtNtCsafGrTyEUcG4_7Lorenzo4norm5testss_21test_norm_inf_complex
FN:38,_RNvXNtCsafGrTyEUcG4_7Lorenzo4normINtCs3Zh26mTyP8f_11num_complex7ComplexfENtB2_9Magnitude3magB4_
FN:44,_RNvXNtCsafGrTyEUcG4_7Lorenzo4normINtCs3Zh26mTyP8f_11num_complex7ComplexfENtB2_9Magnitude6mag_sqB4_
FN:66,_RNCNvXs_NtCsafGrTyEUcG4_7Lorenzo4normINtNtB8_7my_vect6VectorINtCs3Zh26mTyP8f_11num_complex7ComplexfEENtB6_11VectorNorms6norm_10B8_
FN:69,_RNCNvXs_NtCsafGrTyEUcG4_7Lorenzo4normINtNtB8_7my_vect6VectorINtCs3Zh26mTyP8f_11num_complex7ComplexfEENtB6_11VectorNorms6norm_20B8_
FN:74,_RNCNvXs_NtCsafGrTyEUcG4_7Lorenzo4normINtNtB8_7my_vect6VectorINtCs3Zh26mTyP8f_11num_complex7ComplexfEENtB6_11VectorNorms8norm_inf0B8_
FN:66,_RNCNvXs_NtCsafGrTyEUcG4_7Lorenzo4normINtNtB8_7my_vect6VectordENtB6_11VectorNorms6norm_10B8_
FN:69,_RNCNvXs_NtCsafGrTyEUcG4_7Lorenzo4normINtNtB8_7my_vect6VectordENtB6_11VectorNorms6norm_20B8_
FN:74,_RNCNvXs_NtCsafGrTyEUcG4_7Lorenzo4normINtNtB8_7my_vect6VectordENtB6_11VectorNorms8norm_inf0B8_
FN:66,_RNCNvXs_NtCsafGrTyEUcG4_7Lorenzo4normINtNtB8_7my_vect6VectorfENtB6_11VectorNorms6norm_10B8_
FN:69,_RNCNvXs_NtCsafGrTyEUcG4_7Lorenzo4normINtNtB8_7my_vect6VectorlENtB6_11VectorNorms6norm_20B8_
FN:17,_RNvXs0_NtCsafGrTyEUcG4_7Lorenzo4normfNtB5_9Magnitude3mag
FN:17,_RNvXs1_NtCsafGrTyEUcG4_7Lorenzo4normdNtB5_9Magnitude3mag
FN:20,_RNvXs1_NtCsafGrTyEUcG4_7Lorenzo4normdNtB5_9Magnitude6mag_sq
FN:20,_RNvXs2_NtCsafGrTyEUcG4_7Lorenzo4normlNtB5_9Magnitude6mag_sq
FN:65,_RNvXs_NtCsafGrTyEUcG4_7Lorenzo4normINtNtB6_7my_vect6VectorINtCs3Zh26mTyP8f_11num_complex7ComplexfEENtB4_11VectorNorms6norm_1B6_
FN:68,_RNvXs_NtCsafGrTyEUcG4_7Lorenzo4normINtNtB6_7my_vect6VectorINtCs3Zh26mTyP8f_11num_complex7ComplexfEENtB4_11VectorNorms6norm_2B6_
FN:71,_RNvXs_NtCsafGrTyEUcG4_7Lorenzo4normINtNtB6_7my_vect6VectorINtCs3Zh26mTyP8f_11num_complex7ComplexfEENtB4_11VectorNorms8norm_infB6_
FN:65,_RNvXs_NtCsafGrTyEUcG4_7Lorenzo4normINtNtB6_7my_vect6VectordENtB4_11VectorNorms6norm_1B6_
FN:68,_RNvXs_NtCsafGrTyEUcG4_7Lorenzo4normINtNtB6_7my_vect6VectordENtB4_11VectorNorms6norm_2B6_
FN:71,_RNvXs_NtCsafGrTyEUcG4_7Lorenzo4normINtNtB6_7my_vect6VectordENtB4_11VectorNorms8norm_infB6_
FN:65,_RNvXs_NtCsafGrTyEUcG4_7Lorenzo4normINtNtB6_7my_vect6VectorfENtB4_11VectorNorms6norm_1B6_
FN:68,_RNvXs_NtCsafGrTyEUcG4_7Lorenzo4normINtNtB6_7my_vect6VectorlENtB4_11VectorNorms6norm_2B6_
FN:56,_RNvYINtNtCsafGrTyEUcG4_7Lorenzo7my_vect6VectordENtNtB7_4norm11VectorNorms4normB7_
FN:20,_RNvXs0_NtCsafGrTyEUcG4_7Lorenzo4normfNtB5_9Magnitude6mag_sq
FN:17,_RNvXs2_NtCsafGrTyEUcG4_7Lorenzo4normlNtB5_9Magnitude3mag
FN:17,_RNvXs3_NtCsafGrTyEUcG4_7Lorenzo4normxNtB5_9Magnitude3mag
FN:20,_RNvXs3_NtCsafGrTyEUcG4_7Lorenzo4normxNtB5_9Magnitude6mag_sq
FN:17,_RNvXs4_NtCsafGrTyEUcG4_7Lorenzo4normiNtB5_9Magnitude3mag
FN:20,_RNvXs4_NtCsafGrTyEUcG4_7Lorenzo4normiNtB5_9Magnitude6mag_sq
FN:8,_RNvYpNtNtCsafGrTyEUcG4_7Lorenzo4norm9Magnitude6mag_sqB7_
FNDA:12,_RNvNtNtCsafGrTyEUcG4_7Lorenzo4norm5tests9approx_eq
FNDA:1,_RNvNtNtCsafGrTyEUcG4_7Lorenzo4norm5testss_15test_norm_1_f32
FNDA:1,_RNvNtNtCsafGrTyEUcG4_7Lorenzo4norm5testss_15test_norm_1_f64
FNDA:1,_RNvNtNtCsafGrTyEUcG4_7Lorenzo4norm5testss_15test_norm_2_f64
FNDA:1,_RNvNtNtCsafGrTyEUcG4_7Lorenzo4norm5testss_15test_norm_2_i32
FNDA:1,_RNvNtNtCsafGrTyEUcG4_7Lorenzo4norm5testss_15test_norm_alias
FNDA:1,_RNvNtNtCsafGrTyEUcG4_7Lorenzo4norm5testss_16test_zero_vector
FNDA:1,_RNvNtNtCsafGrTyEUcG4_7Lorenzo4norm5testss_17test_norm_complex
FNDA:1,_RNvNtNtCsafGrTyEUcG4_7Lorenzo4norm5testss_17test_norm_inf_f64
FNDA:1,_RNvNtNtCsafGrTyEUcG4_7Lorenzo4norm5testss_19test_norm_1_complex
FNDA:1,_RNvNtNtCsafGrTyEUcG4_7Lorenzo4norm5testss_21test_norm_inf_complex
FNDA:5,_RNvXNtCsafGrTyEUcG4_7Lorenzo4normINtCs3Zh26mTyP8f_11num_complex7ComplexfENtB2_9Magnitude3magB4_
FNDA:4,_RNvXNtCsafGrTyEUcG4_7Lorenzo4normINtCs3Zh26mTyP8f_11num_complex7ComplexfENtB2_9Magnitude6mag_sqB4_
FNDA:2,_RNCNvXs_NtCsafGrTyEUcG4_7Lorenzo4normINtNtB8_7my_vect6VectorINtCs3Zh26mTyP8f_11num_complex7ComplexfEENtB6_11VectorNorms6norm_10B8_
FNDA:4,_RNCNvXs_NtCsafGrTyEUcG4_7Lorenzo4normINtNtB8_7my_vect6VectorINtCs3Zh26mTyP8f_11num_complex7ComplexfEENtB6_11VectorNorms6norm_20B8_
FNDA:3,_RNCNvXs_NtCsafGrTyEUcG4_7Lorenzo4normINtNtB8_7my_vect6VectorINtCs3Zh26mTyP8f_11num_complex7ComplexfEENtB6_11VectorNorms8norm_inf0B8_
FNDA:5,_RNCNvXs_NtCsafGrTyEUcG4_7Lorenzo4normINtNtB8_7my_vect6VectordENtB6_11VectorNorms6norm_10B8_
FNDA:27,_RNCNvXs_NtCsafGrTyEUcG4_7Lorenzo4normINtNtB8_7my_vect6VectordENtB6_11VectorNorms6norm_20B8_
FNDA:6,_RNCNvXs_NtCsafGrTyEUcG4_7Lorenzo4normINtNtB8_7my_vect6VectordENtB6_11VectorNorms8norm_inf0B8_
FNDA:3,_RNCNvXs_NtCsafGrTyEUcG4_7Lorenzo4normINtNtB8_7my_vect6VectorfENtB6_11VectorNorms6norm_10B8_
FNDA:2,_RNCNvXs_NtCsafGrTyEUcG4_7Lorenzo4normINtNtB8_7my_vect6VectorlENtB6_11VectorNorms6norm_20B8_
FNDA:3,_RNvXs0_NtCsafGrTyEUcG4_7Lorenzo4normfNtB5_9Magnitude3mag
FNDA:11,_RNvXs1_NtCsafGrTyEUcG4_7Lorenzo4normdNtB5_9Magnitude3mag
FNDA:27,_RNvXs1_NtCsafGrTyEUcG4_7Lorenzo4normdNtB5_9Magnitude6mag_sq
FNDA:2,_RNvXs2_NtCsafGrTyEUcG4_7Lorenzo4normlNtB5_9Magnitude6mag_sq
FNDA:1,_RNvXs_NtCsafGrTyEUcG4_7Lorenzo4normINtNtB6_7my_vect6VectorINtCs3Zh26mTyP8f_11num_complex7ComplexfEENtB4_11VectorNorms6norm_1B6_
FNDA:4,_RNvXs_NtCsafGrTyEUcG4_7Lorenzo4normINtNtB6_7my_vect6VectorINtCs3Zh26mTyP8f_11num_complex7ComplexfEENtB4_11VectorNorms6norm_2B6_
FNDA:1,_RNvXs_NtCsafGrTyEUcG4_7Lorenzo4normINtNtB6_7my_vect6VectorINtCs3Zh26mTyP8f_11num_complex7ComplexfEENtB4_11VectorNorms8norm_infB6_
FNDA:2,_RNvXs_NtCsafGrTyEUcG4_7Lorenzo4normINtNtB6_7my_vect6VectordENtB4_11VectorNorms6norm_1B6_
FNDA:13,_RNvXs_NtCsafGrTyEUcG4_7Lorenzo4normINtNtB6_7my_vect6VectordENtB4_11VectorNorms6norm_2B6_
FNDA:2,_RNvXs_NtCsafGrTyEUcG4_7Lorenzo4normINtNtB6_7my_vect6VectordENtB4_11VectorNorms8norm_infB6_
FNDA:1,_RNvXs_NtCsafGrTyEUcG4_7Lorenzo4normINtNtB6_7my_vect6VectorfENtB4_11VectorNorms6norm_1B6_
FNDA:1,_RNvXs_NtCsafGrTyEUcG4_7Lorenzo4normINtNtB6_7my_vect6VectorlENtB4_11VectorNorms6norm_2B6_
FNDA:1,_RNvYINtNtCsafGrTyEUcG4_7Lorenzo7my_vect6VectordENtNtB7_4norm11VectorNorms4normB7_
FNDA:0,_RNvXs0_NtCsafGrTyEUcG4_7Lorenzo4normfNtB5_9Magnitude6mag_sq
FNDA:0,_RNvXs2_NtCsafGrTyEUcG4_7Lorenzo4normlNtB5_9Magnitude3mag
FNDA:0,_RNvXs3_NtCsafGrTyEUcG4_7Lorenzo4normxNtB5_9Magnitude3mag
FNDA:0,_RNvXs3_NtCsafGrTyEUcG4_7Lorenzo4normxNtB5_9Magnitude6mag_sq
FNDA:0,_RNvXs4_NtCsafGrTyEUcG4_7Lorenzo4normiNtB5_9Magnitude3mag
FNDA:0,_RNvXs4_NtCsafGrTyEUcG4_7Lorenzo4normiNtB5_9Magnitude6mag_sq
FNDA:0,_RNvYpNtNtCsafGrTyEUcG4_7Lorenzo4norm9Magnitude6mag_sqB7_
FNF:23
FNH:22
DA:8,0
DA:9,0
DA:10,0
DA:11,0
DA:17,14
DA:18,14
DA:19,14
DA:20,29
DA:21,29
DA:22,29
DA:23,29
DA:38,5
DA:39,5
DA:40,5
DA:41,5
DA:42,5
DA:43,5
DA:44,4
DA:45,4
DA:46,4
DA:47,4
DA:48,4
DA:56,1
DA:57,1
DA:58,1
DA:65,4
DA:66,10
DA:67,4
DA:68,18
DA:69,33
DA:70,18
DA:71,3
DA:72,3
DA:73,3
DA:74,9
DA:75,3
DA:76,3
DA:89,12
DA:90,12
DA:91,12
DA:94,1
DA:95,1
DA:96,1
DA:97,1
DA:98,1
DA:101,1
DA:102,1
DA:103,1
DA:104,1
DA:105,1
DA:108,1
DA:109,1
DA:110,1
DA:111,1
DA:112,1
DA:115,1
DA:116,1
DA:117,1
DA:118,1
DA:121,1
DA:122,1
DA:123,1
DA:124,1
DA:125,1
DA:128,1
DA:129,1
DA:130,1
DA:131,1
DA:132,1
DA:135,1
DA:136,1
DA:137,1
DA:138,1
DA:139,1
DA:142,1
DA:143,1
DA:144,1
DA:145,1
DA:147,1
DA:148,1
DA:149,1
DA:152,1
DA:153,1
DA:154,1
DA:155,1
DA:156,1
DA:158,1
DA:159,1
DA:160,1
DA:163,1
DA:164,1
DA:165,1
DA:166,1
DA:167,1
DA:168,1
BRF:0
BRH:0
LF:98
LH:94
end_of_record
SF:/home/runner/work/matrix/matrix/Lorenzo/src/row_echelon.rs
FN:52,_RNvMNtCsafGrTyEUcG4_7Lorenzo11row_echelonINtNtB4_6my_mat6MatrixdE11row_echelonB4_
FN:38,_RNvMNtCsafGrTyEUcG4_7Lorenzo11row_echelonINtNtB4_6my_mat6MatrixdE8add_rowsB4_
FN:12,_RNvMNtCsafGrTyEUcG4_7Lorenzo11row_echelonINtNtB4_6my_mat6MatrixdE9swap_rowsB4_
FN:52,_RNvMNtCsafGrTyEUcG4_7Lorenzo11row_echelonINtNtB4_6my_mat6MatrixlE11row_echelonB4_
FN:38,_RNvMNtCsafGrTyEUcG4_7Lorenzo11row_echelonINtNtB4_6my_mat6MatrixlE8add_rowsB4_
FN:12,_RNvMNtCsafGrTyEUcG4_7Lorenzo11row_echelonINtNtB4_6my_mat6MatrixlE9swap_rowsB4_
FN:135,_RNvNtNtCsafGrTyEUcG4_7Lorenzo11row_echelon5testss_15row_echelon_2x2
FN:184,_RNvNtNtCsafGrTyEUcG4_7Lorenzo11row_echelon5testss_20row_echelon_integers
FN:115,_RNvNtNtCsafGrTyEUcG4_7Lorenzo11row_echelon5testss_22row_echelon_simple_3x3
FN:178,_RNvNtNtCsafGrTyEUcG4_7Lorenzo11row_echelon5testss_24row_echelon_panics_on_1d
FN:99,_RNvNtNtCsafGrTyEUcG4_7Lorenzo11row_echelon5testss_27row_echelon_identity_matrix
FN:160,_RNvNtNtCsafGrTyEUcG4_7Lorenzo11row_echelon5testss_27row_echelon_rectangular_3x4
FN:146,_RNvNtNtCsafGrTyEUcG4_7Lorenzo11row_echelon5testss_27row_echelon_with_zero_pivot
FNDA:9,_RNvMNtCsafGrTyEUcG4_7Lorenzo11row_echelonINtNtB4_6my_mat6MatrixdE11row_echelonB4_
FNDA:19,_RNvMNtCsafGrTyEUcG4_7Lorenzo11row_echelonINtNtB4_6my_mat6MatrixdE8add_rowsB4_
FNDA:1,_RNvMNtCsafGrTyEUcG4_7Lorenzo11row_echelonINtNtB4_6my_mat6MatrixdE9swap_rowsB4_
FNDA:1,_RNvMNtCsafGrTyEUcG4_7Lorenzo11row_echelonINtNtB4_6my_mat6MatrixlE11row_echelonB4_
FNDA:3,_RNvMNtCsafGrTyEUcG4_7Lorenzo11row_echelonINtNtB4_6my_mat6MatrixlE8add_rowsB4_
FNDA:1,_RNvMNtCsafGrTyEUcG4_7Lorenzo11row_echelonINtNtB4_6my_mat6MatrixlE9swap_rowsB4_
FNDA:1,_RNvNtNtCsafGrTyEUcG4_7Lorenzo11row_echelon5testss_15row_echelon_2x2
FNDA:1,_RNvNtNtCsafGrTyEUcG4_7Lorenzo11row_echelon5testss_20row_echelon_integers
FNDA:1,_RNvNtNtCsafGrTyEUcG4_7Lorenzo11row_echelon5testss_22row_echelon_simple_3x3
FNDA:1,_RNvNtNtCsafGrTyEUcG4_7Lorenzo11row_echelon5testss_24row_echelon_panics_on_1d
FNDA:1,_RNvNtNtCsafGrTyEUcG4_7Lorenzo11row_echelon5testss_27row_echelon_identity_matrix
FNDA:1,_RNvNtNtCsafGrTyEUcG4_7Lorenzo11row_echelon5testss_27row_echelon_rectangular_3x4
FNDA:1,_RNvNtNtCsafGrTyEUcG4_7Lorenzo11row_echelon5testss_27row_echelon_with_zero_pivot
FNF:10
FNH:10
DA:12,2
DA:13,2
DA:14,0
DA:15,2
DA:16,2
DA:17,6
DA:18,6
DA:19,6
DA:20,6
DA:21,6
DA:22,6
DA:23,6
DA:24,2
DA:38,22
DA:39,22
DA:40,0
DA:41,22
DA:42,22
DA:43,66
DA:44,66
DA:45,66
DA:46,66
DA:47,66
DA:48,66
DA:49,66
DA:50,22
DA:52,10
DA:53,10
DA:54,10
DA:56,10
DA:57,10
DA:58,1
DA:59,9
DA:60,9
DA:61,9
DA:62,25
DA:63,25
DA:64,25
DA:66,25
DA:67,3
DA:68,3
DA:69,3
DA:70,2
DA:71,2
DA:72,2
DA:73,1
DA:75,22
DA:77,25
DA:78,25
DA:79,1
DA:80,24
DA:82,24
DA:83,24
DA:84,22
DA:85,22
DA:86,22
DA:87,22
DA:90,9
DA:91,9
DA:99,1
DA:100,1
DA:101,1
DA:102,1
DA:103,1
DA:105,1
DA:106,1
DA:109,1
DA:110,1
DA:111,1
DA:112,1
DA:115,1
DA:116,1
DA:117,1
DA:118,1
DA:119,1
DA:121,1
DA:122,1
DA:125,1
DA:128,1
DA:129,1
DA:130,1
DA:131,1
DA:132,1
DA:135,1
DA:136,1
DA:137,1
DA:140,1
DA:141,1
DA:142,1
DA:143,1
DA:146,1
DA:147,1
DA:148,1
DA:149,1
DA:150,1
DA:152,1
DA:153,1
DA:156,1
DA:157,1
DA:160,1
DA:161,1
DA:162,1
DA:163,1
DA:164,1
DA:166,1
DA:167,1
DA:170,1
DA:173,1
DA:174,1
DA:178,1
DA:179,1
DA:180,1
DA:181,1
DA:184,1
DA:185,1
DA:186,1
DA:187,1
DA:190,1
DA:191,1
BRDA:13,0,0,0
BRDA:13,0,1,2
BRDA:39,0,0,0
BRDA:39,0,1,22
BRDA:57,0,0,1
BRDA:57,0,1,9
BRDA:66,0,0,3
BRDA:66,0,1,22
BRDA:69,0,0,2
BRDA:69,0,1,1
BRDA:78,0,0,1
BRDA:78,0,1,24
BRF:12
BRH:10
LF:119
LH:117
end_of_record
SF:/home/runner/work/matrix/matrix/Lorenzo/src/trace.rs
FN:4,_RNvMNtCsafGrTyEUcG4_7Lorenzo5traceINtNtB4_6my_mat6MatrixINtCs3Zh26mTyP8f_11num_complex7ComplexdEE5traceB4_
FN:4,_RNvMNtCsafGrTyEUcG4_7Lorenzo5traceINtNtB4_6my_mat6MatrixlE5traceB4_
FN:10,_RNCNvMNtCsafGrTyEUcG4_7Lorenzo5traceINtNtB6_6my_mat6MatrixINtCs3Zh26mTyP8f_11num_complex7ComplexdEE5trace0B6_
FN:10,_RNCNvMNtCsafGrTyEUcG4_7Lorenzo5traceINtNtB6_6my_mat6MatrixlE5trace0B6_
FN:52,_RNvNtNtCsafGrTyEUcG4_7Lorenzo5trace5testss_24trace_of_3d_cubic_matrix
FN:69,_RNvNtNtCsafGrTyEUcG4_7Lorenzo5trace5testss_28trace_of_4d_hypercube_matrix
FN:87,_RNvNtNtCsafGrTyEUcG4_7Lorenzo5trace5testss_30trace_of_complex_square_matrix
FN:44,_RNvNtNtCsafGrTyEUcG4_7Lorenzo5trace5testss_31trace_of_one_dimensional_matrix
FN:37,_RNvNtNtCsafGrTyEUcG4_7Lorenzo5trace5testss_33trace_panics_for_rectangle_matrix
FN:28,_RNvNtNtCsafGrTyEUcG4_7Lorenzo5trace5testss_36trace_of_square_matrix_sums_diagonal
FN:79,_RNvNtNtCsafGrTyEUcG4_7Lorenzo5trace5testss_37trace_panics_for_non_square_3d_matrix
FNDA:2,_RNvMNtCsafGrTyEUcG4_7Lorenzo5traceINtNtB4_6my_mat6MatrixINtCs3Zh26mTyP8f_11num_complex7ComplexdEE5traceB4_
FNDA:10,_RNvMNtCsafGrTyEUcG4_7Lorenzo5traceINtNtB4_6my_mat6MatrixlE5traceB4_
FNDA:4,_RNCNvMNtCsafGrTyEUcG4_7Lorenzo5traceINtNtB6_6my_mat6MatrixINtCs3Zh26mTyP8f_11num_complex7ComplexdEE5trace0B6_
FNDA:26,_RNCNvMNtCsafGrTyEUcG4_7Lorenzo5traceINtNtB6_6my_mat6MatrixlE5trace0B6_
FNDA:1,_RNvNtNtCsafGrTyEUcG4_7Lorenzo5trace5testss_24trace_of_3d_cubic_matrix
FNDA:1,_RNvNtNtCsafGrTyEUcG4_7Lorenzo5trace5testss_28trace_of_4d_hypercube_matrix
FNDA:1,_RNvNtNtCsafGrTyEUcG4_7Lorenzo5trace5testss_30trace_of_complex_square_matrix
FNDA:1,_RNvNtNtCsafGrTyEUcG4_7Lorenzo5trace5testss_31trace_of_one_dimensional_matrix
FNDA:1,_RNvNtNtCsafGrTyEUcG4_7Lorenzo5trace5testss_33trace_panics_for_rectangle_matrix
FNDA:1,_RNvNtNtCsafGrTyEUcG4_7Lorenzo5trace5testss_36trace_of_square_matrix_sums_diagonal
FNDA:1,_RNvNtNtCsafGrTyEUcG4_7Lorenzo5trace5testss_37trace_panics_for_non_square_3d_matrix
FNF:9
FNH:9
DA:4,12
DA:5,12
DA:6,12
DA:8,12
DA:10,30
DA:11,2
DA:12,10
DA:14,10
DA:15,23
DA:16,23
DA:17,23
DA:18,23
DA:19,10
DA:20,10
DA:28,1
DA:29,1
DA:30,1
DA:32,1
DA:33,1
DA:37,1
DA:38,1
DA:40,1
DA:41,1
DA:44,1
DA:47,1
DA:48,1
DA:49,1
DA:52,1
DA:54,1
DA:55,1
DA:61,1
DA:65,1
DA:66,1
DA:69,1
DA:71,1
DA:74,1
DA:75,1
DA:79,1
DA:81,1
DA:83,1
DA:84,1
DA:87,1
DA:90,1
DA:91,1
DA:92,1
DA:94,1
DA:96,1
DA:97,1
BRDA:10,0,0,2
BRDA:10,0,1,10
BRF:2
BRH:2
LF:49
LH:49
end_of_record
SF:/home/runner/work/matrix/matrix/Lorenzo/src/transpose.rs
FN:7,_RNvMNtCsafGrTyEUcG4_7Lorenzo9transposeINtNtB4_6my_mat6MatrixpE9transposeB4_
FNDA:0,_RNvMNtCsafGrTyEUcG4_7Lorenzo9transposeINtNtB4_6my_mat6MatrixpE9transposeB4_
FNF:1
FNH:0
DA:7,0
DA:8,0
DA:9,0
DA:10,0
BRF:0
BRH:0
LF:4
LH:0
end_of_record
SF:/home/runner/work/matrix/matrix/Samuele/src/main.rs
FN:4,_RNvCsk4XqjbKI5yJ_7Samuele4main
FNDA:0,_RNvCsk4XqjbKI5yJ_7Samuele4main
FNF:1
FNH:0
DA:4,0
DA:5,0
DA:6,0
BRF:0
BRH:0
LF:3
LH:0
end_of_record
SF:/home/runner/work/matrix/matrix/Samuele/src/matrix.rs
FN:33,_RNCNvMNtCsk4XqjbKI5yJ_7Samuele6matrixINtB4_6MatrixpE9is_square0B6_
FN:24,_RNvMNtCsk4XqjbKI5yJ_7Samuele6matrixINtB2_6MatrixpE3lenB4_
FN:36,_RNvMNtCsk4XqjbKI5yJ_7Samuele6matrixINtB2_6MatrixpE4dataB4_
FN:28,_RNvMNtCsk4XqjbKI5yJ_7Samuele6matrixINtB2_6MatrixpE5shapeB4_
FN:32,_RNvMNtCsk4XqjbKI5yJ_7Samuele6matrixINtB2_6MatrixpE9is_squareB4_
FNDA:0,_RNCNvMNtCsk4XqjbKI5yJ_7Samuele6matrixINtB4_6MatrixpE9is_square0B6_
FNDA:0,_RNvMNtCsk4XqjbKI5yJ_7Samuele6matrixINtB2_6MatrixpE3lenB4_
FNDA:0,_RNvMNtCsk4XqjbKI5yJ_7Samuele6matrixINtB2_6MatrixpE4dataB4_
FNDA:0,_RNvMNtCsk4XqjbKI5yJ_7Samuele6matrixINtB2_6MatrixpE5shapeB4_
FNDA:0,_RNvMNtCsk4XqjbKI5yJ_7Samuele6matrixINtB2_6MatrixpE9is_squareB4_
FNF:5
FNH:0
DA:24,0
DA:25,0
DA:26,0
DA:28,0
DA:29,0
DA:30,0
DA:32,0
DA:33,0
DA:34,0
DA:36,0
DA:37,0
DA:38,0
BRF:0
BRH:0
LF:13
LH:0
end_of_record
SF:/home/runner/work/matrix/matrix/Samuele/src/vector.rs
FN:13,_RNvMNtCsk4XqjbKI5yJ_7Samuele6vectorINtB2_6VectorpE3lenB4_
FN:9,_RNvMNtCsk4XqjbKI5yJ_7Samuele6vectorINtB2_6VectorpE3newB4_
FN:17,_RNvMNtCsk4XqjbKI5yJ_7Samuele6vectorINtB2_6VectorpE4iterB4_
FN:21,_RNvMNtCsk4XqjbKI5yJ_7Samuele6vectorINtB2_6VectorpE8iter_mutB4_
FN:39,_RNvXININtCsk4XqjbKI5yJ_7Samuele6vectors0_0pERINtB5_6VectorpENtNtNtNtCs5swZZAOpjlf_4core4iter6traits7collect12IntoIterator9into_iterB7_
FN:48,_RNvXININtCsk4XqjbKI5yJ_7Samuele6vectors1_0pEQINtB5_6VectorpENtNtNtNtCs5swZZAOpjlf_4core4iter6traits7collect12IntoIterator9into_iterB7_
FN:56,_RNvXININtCsk4XqjbKI5yJ_7Samuele6vectors2_0pEINtB5_6VectorpEINtNtNtCs5swZZAOpjlf_4core3ops5index5IndexjE5indexB7_
FN:72,_RNvXININtCsk4XqjbKI5yJ_7Samuele6vectors3_0pEINtB5_6VectorpENtNtCs5swZZAOpjlf_4core3fmt7Display3fmtB7_
FN:30,_RNvXININtCsk4XqjbKI5yJ_7Samuele6vectors_0pEINtB5_6VectorpENtNtNtNtCs5swZZAOpjlf_4core4iter6traits7collect12IntoIterator9into_iterB7_
FNDA:0,_RNvMNtCsk4XqjbKI5yJ_7Samuele6vectorINtB2_6VectorpE3lenB4_
FNDA:0,_RNvMNtCsk4XqjbKI5yJ_7Samuele6vectorINtB2_6VectorpE3newB4_
FNDA:0,_RNvMNtCsk4XqjbKI5yJ_7Samuele6vectorINtB2_6VectorpE4iterB4_
FNDA:0,_RNvMNtCsk4XqjbKI5yJ_7Samuele6vectorINtB2_6VectorpE8iter_mutB4_
FNDA:0,_RNvXININtCsk4XqjbKI5yJ_7Samuele6vectors0_0pERINtB5_6VectorpENtNtNtNtCs5swZZAOpjlf_4core4iter6traits7collect12IntoIterator9into_iterB7_
FNDA:0,_RNvXININtCsk4XqjbKI5yJ_7Samuele6vectors1_0pEQINtB5_6VectorpENtNtNtNtCs5swZZAOpjlf_4core4iter6traits7collect12IntoIterator9into_iterB7_
FNDA:0,_RNvXININtCsk4XqjbKI5yJ_7Samuele6vectors2_0pEINtB5_6VectorpEINtNtNtCs5swZZAOpjlf_4core3ops5index5IndexjE5indexB7_
FNDA:0,_RNvXININtCsk4XqjbKI5yJ_7Samuele6vectors3_0pEINtB5_6VectorpENtNtCs5swZZAOpjlf_4core3fmt7Display3fmtB7_
FNDA:0,_RNvXININtCsk4XqjbKI5yJ_7Samuele6vectors_0pEINtB5_6VectorpENtNtNtNtCs5swZZAOpjlf_4core4iter6traits7collect12IntoIterator9into_iterB7_
FNF:9
FNH:0
DA:9,0
DA:10,0
DA:11,0
DA:13,0
DA:14,0
DA:15,0
DA:17,0
DA:18,0
DA:19,0
DA:21,0
DA:22,0
DA:23,0
DA:30,0
DA:31,0
DA:32,0
DA:39,0
DA:40,0
DA:41,0
DA:48,0
DA:49,0
DA:50,0
DA:56,0
DA:57,0
DA:58,0
DA:59,0
DA:60,0
DA:63,0
DA:64,0
DA:65,0
DA:72,0
DA:73,0
DA:74,0
DA:75,0
DA:76,0
DA:77,0
DA:78,0
DA:80,0
DA:81,0
BRF:0
BRH:0
LF:38
LH:0
end_of_record