SF:/home/runner/work/matrix/matrix/Lorenzo/src/add_sub_scale.rs
FN:130,_RNCNvXs5_NtCs5Okx3pz7b4S_7Lorenzo13add_sub_scaleINtNtB9_6my_mat6MatrixdENtNtNtCsjGhrGKJQYpg_4core3ops5arith3Add3add0B9_
FN:148,_RNCNvXs6_NtCs5Okx3pz7b4S_7Lorenzo13add_sub_scaleINtNtB9_6my_mat6MatrixdENtNtNtCsjGhrGKJQYpg_4core3ops5arith9AddAssign10add_assign0B9_
FN:168,_RNCNvXs7_NtCs5Okx3pz7b4S_7Lorenzo13add_sub_scaleINtNtB9_6my_mat6MatrixdENtNtNtCsjGhrGKJQYpg_4core3ops5arith3Sub3sub0B9_
FN:186,_RNCNvXs8_NtCs5Okx3pz7b4S_7Lorenzo13add_sub_scaleINtNtB9_6my_mat6MatrixdENtNtNtCsjGhrGKJQYpg_4core3ops5arith9SubAssign10sub_assign0B9_
FN:16,_RNvXNtCs5Okx3pz7b4S_7Lorenzo13add_sub_scaleINtNtB4_7my_vect6VectordENtNtNtCsjGhrGKJQYpg_4core3ops5arith3Add3addB4_
FN:16,_RNvXNtCs5Okx3pz7b4S_7Lorenzo13add_sub_scaleINtNtB4_7my_vect6VectorfENtNtNtCsjGhrGKJQYpg_4core3ops5arith3Add3addB4_
FN:52,_RNvXs0_NtCs5Okx3pz7b4S_7Lorenzo13add_sub_scaleINtNtB7_7my_vect6VectordEINtB5_5ScaledE5scaleB7_
FN:66,_RNvXs1_NtCs5Okx3pz7b4S_7Lorenzo13add_sub_scaleINtNtB7_7my_vect6VectordENtNtNtCsjGhrGKJQYpg_4core3ops5arith9AddAssign10add_assignB7_
FN:80,_RNvXs2_NtCs5Okx3pz7b4S_7Lorenzo13add_sub_scaleINtNtB7_7my_vect6VectordENtNtNtCsjGhrGKJQYpg_4core3ops5arith9SubAssign10sub_assignB7_
FN:96,_RNvXs3_NtCs5Okx3pz7b4S_7Lorenzo13add_sub_scaleINtNtB7_7my_vect6VectordEINtNtNtCsjGhrGKJQYpg_4core3ops5arith3MuldE3mulB7_
FN:96,_RNvXs3_NtCs5Okx3pz7b4S_7Lorenzo13add_sub_scaleINtNtB7_7my_vect6VectorfEINtNtNtCsjGhrGKJQYpg_4core3ops5arith3MulfE3mulB7_
FN:109,_RNvXs4_NtCs5Okx3pz7b4S_7Lorenzo13add_sub_scaleINtNtB7_7my_vect6VectordEINtNtNtCsjGhrGKJQYpg_4core3ops5arith9MulAssigndE10mul_assignB7_
FN:34,_RNvXs_NtCs5Okx3pz7b4S_7Lorenzo13add_sub_scaleINtNtB6_7my_vect6VectordENtNtNtCsjGhrGKJQYpg_4core3ops5arith3Sub3subB6_
FN:276,_RNvNtNtCs5Okx3pz7b4S_7Lorenzo13add_sub_scale5testss_10matrix_add
FN:335,_RNvNtNtCs5Okx3pz7b4S_7Lorenzo13add_sub_scale5testss_10matrix_mul
FN:300,_RNvNtNtCs5Okx3pz7b4S_7Lorenzo13add_sub_scale5testss_10matrix_sub
FN:213,_RNvNtNtCs5Okx3pz7b4S_7Lorenzo13add_sub_scale5testss_10vector_add
FN:252,_RNvNtNtCs5Okx3pz7b4S_7Lorenzo13add_sub_scale5testss_10vector_mul
FN:229,_RNvNtNtCs5Okx3pz7b4S_7Lorenzo13add_sub_scale5testss_10vector_sub
FN:266,_RNvNtNtCs5Okx3pz7b4S_7Lorenzo13add_sub_scale5testss_11vector_iter
FN:324,_RNvNtNtCs5Okx3pz7b4S_7Lorenzo13add_sub_scale5testss_12matrix_scale
FN:245,_RNvNtNtCs5Okx3pz7b4S_7Lorenzo13add_sub_scale5testss_12vector_scale
FN:288,_RNvNtNtCs5Okx3pz7b4S_7Lorenzo13add_sub_scale5testss_17matrix_add_assign
FN:346,_RNvNtNtCs5Okx3pz7b4S_7Lorenzo13add_sub_scale5testss_17matrix_mul_assign
FN:312,_RNvNtNtCs5Okx3pz7b4S_7Lorenzo13add_sub_scale5testss_17matrix_sub_assign
FN:221,_RNvNtNtCs5Okx3pz7b4S_7Lorenzo13add_sub_scale5testss_17vector_add_assign
FN:259,_RNvNtNtCs5Okx3pz7b4S_7Lorenzo13add_sub_scale5testss_17vector_mul_assign
FN:237,_RNvNtNtCs5Okx3pz7b4S_7Lorenzo13add_sub_scale5testss_17vector_sub_assign
FN:122,_RNvXs5_NtCs5Okx3pz7b4S_7Lorenzo13add_sub_scaleINtNtB7_6my_mat6MatrixdENtNtNtCsjGhrGKJQYpg_4core3ops5arith3Add3addB7_
FN:140,_RNvXs6_NtCs5Okx3pz7b4S_7Lorenzo13add_sub_scaleINtNtB7_6my_mat6MatrixdENtNtNtCsjGhrGKJQYpg_4core3ops5arith9AddAssign10add_assignB7_
FN:160,_RNvXs7_NtCs5Okx3pz7b4S_7Lorenzo13add_sub_scaleINtNtB7_6my_mat6MatrixdENtNtNtCsjGhrGKJQYpg_4core3ops5arith3Sub3subB7_
FN:178,_RNvXs8_NtCs5Okx3pz7b4S_7Lorenzo13add_sub_scaleINtNtB7_6my_mat6MatrixdENtNtNtCsjGhrGKJQYpg_4core3ops5arith9SubAssign10sub_assignB7_
FN:198,_RNvXs9_NtCs5Okx3pz7b4S_7Lorenzo13add_sub_scaleINtNtB7_6my_mat6MatrixdEINtB5_5ScaledE5scaleB7_
FNDA:4,_RNCNvXs5_NtCs5Okx3pz7b4S_7Lorenzo13add_sub_scaleINtNtB9_6my_mat6MatrixdENtNtNtCsjGhrGKJQYpg_4core3ops5arith3Add3add0B9_
FNDA:8,_RNCNvXs6_NtCs5Okx3pz7b4S_7Lorenzo13add_sub_scaleINtNtB9_6my_mat6MatrixdENtNtNtCsjGhrGKJQYpg_4core3ops5arith9AddAssign10add_assign0B9_
FNDA:4,_RNCNvXs7_NtCs5Okx3pz7b4S_7Lorenzo13add_sub_scaleINtNtB9_6my_mat6MatrixdENtNtNtCsjGhrGKJQYpg_4core3ops5arith3Sub3sub0B9_
FNDA:8,_RNCNvXs8_NtCs5Okx3pz7b4S_7Lorenzo13add_sub_scaleINtNtB9_6my_mat6MatrixdENtNtNtCsjGhrGKJQYpg_4core3ops5arith9SubAssign10sub_assign0B9_
FNDA:1,_RNvXNtCs5Okx3pz7b4S_7Lorenzo13add_sub_scaleINtNtB4_7my_vect6VectordENtNtNtCsjGhrGKJQYpg_4core3ops5arith3Add3addB4_
FNDA:5,_RNvXNtCs5Okx3pz7b4S_7Lorenzo13add_sub_scaleINtNtB4_7my_vect6VectorfENtNtNtCsjGhrGKJQYpg_4core3ops5arith3Add3addB4_
FNDA:1,_RNvXs0_NtCs5Okx3pz7b4S_7Lorenzo13add_sub_scaleINtNtB7_7my_vect6VectordEINtB5_5ScaledE5scaleB7_
FNDA:2,_RNvXs1_NtCs5Okx3pz7b4S_7Lorenzo13add_sub_scaleINtNtB7_7my_vect6VectordENtNtNtCsjGhrGKJQYpg_4core3ops5arith9AddAssign10add_assignB7_
FNDA:2,_RNvXs2_NtCs5Okx3pz7b4S_7Lorenzo13add_sub_scaleINtNtB7_7my_vect6VectordENtNtNtCsjGhrGKJQYpg_4core3ops5arith9SubAssign10sub_assignB7_
FNDA:1,_RNvXs3_NtCs5Okx3pz7b4S_7Lorenzo13add_sub_scaleINtNtB7_7my_vect6VectordEINtNtNtCsjGhrGKJQYpg_4core3ops5arith3MuldE3mulB7_
FNDA:10,_RNvXs3_NtCs5Okx3pz7b4S_7Lorenzo13add_sub_scaleINtNtB7_7my_vect6VectorfEINtNtNtCsjGhrGKJQYpg_4core3ops5arith3MulfE3mulB7_
FNDA:2,_RNvXs4_NtCs5Okx3pz7b4S_7Lorenzo13add_sub_scaleINtNtB7_7my_vect6VectordEINtNtNtCsjGhrGKJQYpg_4core3ops5arith9MulAssigndE10mul_assignB7_
FNDA:1,_RNvXs_NtCs5Okx3pz7b4S_7Lorenzo13add_sub_scaleINtNtB6_7my_vect6VectordENtNtNtCsjGhrGKJQYpg_4core3ops5arith3Sub3subB6_
FNDA:1,_RNvNtNtCs5Okx3pz7b4S_7Lorenzo13add_sub_scale5testss_10matrix_add
FNDA:1,_RNvNtNtCs5Okx3pz7b4S_7Lorenzo13add_sub_scale5testss_10matrix_mul
FNDA:1,_RNvNtNtCs5Okx3pz7b4S_7Lorenzo13add_sub_scale5testss_10matrix_sub
FNDA:1,_RNvNtNtCs5Okx3pz7b4S_7Lorenzo13add_sub_scale5testss_10vector_add
FNDA:1,_RNvNtNtCs5Okx3pz7b4S_7Lorenzo13add_sub_scale5testss_10vector_mul
FNDA:1,_RNvNtNtCs5Okx3pz7b4S_7Lorenzo13add_sub_scale5testss_10vector_sub
FNDA:1,_RNvNtNtCs5Okx3pz7b4S_7Lorenzo13add_sub_scale5testss_11vector_iter
FNDA:1,_RNvNtNtCs5Okx3pz7b4S_7Lorenzo13add_sub_scale5testss_12matrix_scale
FNDA:1,_RNvNtNtCs5Okx3pz7b4S_7Lorenzo13add_sub_scale5testss_12vector_scale
FNDA:1,_RNvNtNtCs5Okx3pz7b4S_7Lorenzo13add_sub_scale5testss_17matrix_add_assign
FNDA:1,_RNvNtNtCs5Okx3pz7b4S_7Lorenzo13add_sub_scale5testss_17matrix_mul_assign
FNDA:1,_RNvNtNtCs5Okx3pz7b4S_7Lorenzo13add_sub_scale5testss_17matrix_sub_assign
FNDA:1,_RNvNtNtCs5Okx3pz7b4S_7Lorenzo13add_sub_scale5testss_17vector_add_assign
FNDA:1,_RNvNtNtCs5Okx3pz7b4S_7Lorenzo13add_sub_scale5testss_17vector_mul_assign
FNDA:1,_RNvNtNtCs5Okx3pz7b4S_7Lorenzo13add_sub_scale5testss_17vector_sub_assign
FNDA:1,_RNvXs5_NtCs5Okx3pz7b4S_7Lorenzo13add_sub_scaleINtNtB7_6my_mat6MatrixdENtNtNtCsjGhrGKJQYpg_4core3ops5arith3Add3addB7_
FNDA:2,_RNvXs6_NtCs5Okx3pz7b4S_7Lorenzo13add_sub_scaleINtNtB7_6my_mat6MatrixdENtNtNtCsjGhrGKJQYpg_4core3ops5arith9AddAssign10add_assignB7_
FNDA:1,_RNvXs7_NtCs5Okx3pz7b4S_7Lorenzo13add_sub_scaleINtNtB7_6my_mat6MatrixdENtNtNtCsjGhrGKJQYpg_4core3ops5arith3Sub3subB7_
FNDA:2,_RNvXs8_NtCs5Okx3pz7b4S_7Lorenzo13add_sub_scaleINtNtB7_6my_mat6MatrixdENtNtNtCsjGhrGKJQYpg_4core3ops5arith9SubAssign10sub_assignB7_
FNDA:1,_RNvXs9_NtCs5Okx3pz7b4S_7Lorenzo13add_sub_scaleINtNtB7_6my_mat6MatrixdEINtB5_5ScaledE5scaleB7_
FNF:31
FNH:31
DA:16,6
DA:17,6
DA:18,6
DA:19,15
DA:20,15
DA:21,15
DA:22,15
DA:23,15
DA:24,6
DA:25,6
DA:34,1
DA:35,1
DA:36,1
DA:37,2
DA:38,2
DA:39,2
DA:40,2
DA:41,2
DA:42,1
DA:43,1
DA:52,1
DA:53,1
DA:54,1
DA:55,2
DA:56,2
DA:57,2
DA:58,1
DA:59,1
DA:66,2
DA:67,2
DA:68,2
DA:69,4
DA:70,4
DA:71,4
DA:72,4
DA:73,2
DA:80,2
DA:81,2
DA:82,2
DA:83,4
DA:84,4
DA:85,4
DA:86,4
DA:87,2
DA:96,11
DA:97,11
DA:98,28
DA:99,28
DA:100,28
DA:101,11
DA:102,11
DA:109,2
DA:110,4
DA:111,4
DA:112,4
DA:113,2
DA:122,1
DA:123,1
DA:124,0
DA:125,1
DA:126,1
DA:127,1
DA:128,1
DA:129,1
DA:130,4
DA:131,1
DA:132,1
DA:133,1
DA:140,2
DA:141,2
DA:142,0
DA:143,2
DA:144,2
DA:145,2
DA:146,2
DA:147,2
DA:148,8
DA:149,2
DA:150,2
DA:151,2
DA:160,1
DA:161,1
DA:162,0
DA:163,1
DA:164,1
DA:165,1
DA:166,1
DA:167,1
DA:168,4
DA:169,1
DA:170,1
DA:171,1
DA:178,2
DA:179,2
DA:180,0
DA:181,2
DA:182,2
DA:183,2
DA:184,2
DA:185,2
DA:186,8
DA:187,2
DA:188,2
DA:189,2
DA:198,1
DA:199,1
DA:200,1
DA:201,4
DA:202,4
DA:203,4
DA:204,1
DA:205,1
DA:213,1
DA:214,1
DA:215,1
DA:216,1
DA:217,1
DA:218,1
DA:221,1
DA:222,1
DA:223,1
DA:224,1
DA:225,1
DA:226,1
DA:229,1
DA:230,1
DA:231,1
DA:232,1
DA:233,1
DA:234,1
DA:237,1
DA:238,1
DA:239,1
DA:240,1
DA:241,1
DA:242,1
DA:245,1
DA:246,1
DA:247,1
DA:248,1
DA:249,1
DA:252,1
DA:253,1
DA:254,1
DA:255,1
DA:256,1
DA:259,1
DA:260,1
DA:261,1
DA:262,1
DA:263,1
DA:266,1
DA:267,1
DA:268,1
DA:269,1
DA:271,1
DA:272,1
DA:273,1
DA:276,1
DA:277,1
DA:278,1
DA:279,1
DA:280,1
DA:281,1
DA:282,1
DA:283,1
DA:285,1
DA:288,1
DA:289,1
DA:290,1
DA:291,1
DA:292,1
DA:293,1
DA:294,1
DA:295,1
DA:297,1
DA:300,1
DA:301,1
DA:302,1
DA:303,1
DA:304,1
DA:305,1
DA:306,1
DA:307,1
DA:309,1
DA:312,1
DA:313,1
DA:314,1
DA:315,1
DA:316,1
DA:317,1
DA:318,1
DA:319,1
DA:321,1
DA:324,1
DA:325,1
DA:326,1
DA:327,1
DA:328,1
DA:329,1
DA:330,1
DA:332,1
DA:335,1
DA:336,1
DA:337,1
DA:338,1
DA:339,1
DA:340,1
DA:341,1
DA:343,1
DA:346,1
DA:347,1
DA:348,1
DA:349,1
DA:350,1
DA:351,1
DA:352,1
DA:354,1
BRDA:123,0,0,0
BRDA:123,0,1,1
BRDA:141,0,0,0
BRDA:141,0,1,2
BRDA:161,0,0,0
BRDA:161,0,1,1
BRDA:179,0,0,0
BRDA:179,0,1,2
BRF:8
BRH:4
LF:222
LH:218
end_of_record
SF:/home/runner/work/matrix/matrix/Lorenzo/src/cosine.rs
FN:26,_RNvNtNtCs5Okx3pz7b4S_7Lorenzo6cosine5tests9approx_eq
FN:55,_RNvNtNtCs5Okx3pz7b4S_7Lorenzo6cosine5testss_22test_angle_cos_complex
FN:47,_RNvNtNtCs5Okx3pz7b4S_7Lorenzo6cosine5testss_23test_angle_cos_opposite
FN:39,_RNvNtNtCs5Okx3pz7b4S_7Lorenzo6cosine5testss_23test_angle_cos_parallel
FN:31,_RNvNtNtCs5Okx3pz7b4S_7Lorenzo6cosine5testss_28test_angle_cos_perpendicular
FN:5,_RINvNtCs5Okx3pz7b4S_7Lorenzo6cosine9angle_cosINtCsfgC8lZo1XpD_11num_complex7ComplexfEEB4_
FN:5,_RINvNtCs5Okx3pz7b4S_7Lorenzo6cosine9angle_cosdEB4_
FNDA:4,_RNvNtNtCs5Okx3pz7b4S_7Lorenzo6cosine5tests9approx_eq
FNDA:1,_RNvNtNtCs5Okx3pz7b4S_7Lorenzo6cosine5testss_22test_angle_cos_complex
FNDA:1,_RNvNtNtCs5Okx3pz7b4S_7Lorenzo6cosine5testss_23test_angle_cos_opposite
FNDA:1,_RNvNtNtCs5Okx3pz7b4S_7Lorenzo6cosine5testss_23test_angle_cos_parallel
FNDA:1,_RNvNtNtCs5Okx3pz7b4S_7Lorenzo6cosine5testss_28test_angle_cos_perpendicular
FNDA:1,_RINvNtCs5Okx3pz7b4S_7Lorenzo6cosine9angle_cosINtCsfgC8lZo1XpD_11num_complex7ComplexfEEB4_
FNDA:3,_RINvNtCs5Okx3pz7b4S_7Lorenzo6cosine9angle_cosdEB4_
FNF:6
FNH:6
DA:5,4
DA:6,4
DA:7,4
DA:9,4
DA:10,4
DA:11,4
DA:12,0
DA:13,4
DA:14,4
DA:15,4
DA:16,4
DA:26,4
DA:27,4
DA:28,4
DA:31,1
DA:32,1
DA:33,1
DA:34,1
DA:35,1
DA:36,1
DA:39,1
DA:40,1
DA:41,1
DA:42,1
DA:43,1
DA:44,1
DA:47,1
DA:48,1
DA:49,1
DA:50,1
DA:51,1
DA:52,1
DA:55,1
DA:56,1
DA:57,1
DA:58,1
DA:59,1
DA:60,1
BRDA:11,0,0,0
BRDA:11,0,1,4
BRF:2
BRH:1
LF:38
LH:37
end_of_record
SF:/home/runner/work/matrix/matrix/Lorenzo/src/cross_prod.rs
FN:22,_RNvNtNtCs5Okx3pz7b4S_7Lorenzo10cross_prod5testss_19cross_product_basic
FN:42,_RNvNtNtCs5Okx3pz7b4S_7Lorenzo10cross_prod5testss_21cross_product_bad_dim
FN:31,_RNvNtNtCs5Okx3pz7b4S_7Lorenzo10cross_prod5testss_30cross_product_anti_commutative
FN:3,_RINvNtCs5Okx3pz7b4S_7Lorenzo10cross_prod13cross_productlEB4_
FNDA:1,_RNvNtNtCs5Okx3pz7b4S_7Lorenzo10cross_prod5testss_19cross_product_basic
FNDA:1,_RNvNtNtCs5Okx3pz7b4S_7Lorenzo10cross_prod5testss_21cross_product_bad_dim
FNDA:1,_RNvNtNtCs5Okx3pz7b4S_7Lorenzo10cross_prod5testss_30cross_product_anti_commutative
FNDA:4,_RINvNtCs5Okx3pz7b4S_7Lorenzo10cross_prod13cross_productlEB4_
FNF:4
FNH:4
DA:3,4
DA:4,4
DA:5,4
DA:7,4
DA:8,1
DA:9,3
DA:10,3
DA:11,3
DA:12,3
DA:13,3
DA:15,3
DA:22,1
DA:23,1
DA:24,1
DA:25,1
DA:27,1
DA:28,1
DA:31,1
DA:32,1
DA:33,1
DA:34,1
DA:35,1
DA:37,1
DA:38,1
DA:42,1
DA:43,1
DA:44,1
DA:45,1
DA:46,1
BRDA:7,0,0,1
BRDA:7,0,1,3
BRDA:7,1,2,0
BRDA:7,1,3,3
BRF:4
BRH:3
LF:29
LH:29
end_of_record
SF:/home/runner/work/matrix/matrix/Lorenzo/src/dot_prod.rs
FN:37,_RNvMNtCs5Okx3pz7b4S_7Lorenzo8dot_prodINtNtB4_7my_vect6VectorINtCsfgC8lZo1XpD_11num_complex7ComplexfEE3dotB4_
FN:8,_RNvMs0_NtCs5Okx3pz7b4S_7Lorenzo8dot_prodINtNtB7_7my_vect6VectorfE3dot
FN:8,_RNvMs1_NtCs5Okx3pz7b4S_7Lorenzo8dot_prodINtNtB7_7my_vect6VectordE3dot
FN:8,_RNvMs2_NtCs5Okx3pz7b4S_7Lorenzo8dot_prodINtNtB7_7my_vect6VectorlE3dot
FN:123,_RNvNtNtCs5Okx3pz7b4S_7Lorenzo8dot_prod5testss_17test_dot_f32_real
FN:131,_RNvNtNtCs5Okx3pz7b4S_7Lorenzo8dot_prod5testss_20test_dot_f32_complex
FN:97,_RNvNtNtCs5Okx3pz7b4S_7Lorenzo8dot_prod5testss_20test_dot_product_f32
FN:89,_RNvNtNtCs5Okx3pz7b4S_7Lorenzo8dot_prod5testss_20test_dot_product_f64
FN:105,_RNvNtNtCs5Okx3pz7b4S_7Lorenzo8dot_prod5testss_20test_dot_product_i32
FN:113,_RNvNtNtCs5Okx3pz7b4S_7Lorenzo8dot_prod5testss_34test_dot_product_complex_hermitian
FN:141,_RNvNtNtCs5Okx3pz7b4S_7Lorenzo8dot_prod5testss_34test_dot_product_different_lengths
FN:57,_RNvXs6_NtCs5Okx3pz7b4S_7Lorenzo8dot_prodINtNtB7_7my_vect6VectordENtB5_6DotF327dot_f32
FN:75,_RNvXs_NtCs5Okx3pz7b4S_7Lorenzo8dot_prodINtNtB6_7my_vect6VectorINtCsfgC8lZo1XpD_11num_complex7ComplexfEENtB4_6DotF327dot_f32B6_
FN:8,_RNvMs3_NtCs5Okx3pz7b4S_7Lorenzo8dot_prodINtNtB7_7my_vect6VectorxE3dot
FN:8,_RNvMs4_NtCs5Okx3pz7b4S_7Lorenzo8dot_prodINtNtB7_7my_vect6VectoriE3dot
FN:57,_RNvXs5_NtCs5Okx3pz7b4S_7Lorenzo8dot_prodINtNtB7_7my_vect6VectorfENtB5_6DotF327dot_f32
FN:57,_RNvXs7_NtCs5Okx3pz7b4S_7Lorenzo8dot_prodINtNtB7_7my_vect6VectorlENtB5_6DotF327dot_f32
FN:57,_RNvXs8_NtCs5Okx3pz7b4S_7Lorenzo8dot_prodINtNtB7_7my_vect6VectorxENtB5_6DotF327dot_f32
FN:57,_RNvXs9_NtCs5Okx3pz7b4S_7Lorenzo8dot_prodINtNtB7_7my_vect6VectoriENtB5_6DotF327dot_f32
FNDA:3,_RNvMNtCs5Okx3pz7b4S_7Lorenzo8dot_prodINtNtB4_7my_vect6VectorINtCsfgC8lZo1XpD_11num_complex7ComplexfEE3dotB4_
FNDA:1,_RNvMs0_NtCs5Okx3pz7b4S_7Lorenzo8dot_prodINtNtB7_7my_vect6VectorfE3dot
FNDA:6,_RNvMs1_NtCs5Okx3pz7b4S_7Lorenzo8dot_prodINtNtB7_7my_vect6VectordE3dot
FNDA:1,_RNvMs2_NtCs5Okx3pz7b4S_7Lorenzo8dot_prodINtNtB7_7my_vect6VectorlE3dot
FNDA:1,_RNvNtNtCs5Okx3pz7b4S_7Lorenzo8dot_prod5testss_17test_dot_f32_real
FNDA:1,_RNvNtNtCs5Okx3pz7b4S_7Lorenzo8dot_prod5testss_20test_dot_f32_complex
FNDA:1,_RNvNtNtCs5Okx3pz7b4S_7Lorenzo8dot_prod5testss_20test_dot_product_f32
FNDA:1,_RNvNtNtCs5Okx3pz7b4S_7Lorenzo8dot_prod5testss_20test_dot_product_f64
FNDA:1,_RNvNtNtCs5Okx3pz7b4S_7Lorenzo8dot_prod5testss_20test_dot_product_i32
FNDA:1,_RNvNtNtCs5Okx3pz7b4S_7Lorenzo8dot_prod5testss_34test_dot_product_complex_hermitian
FNDA:1,_RNvNtNtCs5Okx3pz7b4S_7Lorenzo8dot_prod5testss_34test_dot_product_different_lengths
FNDA:4,_RNvXs6_NtCs5Okx3pz7b4S_7Lorenzo8dot_prodINtNtB7_7my_vect6VectordENtB5_6DotF327dot_f32
FNDA:2,_RNvXs_NtCs5Okx3pz7b4S_7Lorenzo8dot_prodINtNtB6_7my_vect6VectorINtCsfgC8lZo1XpD_11num_complex7ComplexfEENtB4_6DotF327dot_f32B6_
FNDA:0,_RNvMs3_NtCs5Okx3pz7b4S_7Lorenzo8dot_prodINtNtB7_7my_vect6VectorxE3dot
FNDA:0,_RNvMs4_NtCs5Okx3pz7b4S_7Lorenzo8dot_prodINtNtB7_7my_vect6VectoriE3dot
FNDA:0,_RNvXs5_NtCs5Okx3pz7b4S_7Lorenzo8dot_prodINtNtB7_7my_vect6VectorfENtB5_6DotF327dot_f32
FNDA:0,_RNvXs7_NtCs5Okx3pz7b4S_7Lorenzo8dot_prodINtNtB7_7my_vect6VectorlENtB5_6DotF327dot_f32
FNDA:0,_RNvXs8_NtCs5Okx3pz7b4S_7Lorenzo8dot_prodINtNtB7_7my_vect6VectorxENtB5_6DotF327dot_f32
FNDA:0,_RNvXs9_NtCs5Okx3pz7b4S_7Lorenzo8dot_prodINtNtB7_7my_vect6VectoriENtB5_6DotF327dot_f32
FNF:11
FNH:11
DA:8,8
DA:9,8
DA:10,8
DA:12,8
DA:13,1
DA:14,7
DA:15,7
DA:16,16
DA:17,16
DA:18,16
DA:19,16
DA:20,7
DA:21,7
DA:37,3
DA:38,3
DA:39,0
DA:40,3
DA:41,3
DA:42,3
DA:43,3
DA:44,3
DA:45,3
DA:46,3
DA:47,3
DA:57,4
DA:58,4
DA:59,4
DA:60,4
DA:75,2
DA:76,2
DA:77,2
DA:78,2
DA:79,2
DA:89,1
DA:90,1
DA:91,1
DA:92,1
DA:93,1
DA:94,1
DA:97,1
DA:98,1
DA:99,1
DA:100,1
DA:101,1
DA:102,1
DA:105,1
DA:106,1
DA:107,1
DA:108,1
DA:109,1
DA:110,1
DA:113,1
DA:115,1
DA:116,1
DA:117,1
DA:119,1
DA:120,1
DA:123,1
DA:124,1
DA:125,1
DA:126,1
DA:127,1
DA:128,1
DA:131,1
DA:132,1
DA:133,1
DA:134,1
DA:136,1
DA:137,1
DA:141,1
DA:142,1
DA:143,1
DA:144,1
DA:145,1
BRDA:38,0,0,0
BRDA:38,0,1,3
BRF:2
BRH:1
LF:74
LH:73
end_of_record
SF:/home/runner/work/matrix/matrix/Lorenzo/src/linear_combo.rs
FN:33,_RNvNtNtCs5Okx3pz7b4S_7Lorenzo12linear_combo5testss_29test_linear_combination_basic
FN:88,_RNvNtNtCs5Okx3pz7b4S_7Lorenzo12linear_combo5testss_37test_linear_combination_empty_vectors
FN:48,_RNvNtNtCs5Okx3pz7b4S_7Lorenzo12linear_combo5testss_37test_linear_combination_three_vectors
FN:64,_RNvNtNtCs5Okx3pz7b4S_7Lorenzo12linear_combo5testss_40test_linear_combination_zero_coefficient
FN:80,_RNvNtNtCs5Okx3pz7b4S_7Lorenzo12linear_combo5testss_42test_linear_combination_mismatched_lengths
FN:96,_RNvNtNtCs5Okx3pz7b4S_7Lorenzo12linear_combo5testss_44test_linear_combination_different_dimensions
FN:3,_RINvNtCs5Okx3pz7b4S_7Lorenzo12linear_combo18linear_combinationdEB4_
FNDA:1,_RNvNtNtCs5Okx3pz7b4S_7Lorenzo12linear_combo5testss_29test_linear_combination_basic
FNDA:1,_RNvNtNtCs5Okx3pz7b4S_7Lorenzo12linear_combo5testss_37test_linear_combination_empty_vectors
FNDA:1,_RNvNtNtCs5Okx3pz7b4S_7Lorenzo12linear_combo5testss_37test_linear_combination_three_vectors
FNDA:1,_RNvNtNtCs5Okx3pz7b4S_7Lorenzo12linear_combo5testss_40test_linear_combination_zero_coefficient
FNDA:1,_RNvNtNtCs5Okx3pz7b4S_7Lorenzo12linear_combo5testss_42test_linear_combination_mismatched_lengths
FNDA:1,_RNvNtNtCs5Okx3pz7b4S_7Lorenzo12linear_combo5testss_44test_linear_combination_different_dimensions
FNDA:8,_RINvNtCs5Okx3pz7b4S_7Lorenzo12linear_combo18linear_combinationdEB4_
FNF:7
FNH:7
DA:3,8
DA:4,8
DA:5,8
DA:7,8
DA:8,1
DA:9,7
DA:10,7
DA:11,1
DA:12,6
DA:13,6
DA:14,6
DA:15,15
DA:16,15
DA:17,1
DA:18,14
DA:19,34
DA:20,34
DA:21,34
DA:24,5
DA:25,5
DA:33,1
DA:34,1
DA:35,1
DA:36,1
DA:38,1
DA:39,1
DA:40,1
DA:41,1
DA:42,2
DA:43,2
DA:45,1
DA:48,1
DA:49,1
DA:50,1
DA:51,1
DA:52,1
DA:54,1
DA:55,1
DA:56,1
DA:57,1
DA:58,3
DA:59,3
DA:61,1
DA:64,1
DA:65,1
DA:66,1
DA:67,1
DA:69,1
DA:70,1
DA:71,1
DA:72,1
DA:73,2
DA:74,2
DA:76,1
DA:80,1
DA:81,1
DA:82,1
DA:83,1
DA:84,1
DA:88,1
DA:89,1
DA:90,1
DA:91,1
DA:92,1
DA:96,1
DA:97,1
DA:98,1
DA:99,1
DA:101,1
DA:102,1
DA:103,1
BRDA:7,0,0,1
BRDA:7,0,1,7
BRDA:10,0,0,1
BRDA:10,0,1,6
BRDA:16,0,0,1
BRDA:16,0,1,14
BRF:6
BRH:6
LF:71
LH:71
end_of_record
SF:/home/runner/work/matrix/matrix/Lorenzo/src/linear_inter.rs
FN:40,_RNvNtNtCs5Okx3pz7b4S_7Lorenzo12linear_inter5testss_16test_lerp_at_end
FN:51,_RNvNtNtCs5Okx3pz7b4S_7Lorenzo12linear_inter5testss_17test_lerp_quarter
FN:29,_RNvNtNtCs5Okx3pz7b4S_7Lorenzo12linear_inter5testss_18test_lerp_at_start
FN:17,_RNvNtNtCs5Okx3pz7b4S_7Lorenzo12linear_inter5testss_18test_lerp_midpoint
FN:64,_RNvNtNtCs5Okx3pz7b4S_7Lorenzo12linear_inter5testss_20test_lerp_negative_t
FN:72,_RNvNtNtCs5Okx3pz7b4S_7Lorenzo12linear_inter5testss_28test_lerp_t_greater_than_one
FN:1,_RINvNtCs5Okx3pz7b4S_7Lorenzo12linear_inter4lerpINtNtB4_7my_vect6VectorfEEB4_
FNDA:1,_RNvNtNtCs5Okx3pz7b4S_7Lorenzo12linear_inter5testss_16test_lerp_at_end
FNDA:1,_RNvNtNtCs5Okx3pz7b4S_7Lorenzo12linear_inter5testss_17test_lerp_quarter
FNDA:1,_RNvNtNtCs5Okx3pz7b4S_7Lorenzo12linear_inter5testss_18test_lerp_at_start
FNDA:1,_RNvNtNtCs5Okx3pz7b4S_7Lorenzo12linear_inter5testss_18test_lerp_midpoint
FNDA:1,_RNvNtNtCs5Okx3pz7b4S_7Lorenzo12linear_inter5testss_20test_lerp_negative_t
FNDA:1,_RNvNtNtCs5Okx3pz7b4S_7Lorenzo12linear_inter5testss_28test_lerp_t_greater_than_one
FNDA:7,_RINvNtCs5Okx3pz7b4S_7Lorenzo12linear_inter4lerpINtNtB4_7my_vect6VectorfEEB4_
FNF:7
FNH:7
DA:1,7
DA:2,7
DA:3,7
DA:5,7
DA:6,2
DA:7,5
DA:8,5
DA:9,5
DA:17,1
DA:18,1
DA:19,1
DA:20,1
DA:21,1
DA:22,1
DA:23,2
DA:24,2
DA:26,1
DA:29,1
DA:30,1
DA:31,1
DA:32,1
DA:33,1
DA:34,3
DA:35,3
DA:37,1
DA:40,1
DA:41,1
DA:42,1
DA:43,1
DA:44,1
DA:45,3
DA:46,3
DA:48,1
DA:51,1
DA:52,1
DA:53,1
DA:54,1
DA:55,1
DA:56,1
DA:57,2
DA:58,2
DA:60,1
DA:64,1
DA:65,1
DA:66,1
DA:67,1
DA:68,1
DA:72,1
DA:73,1
DA:74,1
DA:75,1
DA:76,1
BRDA:5,0,0,1
BRDA:5,0,1,6
BRDA:5,1,2,1
BRDA:5,1,3,5
BRF:4
BRH:4
LF:52
LH:52
end_of_record
SF:/home/runner/work/matrix/matrix/Lorenzo/src/linear_map.rs
FN:178,_RINvNtCs5Okx3pz7b4S_7Lorenzo10linear_map10matmul_reflEB4_
FN:210,_RNCINvNtCs5Okx3pz7b4S_7Lorenzo10linear_map10matmul_reflE0B6_
FN:17,_RNCNvXNtCs5Okx3pz7b4S_7Lorenzo10linear_mapINtNtB6_6my_mat6MatrixdEINtNtNtCsjGhrGKJQYpg_4core3ops5arith3MuldE3mul0B6_
FN:131,_RNCNvXs2_NtCs5Okx3pz7b4S_7Lorenzo10linear_mapINtNtB9_6my_mat6MatrixlENtNtNtCsjGhrGKJQYpg_4core3ops5arith3Mul3muls_0B9_
FN:289,_RNCNvXs4_NtCs5Okx3pz7b4S_7Lorenzo10linear_mapINtNtB9_6my_mat6MatrixlEINtNtNtCsjGhrGKJQYpg_4core3ops5arith3MulINtNtB9_7my_vect6VectorlEE3mul0B9_
FN:343,_RNCNvXs5_NtCs5Okx3pz7b4S_7Lorenzo10linear_mapRINtNtB9_6my_mat6MatrixlEINtNtNtCsjGhrGKJQYpg_4core3ops5arith3MulRINtNtB9_7my_vect6VectorlEE3mul0B9_
FN:34,_RNCNvXs_NtCs5Okx3pz7b4S_7Lorenzo10linear_mapRINtNtB8_6my_mat6MatrixlEINtNtNtCsjGhrGKJQYpg_4core3ops5arith3MullE3mul0B8_
FN:58,_RNvMs1_NtCs5Okx3pz7b4S_7Lorenzo10linear_mapINtNtB7_6my_mat6MatrixlE10dot_vectorB7_
FN:13,_RNvXNtCs5Okx3pz7b4S_7Lorenzo10linear_mapINtNtB4_6my_mat6MatrixdEINtNtNtCsjGhrGKJQYpg_4core3ops5arith3MuldE3mulB4_
FN:44,_RNvXs0_NtCs5Okx3pz7b4S_7Lorenzo10linear_mapINtNtB7_6my_mat6MatrixdEINtNtNtCsjGhrGKJQYpg_4core3ops5arith9MulAssigndE10mul_assignB7_
FN:87,_RNvXs2_NtCs5Okx3pz7b4S_7Lorenzo10linear_mapINtNtB7_6my_mat6MatrixlENtNtNtCsjGhrGKJQYpg_4core3ops5arith3Mul3mulB7_
FN:252,_RNvXs3_NtCs5Okx3pz7b4S_7Lorenzo10linear_mapRINtNtB7_6my_mat6MatrixlENtNtNtCsjGhrGKJQYpg_4core3ops5arith3Mul3mulB7_
FN:266,_RNvXs4_NtCs5Okx3pz7b4S_7Lorenzo10linear_mapINtNtB7_6my_mat6MatrixlEINtNtNtCsjGhrGKJQYpg_4core3ops5arith3MulINtNtB7_7my_vect6VectorlEE3mulB7_
FN:325,_RNvXs5_NtCs5Okx3pz7b4S_7Lorenzo10linear_mapRINtNtB7_6my_mat6MatrixlEINtNtNtCsjGhrGKJQYpg_4core3ops5arith3MulRINtNtB7_7my_vect6VectorlEE3mulB7_
FN:30,_RNvXs_NtCs5Okx3pz7b4S_7Lorenzo10linear_mapRINtNtB6_6my_mat6MatrixlEINtNtNtCsjGhrGKJQYpg_4core3ops5arith3MullE3mulB6_
FN:408,_RNvNtNtCs5Okx3pz7b4S_7Lorenzo10linear_map5testss_10mat_vec_nd
FN:440,_RNvNtNtCs5Okx3pz7b4S_7Lorenzo10linear_map5testss_16borrowed_mat_vec
FN:428,_RNvNtNtCs5Okx3pz7b4S_7Lorenzo10linear_map5testss_18borrowed_matmul_2d
FN:455,_RNvNtNtCs5Okx3pz7b4S_7Lorenzo10linear_map5testss_19borrowed_scalar_mul
FN:421,_RNvNtNtCs5Okx3pz7b4S_7Lorenzo10linear_map5testss_23matmul_bad_contract_dim
FN:464,_RNvNtNtCs5Okx3pz7b4S_7Lorenzo10linear_map5testss_30rank1_matrix_vector_scalar_dot
FN:378,_RNvNtNtCs5Okx3pz7b4S_7Lorenzo10linear_map5testss_9matmul_2d
FN:390,_RNvNtNtCs5Okx3pz7b4S_7Lorenzo10linear_map5testss_9matmul_nd
FN:120,_RNCNvXININtCs5Okx3pz7b4S_7Lorenzo10linear_maps2_0pEINtNtB9_6my_mat6MatrixpENtNtNtCsjGhrGKJQYpg_4core3ops5arith3Mul3mul0B9_
FNDA:1,_RINvNtCs5Okx3pz7b4S_7Lorenzo10linear_map10matmul_reflEB4_
FNDA:4,_RNCINvNtCs5Okx3pz7b4S_7Lorenzo10linear_map10matmul_reflE0B6_
FNDA:4,_RNCNvXNtCs5Okx3pz7b4S_7Lorenzo10linear_mapINtNtB6_6my_mat6MatrixdEINtNtNtCsjGhrGKJQYpg_4core3ops5arith3MuldE3mul0B6_
FNDA:34,_RNCNvXs2_NtCs5Okx3pz7b4S_7Lorenzo10linear_mapINtNtB9_6my_mat6MatrixlENtNtNtCsjGhrGKJQYpg_4core3ops5arith3Mul3muls_0B9_
FNDA:6,_RNCNvXs4_NtCs5Okx3pz7b4S_7Lorenzo10linear_mapINtNtB9_6my_mat6MatrixlEINtNtNtCsjGhrGKJQYpg_4core3ops5arith3MulINtNtB9_7my_vect6VectorlEE3mul0B9_
FNDA:6,_RNCNvXs5_NtCs5Okx3pz7b4S_7Lorenzo10linear_mapRINtNtB9_6my_mat6MatrixlEINtNtNtCsjGhrGKJQYpg_4core3ops5arith3MulRINtNtB9_7my_vect6VectorlEE3mul0B9_
FNDA:4,_RNCNvXs_NtCs5Okx3pz7b4S_7Lorenzo10linear_mapRINtNtB8_6my_mat6MatrixlEINtNtNtCsjGhrGKJQYpg_4core3ops5arith3MullE3mul0B8_
FNDA:1,_RNvMs1_NtCs5Okx3pz7b4S_7Lorenzo10linear_mapINtNtB7_6my_mat6MatrixlE10dot_vectorB7_
FNDA:1,_RNvXNtCs5Okx3pz7b4S_7Lorenzo10linear_mapINtNtB4_6my_mat6MatrixdEINtNtNtCsjGhrGKJQYpg_4core3ops5arith3MuldE3mulB4_
FNDA:2,_RNvXs0_NtCs5Okx3pz7b4S_7Lorenzo10linear_mapINtNtB7_6my_mat6MatrixdEINtNtNtCsjGhrGKJQYpg_4core3ops5arith9MulAssigndE10mul_assignB7_
FNDA:3,_RNvXs2_NtCs5Okx3pz7b4S_7Lorenzo10linear_mapINtNtB7_6my_mat6MatrixlENtNtNtCsjGhrGKJQYpg_4core3ops5arith3Mul3mulB7_
FNDA:1,_RNvXs3_NtCs5Okx3pz7b4S_7Lorenzo10linear_mapRINtNtB7_6my_mat6MatrixlENtNtNtCsjGhrGKJQYpg_4core3ops5arith3Mul3mulB7_
FNDA:1,_RNvXs4_NtCs5Okx3pz7b4S_7Lorenzo10linear_mapINtNtB7_6my_mat6MatrixlEINtNtNtCsjGhrGKJQYpg_4core3ops5arith3MulINtNtB7_7my_vect6VectorlEE3mulB7_
FNDA:1,_RNvXs5_NtCs5Okx3pz7b4S_7Lorenzo10linear_mapRINtNtB7_6my_mat6MatrixlEINtNtNtCsjGhrGKJQYpg_4core3ops5arith3MulRINtNtB7_7my_vect6VectorlEE3mulB7_
FNDA:1,_RNvXs_NtCs5Okx3pz7b4S_7Lorenzo10linear_mapRINtNtB6_6my_mat6MatrixlEINtNtNtCsjGhrGKJQYpg_4core3ops5arith3MullE3mulB6_
FNDA:1,_RNvNtNtCs5Okx3pz7b4S_7Lorenzo10linear_map5testss_10mat_vec_nd
FNDA:1,_RNvNtNtCs5Okx3pz7b4S_7Lorenzo10linear_map5testss_16borrowed_mat_vec
FNDA:1,_RNvNtNtCs5Okx3pz7b4S_7Lorenzo10linear_map5testss_18borrowed_matmul_2d
FNDA:1,_RNvNtNtCs5Okx3pz7b4S_7Lorenzo10linear_map5testss_19borrowed_scalar_mul
FNDA:1,_RNvNtNtCs5Okx3pz7b4S_7Lorenzo10linear_map5testss_23matmul_bad_contract_dim
FNDA:1,_RNvNtNtCs5Okx3pz7b4S_7Lorenzo10linear_map5testss_30rank1_matrix_vector_scalar_dot
FNDA:1,_RNvNtNtCs5Okx3pz7b4S_7Lorenzo10linear_map5testss_9matmul_2d
FNDA:1,_RNvNtNtCs5Okx3pz7b4S_7Lorenzo10linear_map5testss_9matmul_nd
FNDA:0,_RNCNvXININtCs5Okx3pz7b4S_7Lorenzo10linear_maps2_0pEINtNtB9_6my_mat6MatrixpENtNtNtCsjGhrGKJQYpg_4core3ops5arith3Mul3mul0B9_
FNF:24
FNH:23
DA:13,1
DA:14,1
DA:15,1
DA:16,1
DA:17,4
DA:18,1
DA:19,1
DA:20,1
DA:30,1
DA:31,1
DA:32,1
DA:33,1
DA:34,4
DA:35,1
DA:36,1
DA:37,1
DA:44,2
DA:45,8
DA:46,8
DA:47,8
DA:48,2
DA:58,1
DA:59,1
DA:60,1
DA:61,1
DA:62,1
DA:63,3
DA:64,3
DA:65,3
DA:66,3
DA:67,3
DA:68,1
DA:69,1
DA:87,3
DA:88,3
DA:89,3
DA:90,3
DA:91,3
DA:92,0
DA:95,3
DA:96,3
DA:97,3
DA:98,3
DA:99,1
DA:105,2
DA:106,2
DA:107,2
DA:109,2
DA:110,0
DA:111,2
DA:113,2
DA:114,2
DA:116,2
DA:117,2
DA:120,2
DA:121,0
DA:122,0
DA:123,0
DA:124,0
DA:125,0
DA:126,0
DA:127,0
DA:128,0
DA:129,0
DA:131,34
DA:132,34
DA:133,0
DA:134,34
DA:135,34
DA:136,98
DA:137,98
DA:138,98
DA:139,98
DA:140,98
DA:141,34
DA:142,34
DA:144,34
DA:145,34
DA:148,34
DA:149,34
DA:150,34
DA:151,34
DA:153,34
DA:155,132
DA:156,132
DA:157,132
DA:158,132
DA:159,132
DA:160,132
DA:161,132
DA:162,132
DA:163,132
DA:164,132
DA:165,132
DA:166,132
DA:167,132
DA:168,132
DA:169,132
DA:170,34
DA:173,2
DA:174,2
DA:178,1
DA:179,1
DA:180,1
DA:182,1
DA:183,1
DA:184,1
DA:185,1
DA:186,0
DA:189,1
DA:190,1
DA:191,1
DA:192,1
DA:193,0
DA:198,1
DA:199,1
DA:200,1
DA:201,1
DA:202,0
DA:203,1
DA:204,1
DA:205,1
DA:207,1
DA:208,1
DA:210,4
DA:211,4
DA:212,0
DA:213,4
DA:214,4
DA:215,8
DA:216,8
DA:217,8
DA:218,8
DA:219,8
DA:220,4
DA:221,4
DA:223,4
DA:224,4
DA:225,4
DA:226,4
DA:227,4
DA:228,4
DA:229,4
DA:230,8
DA:231,8
DA:232,8
DA:233,8
DA:234,8
DA:235,8
DA:236,8
DA:237,8
DA:238,8
DA:239,8
DA:240,8
DA:241,4
DA:243,1
DA:244,1
DA:252,1
DA:253,1
DA:254,1
DA:266,1
DA:267,1
DA:268,1
DA:269,1
DA:270,0
DA:272,1
DA:273,1
DA:274,1
DA:275,0
DA:277,0
DA:282,1
DA:283,0
DA:284,1
DA:285,1
DA:286,1
DA:289,6
DA:290,6
DA:291,0
DA:292,6
DA:293,6
DA:294,12
DA:295,12
DA:296,12
DA:297,12
DA:298,12
DA:299,6
DA:300,6
DA:302,6
DA:303,6
DA:304,6
DA:305,24
DA:306,24
DA:307,24
DA:308,24
DA:309,24
DA:310,24
DA:311,24
DA:312,6
DA:315,1
DA:316,1
DA:325,1
DA:326,1
DA:327,1
DA:328,1
DA:329,0
DA:331,1
DA:332,1
DA:333,1
DA:334,0
DA:336,0
DA:338,1
DA:339,0
DA:340,1
DA:341,1
DA:342,1
DA:343,6
DA:344,6
DA:345,0
DA:346,6
DA:347,6
DA:348,12
DA:349,12
DA:350,12
DA:351,12
DA:352,12
DA:353,6
DA:354,6
DA:355,6
DA:356,6
DA:357,6
DA:358,24
DA:359,24
DA:360,24
DA:361,24
DA:362,24
DA:363,24
DA:364,24
DA:365,6
DA:367,1
DA:368,1
DA:378,1
DA:379,1
DA:380,1
DA:381,1
DA:382,1
DA:383,1
DA:384,1
DA:385,1
DA:387,1
DA:390,1
DA:392,1
DA:393,1
DA:394,1
DA:396,1
DA:397,1
DA:398,1
DA:399,1
DA:400,1
DA:403,1
DA:404,1
DA:405,1
DA:408,1
DA:410,1
DA:411,1
DA:412,1
DA:414,1
DA:415,1
DA:416,1
DA:417,1
DA:421,1
DA:422,1
DA:423,1
DA:424,1
DA:425,1
DA:428,1
DA:429,1
DA:430,1
DA:431,1
DA:433,1
DA:434,1
DA:435,1
DA:436,1
DA:437,1
DA:440,1
DA:442,1
DA:443,1
DA:444,1
DA:446,1
DA:447,1
DA:448,1
DA:450,1
DA:451,1
DA:452,1
DA:455,1
DA:456,1
DA:457,1
DA:458,1
DA:460,1
DA:461,1
DA:464,1
DA:465,1
DA:466,1
DA:467,1
DA:468,1
DA:469,1
BRDA:91,0,0,3
BRDA:91,0,1,0
BRDA:91,1,2,3
BRDA:91,1,3,0
BRDA:109,0,0,0
BRDA:109,0,1,2
BRDA:132,0,0,0
BRDA:132,0,1,34
BRDA:185,0,0,1
BRDA:185,0,1,0
BRDA:185,1,2,1
BRDA:185,1,3,0
BRDA:201,0,0,0
BRDA:201,0,1,1
BRDA:211,0,0,0
BRDA:211,0,1,4
BRDA:282,0,0,0
BRDA:282,0,1,1
BRDA:290,0,0,0
BRDA:290,0,1,6
BRDA:338,0,0,0
BRDA:338,0,1,1
BRDA:344,0,0,0
BRDA:344,0,1,6
BRF:24
BRH:12
LF:312
LH:285
end_of_record
SF:/home/runner/work/matrix/matrix/Lorenzo/src/main.rs
FN:323,_RINvNtCs5Okx3pz7b4S_7Lorenzo5tests10to_f64_vecdINtNtNtNtCsjGhrGKJQYpg_4core4iter8adapters6cloned6ClonedINtNtNtBS_5slice4iter4IterdEEEB4_
FN:323,_RINvNtCs5Okx3pz7b4S_7Lorenzo5tests10to_f64_vecfINtNtNtNtCsjGhrGKJQYpg_4core4iter8adapters6cloned6ClonedINtNtNtBS_5slice4iter4IterfEEEB4_
FN:325,_RNCINvNtCs5Okx3pz7b4S_7Lorenzo5tests10to_f64_vecdINtNtNtNtCsjGhrGKJQYpg_4core4iter8adapters6cloned6ClonedINtNtNtBU_5slice4iter4IterdEEE0B6_
FN:325,_RNCINvNtCs5Okx3pz7b4S_7Lorenzo5tests10to_f64_vecfINtNtNtNtCsjGhrGKJQYpg_4core4iter8adapters6cloned6ClonedINtNtNtBU_5slice4iter4IterfEEE0B6_
FN:319,_RNvNtCs5Okx3pz7b4S_7Lorenzo5tests13approx_eq_f32
FN:330,_RNvNtCs5Okx3pz7b4S_7Lorenzo5testss_20vector_add_sub_scale
FN:398,_RNvNtCs5Okx3pz7b4S_7Lorenzo5testss_22norms_real_and_complex
FN:350,_RNvNtCs5Okx3pz7b4S_7Lorenzo5testss_30matrix_add_sub_scale_and_index
FN:371,_RNvNtCs5Okx3pz7b4S_7Lorenzo5testss_36linear_combination_and_lerp_examples
FN:30,_RNvCs5Okx3pz7b4S_7Lorenzo3sub
FN:34,_RNvCs5Okx3pz7b4S_7Lorenzo4main
FN:26,_RNvCs5Okx3pz7b4S_7Lorenzo6header
FNDA:5,_RINvNtCs5Okx3pz7b4S_7Lorenzo5tests10to_f64_vecdINtNtNtNtCsjGhrGKJQYpg_4core4iter8adapters6cloned6ClonedINtNtNtBS_5slice4iter4IterdEEEB4_
FNDA:1,_RINvNtCs5Okx3pz7b4S_7Lorenzo5tests10to_f64_vecfINtNtNtNtCsjGhrGKJQYpg_4core4iter8adapters6cloned6ClonedINtNtNtBS_5slice4iter4IterfEEEB4_
FNDA:11,_RNCINvNtCs5Okx3pz7b4S_7Lorenzo5tests10to_f64_vecdINtNtNtNtCsjGhrGKJQYpg_4core4iter8adapters6cloned6ClonedINtNtNtBU_5slice4iter4IterdEEE0B6_
FNDA:3,_RNCINvNtCs5Okx3pz7b4S_7Lorenzo5tests10to_f64_vecfINtNtNtNtCsjGhrGKJQYpg_4core4iter8adapters6cloned6ClonedINtNtNtBU_5slice4iter4IterfEEE0B6_
FNDA:2,_RNvNtCs5Okx3pz7b4S_7Lorenzo5tests13approx_eq_f32
FNDA:1,_RNvNtCs5Okx3pz7b4S_7Lorenzo5testss_20vector_add_sub_scale
FNDA:1,_RNvNtCs5Okx3pz7b4S_7Lorenzo5testss_22norms_real_and_complex
FNDA:1,_RNvNtCs5Okx3pz7b4S_7Lorenzo5testss_30matrix_add_sub_scale_and_index
FNDA:1,_RNvNtCs5Okx3pz7b4S_7Lorenzo5testss_36linear_combination_and_lerp_examples
FNDA:0,_RNvCs5Okx3pz7b4S_7Lorenzo3sub
FNDA:0,_RNvCs5Okx3pz7b4S_7Lorenzo4main
FNDA:0,_RNvCs5Okx3pz7b4S_7Lorenzo6header
FNF:10
FNH:7
DA:26,0
DA:27,0
DA:28,0
DA:30,0
DA:31,0
DA:32,0
DA:34,0
DA:36,0
DA:37,0
DA:38,0
DA:39,0
DA:40,0
DA:41,0
DA:42,0
DA:43,0
DA:44,0
DA:45,0
DA:46,0
DA:47,0
DA:48,0
DA:50,0
DA:51,0
DA:52,0
DA:53,0
DA:54,0
DA:55,0
DA:56,0
DA:57,0
DA:59,0
DA:60,0
DA:61,0
DA:62,0
DA:63,0
DA:64,0
DA:65,0
DA:66,0
DA:67,0
DA:68,0
DA:69,0
DA:70,0
DA:71,0
DA:72,0
DA:76,0
DA:77,0
DA:78,0
DA:79,0
DA:80,0
DA:82,0
DA:83,0
DA:84,0
DA:85,0
DA:86,0
DA:87,0
DA:88,0
DA:89,0
DA:90,0
DA:91,0
DA:92,0
DA:93,0
DA:94,0
DA:96,0
DA:97,0
DA:98,0
DA:100,0
DA:103,0
DA:104,0
DA:105,0
DA:106,0
DA:107,0
DA:110,0
DA:111,0
DA:112,0
DA:113,0
DA:114,0
DA:117,0
DA:118,0
DA:119,0
DA:120,0
DA:121,0
DA:122,0
DA:123,0
DA:124,0
DA:125,0
DA:126,0
DA:127,0
DA:128,0
DA:129,0
DA:130,0
DA:131,0
DA:135,0
DA:136,0
DA:137,0
DA:138,0
DA:140,0
DA:141,0
DA:142,0
DA:144,0
DA:145,0
DA:146,0
DA:147,0
DA:148,0
DA:149,0
DA:150,0
DA:151,0
DA:154,0
DA:155,0
DA:156,0
DA:157,0
DA:158,0
DA:159,0
DA:160,0
DA:161,0
DA:162,0
DA:164,0
DA:165,0
DA:166,0
DA:167,0
DA:168,0
DA:169,0
DA:170,0
DA:172,0
DA:173,0
DA:174,0
DA:175,0
DA:176,0
DA:177,0
DA:178,0
DA:182,0
DA:183,0
DA:184,0
DA:185,0
DA:186,0
DA:187,0
DA:188,0
DA:189,0
DA:190,0
DA:191,0
DA:192,0
DA:194,0
DA:195,0
DA:196,0
DA:197,0
DA:200,0
DA:201,0
DA:202,0
DA:203,0
DA:204,0
DA:205,0
DA:206,0
DA:207,0
DA:208,0
DA:209,0
DA:210,0
DA:211,0
DA:212,0
DA:213,0
DA:214,0
DA:216,0
DA:217,0
DA:218,0
DA:219,0
DA:220,0
DA:221,0
DA:222,0
DA:224,0
DA:225,0
DA:226,0
DA:227,0
DA:228,0
DA:232,0
DA:233,0
DA:234,0
DA:235,0
DA:236,0
DA:237,0
DA:238,0
DA:239,0
DA:240,0
DA:241,0
DA:242,0
DA:244,0
DA:245,0
DA:246,0
DA:247,0
DA:248,0
DA:249,0
DA:251,0
DA:252,0
DA:253,0
DA:254,0
DA:256,0
DA:257,0
DA:260,0
DA:261,0
DA:262,0
DA:263,0
DA:264,0
DA:265,0
DA:266,0
DA:267,0
DA:268,0
DA:269,0
DA:270,0
DA:273,0
DA:274,0
DA:275,0
DA:276,0
DA:277,0
DA:278,0
DA:279,0
DA:281,0
DA:282,0
DA:283,0
DA:284,0
DA:285,0
DA:287,0
DA:288,0
DA:289,0
DA:290,0
DA:292,0
DA:293,0
DA:294,0
DA:296,0
DA:299,0
DA:300,0
DA:301,0
DA:302,0
DA:303,0
DA:304,0
DA:306,0
DA:319,2
DA:320,2
DA:321,2
DA:323,6
DA:324,6
DA:325,14
DA:326,6
DA:327,6
DA:330,1
DA:331,1
DA:332,1
DA:333,1
DA:334,1
DA:335,1
DA:337,1
DA:338,1
DA:339,1
DA:340,1
DA:341,1
DA:343,1
DA:344,1
DA:345,1
DA:346,1
DA:347,1
DA:350,1
DA:351,1
DA:352,1
DA:353,1
DA:355,1
DA:356,1
DA:357,1
DA:358,1
DA:360,1
DA:361,1
DA:362,1
DA:363,1
DA:365,1
DA:366,1
DA:367,1
DA:368,1
DA:371,1
DA:372,1
DA:373,1
DA:374,1
DA:375,1
DA:377,1
DA:378,1
DA:379,1
DA:380,1
DA:382,1
DA:383,1
DA:384,1
DA:385,1
DA:386,1
DA:387,1
DA:389,1
DA:390,1
DA:391,1
DA:392,1
DA:393,1
DA:394,1
DA:395,1
DA:398,1
DA:400,1
DA:401,1
DA:402,1
DA:405,1
DA:406,1
DA:407,1
DA:408,1
BRF:0
BRH:0
LF:301
LH:71
end_of_record
SF:/home/runner/work/matrix/matrix/Lorenzo/src/my_mat.rs
FN:244,_RNvXsb_NtCs5Okx3pz7b4S_7Lorenzo6my_matINtNtCsmdsOJfECrr_5alloc3vec3VecIBB_IBB_IBB_lEEEEINtB5_6NestedlE12flatten_intoB7_
FN:223,_RNvXsb_NtCs5Okx3pz7b4S_7Lorenzo6my_matINtNtCsmdsOJfECrr_5alloc3vec3VecIBB_IBB_IBB_lEEEEINtB5_6NestedlE13shape_checkedB7_
FN:244,_RNvXsb_NtCs5Okx3pz7b4S_7Lorenzo6my_matINtNtCsmdsOJfECrr_5alloc3vec3VecIBB_IBB_lEEEINtB5_6NestedlE12flatten_intoB7_
FN:223,_RNvXsb_NtCs5Okx3pz7b4S_7Lorenzo6my_matINtNtCsmdsOJfECrr_5alloc3vec3VecIBB_IBB_lEEEINtB5_6NestedlE13shape_checkedB7_
FN:244,_RNvXsb_NtCs5Okx3pz7b4S_7Lorenzo6my_matINtNtCsmdsOJfECrr_5alloc3vec3VecIBB_dEEINtB5_6NesteddE12flatten_intoB7_
FN:223,_RNvXsb_NtCs5Okx3pz7b4S_7Lorenzo6my_matINtNtCsmdsOJfECrr_5alloc3vec3VecIBB_dEEINtB5_6NesteddE13shape_checkedB7_
FN:244,_RNvXsb_NtCs5Okx3pz7b4S_7Lorenzo6my_matINtNtCsmdsOJfECrr_5alloc3vec3VecIBB_lEEINtB5_6NestedlE12flatten_intoB7_
FN:223,_RNvXsb_NtCs5Okx3pz7b4S_7Lorenzo6my_matINtNtCsmdsOJfECrr_5alloc3vec3VecIBB_lEEINtB5_6NestedlE13shape_checkedB7_
FN:244,_RNvXsb_NtCs5Okx3pz7b4S_7Lorenzo6my_matINtNtCsmdsOJfECrr_5alloc3vec3VecINtCsfgC8lZo1XpD_11num_complex7ComplexdEEINtB5_6NestedB16_E12flatten_intoB7_
FN:223,_RNvXsb_NtCs5Okx3pz7b4S_7Lorenzo6my_matINtNtCsmdsOJfECrr_5alloc3vec3VecINtCsfgC8lZo1XpD_11num_complex7ComplexdEEINtB5_6NestedB16_E13shape_checkedB7_
FN:244,_RNvXsb_NtCs5Okx3pz7b4S_7Lorenzo6my_matINtNtCsmdsOJfECrr_5alloc3vec3VecdEINtB5_6NesteddE12flatten_intoB7_
FN:223,_RNvXsb_NtCs5Okx3pz7b4S_7Lorenzo6my_matINtNtCsmdsOJfECrr_5alloc3vec3VecdEINtB5_6NesteddE13shape_checkedB7_
FN:244,_RNvXsb_NtCs5Okx3pz7b4S_7Lorenzo6my_matINtNtCsmdsOJfECrr_5alloc3vec3VeclEINtB5_6NestedlE12flatten_intoB7_
FN:223,_RNvXsb_NtCs5Okx3pz7b4S_7Lorenzo6my_matINtNtCsmdsOJfECrr_5alloc3vec3VeclEINtB5_6NestedlE13shape_checkedB7_
FN:214,_RNvXsa_NtCs5Okx3pz7b4S_7Lorenzo6my_matINtCsfgC8lZo1XpD_11num_complex7ComplexdEINtB5_6NestedBA_E12flatten_intoB7_
FN:211,_RNvXsa_NtCs5Okx3pz7b4S_7Lorenzo6my_matINtCsfgC8lZo1XpD_11num_complex7ComplexdEINtB5_6NestedBA_E13shape_checkedB7_
FN:255,_RINvMsc_NtCs5Okx3pz7b4S_7Lorenzo6my_matINtB6_6MatrixINtCsfgC8lZo1XpD_11num_complex7ComplexdEE15try_from_nestedINtNtCsmdsOJfECrr_5alloc3vec3VecBO_EEB8_
FN:255,_RINvMsc_NtCs5Okx3pz7b4S_7Lorenzo6my_matINtB6_6MatrixdE15try_from_nestedINtNtCsmdsOJfECrr_5alloc3vec3VecIB18_dEEEB8_
FN:255,_RINvMsc_NtCs5Okx3pz7b4S_7Lorenzo6my_matINtB6_6MatrixlE15try_from_nestedINtNtCsmdsOJfECrr_5alloc3vec3VecIB18_IB18_IB18_lEEEEEB8_
FN:255,_RINvMsc_NtCs5Okx3pz7b4S_7Lorenzo6my_matINtB6_6MatrixlE15try_from_nestedINtNtCsmdsOJfECrr_5alloc3vec3VecIB18_IB18_lEEEEB8_
FN:255,_RINvMsc_NtCs5Okx3pz7b4S_7Lorenzo6my_matINtB6_6MatrixlE15try_from_nestedINtNtCsmdsOJfECrr_5alloc3vec3VecIB18_lEEEB8_
FN:255,_RINvMsc_NtCs5Okx3pz7b4S_7Lorenzo6my_matINtB6_6MatrixlE15try_from_nestedINtNtCsmdsOJfECrr_5alloc3vec3VeclEEB8_
FN:278,_RINvMsc_NtCs5Okx3pz7b4S_7Lorenzo6my_matINtB6_6MatrixlE21from_nested_uncheckedINtNtCsmdsOJfECrr_5alloc3vec3VecIB1e_IB1e_lEEEEB8_
FN:278,_RINvMsc_NtCs5Okx3pz7b4S_7Lorenzo6my_matINtB6_6MatrixlE21from_nested_uncheckedINtNtCsmdsOJfECrr_5alloc3vec3VecIB1e_lEEEB8_
FN:278,_RINvMsc_NtCs5Okx3pz7b4S_7Lorenzo6my_matINtB6_6MatrixlE21from_nested_uncheckedINtNtCsmdsOJfECrr_5alloc3vec3VeclEEB8_
FN:56,_RNCNvMNtCs5Okx3pz7b4S_7Lorenzo6my_matINtB4_6MatrixINtCsfgC8lZo1XpD_11num_complex7ComplexdEE3get0B6_
FN:56,_RNCNvMNtCs5Okx3pz7b4S_7Lorenzo6my_matINtB4_6MatrixdE3get0B6_
FN:56,_RNCNvMNtCs5Okx3pz7b4S_7Lorenzo6my_matINtB4_6MatrixlE3get0B6_
FN:40,_RNvMNtCs5Okx3pz7b4S_7Lorenzo6my_matINtB2_6MatrixINtCsfgC8lZo1XpD_11num_complex7ComplexdEE10index_flatB4_
FN:55,_RNvMNtCs5Okx3pz7b4S_7Lorenzo6my_matINtB2_6MatrixINtCsfgC8lZo1XpD_11num_complex7ComplexdEE3getB4_
FN:35,_RNvMNtCs5Okx3pz7b4S_7Lorenzo6my_matINtB2_6MatrixINtCsfgC8lZo1XpD_11num_complex7ComplexdEE4dimsB4_
FN:40,_RNvMNtCs5Okx3pz7b4S_7Lorenzo6my_matINtB2_6MatrixdE10index_flatB4_
FN:65,_RNvMNtCs5Okx3pz7b4S_7Lorenzo6my_matINtB2_6MatrixdE11linear_iterB4_
FN:55,_RNvMNtCs5Okx3pz7b4S_7Lorenzo6my_matINtB2_6MatrixdE3getB4_
FN:18,_RNvMNtCs5Okx3pz7b4S_7Lorenzo6my_matINtB2_6MatrixdE3newB4_
FN:35,_RNvMNtCs5Okx3pz7b4S_7Lorenzo6my_matINtB2_6MatrixdE4dimsB4_
FN:40,_RNvMNtCs5Okx3pz7b4S_7Lorenzo6my_matINtB2_6MatrixlE10index_flatB4_
FN:65,_RNvMNtCs5Okx3pz7b4S_7Lorenzo6my_matINtB2_6MatrixlE11linear_iterB4_
FN:75,_RNvMNtCs5Okx3pz7b4S_7Lorenzo6my_matINtB2_6MatrixlE19format_nd_recursiveB4_
FN:55,_RNvMNtCs5Okx3pz7b4S_7Lorenzo6my_matINtB2_6MatrixlE3getB4_
FN:18,_RNvMNtCs5Okx3pz7b4S_7Lorenzo6my_matINtB2_6MatrixlE3newB4_
FN:35,_RNvMNtCs5Okx3pz7b4S_7Lorenzo6my_matINtB2_6MatrixlE4dimsB4_
FN:310,_RNvMsd_NtCs5Okx3pz7b4S_7Lorenzo6my_matINtB5_6MatrixlE14from_vector_1dB7_
FN:297,_RNvMsd_NtCs5Okx3pz7b4S_7Lorenzo6my_matINtB5_6MatrixlE15from_vector_rowB7_
FN:323,_RNvMsd_NtCs5Okx3pz7b4S_7Lorenzo6my_matINtB5_6MatrixlE15try_from_vectorB7_
FN:125,_RNvNtCs5Okx3pz7b4S_7Lorenzo6my_mat15compute_strides
FN:214,_RNvXsa_NtCs5Okx3pz7b4S_7Lorenzo6my_matdINtB5_6NesteddE12flatten_intoB7_
FN:211,_RNvXsa_NtCs5Okx3pz7b4S_7Lorenzo6my_matdINtB5_6NesteddE13shape_checkedB7_
FN:214,_RNvXsa_NtCs5Okx3pz7b4S_7Lorenzo6my_matlINtB5_6NestedlE12flatten_intoB7_
FN:211,_RNvXsa_NtCs5Okx3pz7b4S_7Lorenzo6my_matlINtB5_6NestedlE13shape_checkedB7_
FN:365,_RNvXsf_NtCs5Okx3pz7b4S_7Lorenzo6my_matINtB5_6MatrixlENtNtCsjGhrGKJQYpg_4core3fmt7Display3fmtB7_
FN:439,_RNvXsi_NtCs5Okx3pz7b4S_7Lorenzo6my_matQINtB5_6MatrixdENtNtNtNtCsjGhrGKJQYpg_4core4iter6traits7collect12IntoIterator9into_iterB7_
FN:463,_RNvNtNtCs5Okx3pz7b4S_7Lorenzo6my_mat5testss_17creates_1d_matrix
FN:496,_RNvNtNtCs5Okx3pz7b4S_7Lorenzo6my_mat5testss_17creates_3d_matrix
FN:572,_RNvNtNtCs5Okx3pz7b4S_7Lorenzo6my_mat5testss_17creates_4d_matrix
FN:613,_RNvNtNtCs5Okx3pz7b4S_7Lorenzo6my_mat5testss_17creates_5d_matrix
FN:540,_RNvNtNtCs5Okx3pz7b4S_7Lorenzo6my_mat5testss_21empty_inner_dimension
FN:533,_RNvNtNtCs5Okx3pz7b4S_7Lorenzo6my_mat5testss_21empty_outer_dimension
FN:649,_RNvNtNtCs5Okx3pz7b4S_7Lorenzo6my_mat5testss_22test_1d_matrix_display
FN:656,_RNvNtNtCs5Okx3pz7b4S_7Lorenzo6my_mat5testss_22test_2d_matrix_display
FN:562,_RNvNtNtCs5Okx3pz7b4S_7Lorenzo6my_mat5testss_24supports_complex_scalars
FN:663,_RNvNtNtCs5Okx3pz7b4S_7Lorenzo6my_mat5testss_25test_empty_matrix_display
FN:548,_RNvNtNtCs5Okx3pz7b4S_7Lorenzo6my_mat5testss_29irregular_siblings_return_err
FN:556,_RNvNtNtCs5Okx3pz7b4S_7Lorenzo6my_mat5testss_29unchecked_panics_on_irregular
FN:671,_RNvNtNtCs5Okx3pz7b4S_7Lorenzo6my_mat5testss_32test_matrix_from_vector_examples
FN:473,_RNvNtNtCs5Okx3pz7b4S_7Lorenzo6my_mat5testss_40creates_2d_matrix_and_order_is_row_major
FN:61,_RNCNvMNtCs5Okx3pz7b4S_7Lorenzo6my_matINtB4_6MatrixpE7get_mut0B6_
FN:70,_RNvMNtCs5Okx3pz7b4S_7Lorenzo6my_matINtB2_6MatrixpE3lenB4_
FN:60,_RNvMNtCs5Okx3pz7b4S_7Lorenzo6my_matINtB2_6MatrixpE7get_mutB4_
FN:342,_RNvMsd_NtCs5Okx3pz7b4S_7Lorenzo6my_matINtB5_6MatrixpE21from_vector_uncheckedB7_
FN:152,_RNvXININtCs5Okx3pz7b4S_7Lorenzo6my_mats0_0pEINtB5_6MatrixpEINtNtNtCsjGhrGKJQYpg_4core3ops5index8IndexMutRSjE9index_mutB7_
FN:166,_RNvXININtCs5Okx3pz7b4S_7Lorenzo6my_mats1_0pEINtB5_6MatrixpEINtNtNtCsjGhrGKJQYpg_4core3ops5index5IndexjE5indexB7_
FN:178,_RNvXININtCs5Okx3pz7b4S_7Lorenzo6my_mats2_0pEINtB5_6MatrixpEINtNtNtCsjGhrGKJQYpg_4core3ops5index8IndexMutjE9index_mutB7_
FN:140,_RNvXININtCs5Okx3pz7b4S_7Lorenzo6my_mats_0pEINtB5_6MatrixpEINtNtNtCsjGhrGKJQYpg_4core3ops5index5IndexRSjE5indexB7_
FN:354,_RNvXININtCs5Okx3pz7b4S_7Lorenzo6my_matse_0pEINtB5_6MatrixpEINtNtCsjGhrGKJQYpg_4core7convert4FromINtNtB7_7my_vect6VectorpEE4fromB7_
FN:416,_RNvXININtCs5Okx3pz7b4S_7Lorenzo6my_matsg_0pEINtB5_6MatrixpENtNtNtNtCsjGhrGKJQYpg_4core4iter6traits7collect12IntoIterator9into_iterB7_
FN:428,_RNvXININtCs5Okx3pz7b4S_7Lorenzo6my_matsh_0pERINtB5_6MatrixpENtNtNtNtCsjGhrGKJQYpg_4core4iter6traits7collect12IntoIterator9into_iterB7_
FNDA:1,_RNvXsb_NtCs5Okx3pz7b4S_7Lorenzo6my_matINtNtCsmdsOJfECrr_5alloc3vec3VecIBB_IBB_IBB_lEEEEINtB5_6NestedlE12flatten_intoB7_
FNDA:1,_RNvXsb_NtCs5Okx3pz7b4S_7Lorenzo6my_matINtNtCsmdsOJfECrr_5alloc3vec3VecIBB_IBB_IBB_lEEEEINtB5_6NestedlE13shape_checkedB7_
FNDA:6,_RNvXsb_NtCs5Okx3pz7b4S_7Lorenzo6my_matINtNtCsmdsOJfECrr_5alloc3vec3VecIBB_IBB_lEEEINtB5_6NestedlE12flatten_intoB7_
FNDA:6,_RNvXsb_NtCs5Okx3pz7b4S_7Lorenzo6my_matINtNtCsmdsOJfECrr_5alloc3vec3VecIBB_IBB_lEEEINtB5_6NestedlE13shape_checkedB7_
FNDA:23,_RNvXsb_NtCs5Okx3pz7b4S_7Lorenzo6my_matINtNtCsmdsOJfECrr_5alloc3vec3VecIBB_dEEINtB5_6NesteddE12flatten_intoB7_
FNDA:23,_RNvXsb_NtCs5Okx3pz7b4S_7Lorenzo6my_matINtNtCsmdsOJfECrr_5alloc3vec3VecIBB_dEEINtB5_6NesteddE13shape_checkedB7_
FNDA:24,_RNvXsb_NtCs5Okx3pz7b4S_7Lorenzo6my_matINtNtCsmdsOJfECrr_5alloc3vec3VecIBB_lEEINtB5_6NestedlE12flatten_intoB7_
FNDA:26,_RNvXsb_NtCs5Okx3pz7b4S_7Lorenzo6my_matINtNtCsmdsOJfECrr_5alloc3vec3VecIBB_lEEINtB5_6NestedlE13shape_checkedB7_
FNDA:1,_RNvXsb_NtCs5Okx3pz7b4S_7Lorenzo6my_matINtNtCsmdsOJfECrr_5alloc3vec3VecINtCsfgC8lZo1XpD_11num_complex7ComplexdEEINtB5_6NestedB16_E12flatten_intoB7_
FNDA:1,_RNvXsb_NtCs5Okx3pz7b4S_7Lorenzo6my_matINtNtCsmdsOJfECrr_5alloc3vec3VecINtCsfgC8lZo1XpD_11num_complex7ComplexdEEINtB5_6NestedB16_E13shape_checkedB7_
FNDA:46,_RNvXsb_NtCs5Okx3pz7b4S_7Lorenzo6my_matINtNtCsmdsOJfECrr_5alloc3vec3VecdEINtB5_6NesteddE12flatten_intoB7_
FNDA:46,_RNvXsb_NtCs5Okx3pz7b4S_7Lorenzo6my_matINtNtCsmdsOJfECrr_5alloc3vec3VecdEINtB5_6NesteddE13shape_checkedB7_
FNDA:61,_RNvXsb_NtCs5Okx3pz7b4S_7Lorenzo6my_matINtNtCsmdsOJfECrr_5alloc3vec3VeclEINtB5_6NestedlE12flatten_intoB7_
FNDA:65,_RNvXsb_NtCs5Okx3pz7b4S_7Lorenzo6my_matINtNtCsmdsOJfECrr_5alloc3vec3VeclEINtB5_6NestedlE13shape_checkedB7_
FNDA:2,_RNvXsa_NtCs5Okx3pz7b4S_7Lorenzo6my_matINtCsfgC8lZo1XpD_11num_complex7ComplexdEINtB5_6NestedBA_E12flatten_intoB7_
FNDA:2,_RNvXsa_NtCs5Okx3pz7b4S_7Lorenzo6my_matINtCsfgC8lZo1XpD_11num_complex7ComplexdEINtB5_6NestedBA_E13shape_checkedB7_
FNDA:1,_RINvMsc_NtCs5Okx3pz7b4S_7Lorenzo6my_matINtB6_6MatrixINtCsfgC8lZo1XpD_11num_complex7ComplexdEE15try_from_nestedINtNtCsmdsOJfECrr_5alloc3vec3VecBO_EEB8_
FNDA:23,_RINvMsc_NtCs5Okx3pz7b4S_7Lorenzo6my_matINtB6_6MatrixdE15try_from_nestedINtNtCsmdsOJfECrr_5alloc3vec3VecIB18_dEEEB8_
FNDA:1,_RINvMsc_NtCs5Okx3pz7b4S_7Lorenzo6my_matINtB6_6MatrixlE15try_from_nestedINtNtCsmdsOJfECrr_5alloc3vec3VecIB18_IB18_IB18_lEEEEEB8_
FNDA:4,_RINvMsc_NtCs5Okx3pz7b4S_7Lorenzo6my_matINtB6_6MatrixlE15try_from_nestedINtNtCsmdsOJfECrr_5alloc3vec3VecIB18_IB18_lEEEEB8_
FNDA:14,_RINvMsc_NtCs5Okx3pz7b4S_7Lorenzo6my_matINtB6_6MatrixlE15try_from_nestedINtNtCsmdsOJfECrr_5alloc3vec3VecIB18_lEEEB8_
FNDA:4,_RINvMsc_NtCs5Okx3pz7b4S_7Lorenzo6my_matINtB6_6MatrixlE15try_from_nestedINtNtCsmdsOJfECrr_5alloc3vec3VeclEEB8_
FNDA:3,_RINvMsc_NtCs5Okx3pz7b4S_7Lorenzo6my_matINtB6_6MatrixlE21from_nested_uncheckedINtNtCsmdsOJfECrr_5alloc3vec3VecIB1e_IB1e_lEEEEB8_
FNDA:9,_RINvMsc_NtCs5Okx3pz7b4S_7Lorenzo6my_matINtB6_6MatrixlE21from_nested_uncheckedINtNtCsmdsOJfECrr_5alloc3vec3VecIB1e_lEEEB8_
FNDA:1,_RINvMsc_NtCs5Okx3pz7b4S_7Lorenzo6my_matINtB6_6MatrixlE21from_nested_uncheckedINtNtCsmdsOJfECrr_5alloc3vec3VeclEEB8_
FNDA:2,_RNCNvMNtCs5Okx3pz7b4S_7Lorenzo6my_matINtB4_6MatrixINtCsfgC8lZo1XpD_11num_complex7ComplexdEE3get0B6_
FNDA:6,_RNCNvMNtCs5Okx3pz7b4S_7Lorenzo6my_matINtB4_6MatrixdE3get0B6_
FNDA:457,_RNCNvMNtCs5Okx3pz7b4S_7Lorenzo6my_matINtB4_6MatrixlE3get0B6_
FNDA:2,_RNvMNtCs5Okx3pz7b4S_7Lorenzo6my_matINtB2_6MatrixINtCsfgC8lZo1XpD_11num_complex7ComplexdEE10index_flatB4_
FNDA:2,_RNvMNtCs5Okx3pz7b4S_7Lorenzo6my_matINtB2_6MatrixINtCsfgC8lZo1XpD_11num_complex7ComplexdEE3getB4_
FNDA:1,_RNvMNtCs5Okx3pz7b4S_7Lorenzo6my_matINtB2_6MatrixINtCsfgC8lZo1XpD_11num_complex7ComplexdEE4dimsB4_
FNDA:6,_RNvMNtCs5Okx3pz7b4S_7Lorenzo6my_matINtB2_6MatrixdE10index_flatB4_
FNDA:28,_RNvMNtCs5Okx3pz7b4S_7Lorenzo6my_matINtB2_6MatrixdE11linear_iterB4_
FNDA:6,_RNvMNtCs5Okx3pz7b4S_7Lorenzo6my_matINtB2_6MatrixdE3getB4_
FNDA:8,_RNvMNtCs5Okx3pz7b4S_7Lorenzo6my_matINtB2_6MatrixdE3newB4_
FNDA:20,_RNvMNtCs5Okx3pz7b4S_7Lorenzo6my_matINtB2_6MatrixdE4dimsB4_
FNDA:462,_RNvMNtCs5Okx3pz7b4S_7Lorenzo6my_matINtB2_6MatrixlE10index_flatB4_
FNDA:5,_RNvMNtCs5Okx3pz7b4S_7Lorenzo6my_matINtB2_6MatrixlE11linear_iterB4_
FNDA:25,_RNvMNtCs5Okx3pz7b4S_7Lorenzo6my_matINtB2_6MatrixlE19format_nd_recursiveB4_
FNDA:462,_RNvMNtCs5Okx3pz7b4S_7Lorenzo6my_matINtB2_6MatrixlE3getB4_
FNDA:5,_RNvMNtCs5Okx3pz7b4S_7Lorenzo6my_matINtB2_6MatrixlE3newB4_
FNDA:30,_RNvMNtCs5Okx3pz7b4S_7Lorenzo6my_matINtB2_6MatrixlE4dimsB4_
FNDA:1,_RNvMsd_NtCs5Okx3pz7b4S_7Lorenzo6my_matINtB5_6MatrixlE14from_vector_1dB7_
FNDA:1,_RNvMsd_NtCs5Okx3pz7b4S_7Lorenzo6my_matINtB5_6MatrixlE15from_vector_rowB7_
FNDA:2,_RNvMsd_NtCs5Okx3pz7b4S_7Lorenzo6my_matINtB5_6MatrixlE15try_from_vectorB7_
FNDA:62,_RNvNtCs5Okx3pz7b4S_7Lorenzo6my_mat15compute_strides
FNDA:92,_RNvXsa_NtCs5Okx3pz7b4S_7Lorenzo6my_matdINtB5_6NesteddE12flatten_intoB7_
FNDA:92,_RNvXsa_NtCs5Okx3pz7b4S_7Lorenzo6my_matdINtB5_6NesteddE13shape_checkedB7_
FNDA:180,_RNvXsa_NtCs5Okx3pz7b4S_7Lorenzo6my_matlINtB5_6NestedlE12flatten_intoB7_
FNDA:186,_RNvXsa_NtCs5Okx3pz7b4S_7Lorenzo6my_matlINtB5_6NestedlE13shape_checkedB7_
FNDA:10,_RNvXsf_NtCs5Okx3pz7b4S_7Lorenzo6my_matINtB5_6MatrixlENtNtCsjGhrGKJQYpg_4core3fmt7Display3fmtB7_
FNDA:2,_RNvXsi_NtCs5Okx3pz7b4S_7Lorenzo6my_matQINtB5_6MatrixdENtNtNtNtCsjGhrGKJQYpg_4core4iter6traits7collect12IntoIterator9into_iterB7_
FNDA:1,_RNvNtNtCs5Okx3pz7b4S_7Lorenzo6my_mat5testss_17creates_1d_matrix
FNDA:1,_RNvNtNtCs5Okx3pz7b4S_7Lorenzo6my_mat5testss_17creates_3d_matrix
FNDA:1,_RNvNtNtCs5Okx3pz7b4S_7Lorenzo6my_mat5testss_17creates_4d_matrix
FNDA:1,_RNvNtNtCs5Okx3pz7b4S_7Lorenzo6my_mat5testss_17creates_5d_matrix
FNDA:1,_RNvNtNtCs5Okx3pz7b4S_7Lorenzo6my_mat5testss_21empty_inner_dimension
FNDA:1,_RNvNtNtCs5Okx3pz7b4S_7Lorenzo6my_mat5testss_21empty_outer_dimension
FNDA:1,_RNvNtNtCs5Okx3pz7b4S_7Lorenzo6my_mat5testss_22test_1d_matrix_display
FNDA:1,_RNvNtNtCs5Okx3pz7b4S_7Lorenzo6my_mat5testss_22test_2d_matrix_display
FNDA:1,_RNvNtNtCs5Okx3pz7b4S_7Lorenzo6my_mat5testss_24supports_complex_scalars
FNDA:1,_RNvNtNtCs5Okx3pz7b4S_7Lorenzo6my_mat5testss_25test_empty_matrix_display
FNDA:1,_RNvNtNtCs5Okx3pz7b4S_7Lorenzo6my_mat5testss_29irregular_siblings_return_err
FNDA:1,_RNvNtNtCs5Okx3pz7b4S_7Lorenzo6my_mat5testss_29unchecked_panics_on_irregular
FNDA:1,_RNvNtNtCs5Okx3pz7b4S_7Lorenzo6my_mat5testss_32test_matrix_from_vector_examples
FNDA:1,_RNvNtNtCs5Okx3pz7b4S_7Lorenzo6my_mat5testss_40creates_2d_matrix_and_order_is_row_major
FNDA:0,_RNCNvMNtCs5Okx3pz7b4S_7Lorenzo6my_matINtB4_6MatrixpE7get_mut0B6_
FNDA:0,_RNvMNtCs5Okx3pz7b4S_7Lorenzo6my_matINtB2_6MatrixpE3lenB4_
FNDA:0,_RNvMNtCs5Okx3pz7b4S_7Lorenzo6my_matINtB2_6MatrixpE7get_mutB4_
FNDA:0,_RNvMsd_NtCs5Okx3pz7b4S_7Lorenzo6my_matINtB5_6MatrixpE21from_vector_uncheckedB7_
FNDA:0,_RNvXININtCs5Okx3pz7b4S_7Lorenzo6my_mats0_0pEINtB5_6MatrixpEINtNtNtCsjGhrGKJQYpg_4core3ops5index8IndexMutRSjE9index_mutB7_
FNDA:0,_RNvXININtCs5Okx3pz7b4S_7Lorenzo6my_mats1_0pEINtB5_6MatrixpEINtNtNtCsjGhrGKJQYpg_4core3ops5index5IndexjE5indexB7_
FNDA:0,_RNvXININtCs5Okx3pz7b4S_7Lorenzo6my_mats2_0pEINtB5_6MatrixpEINtNtNtCsjGhrGKJQYpg_4core3ops5index8IndexMutjE9index_mutB7_
FNDA:0,_RNvXININtCs5Okx3pz7b4S_7Lorenzo6my_mats_0pEINtB5_6MatrixpEINtNtNtCsjGhrGKJQYpg_4core3ops5index5IndexRSjE5indexB7_
FNDA:0,_RNvXININtCs5Okx3pz7b4S_7Lorenzo6my_matse_0pEINtB5_6MatrixpEINtNtCsjGhrGKJQYpg_4core7convert4FromINtNtB7_7my_vect6VectorpEE4fromB7_
FNDA:0,_RNvXININtCs5Okx3pz7b4S_7Lorenzo6my_matsg_0pEINtB5_6MatrixpENtNtNtNtCsjGhrGKJQYpg_4core4iter6traits7collect12IntoIterator9into_iterB7_
FNDA:0,_RNvXININtCs5Okx3pz7b4S_7Lorenzo6my_matsh_0pERINtB5_6MatrixpENtNtNtNtCsjGhrGKJQYpg_4core4iter6traits7collect12IntoIterator9into_iterB7_
FNF:44
FNH:33
DA:18,13
DA:19,13
DA:20,13
DA:21,13
DA:22,0
DA:23,0
DA:26,13
DA:27,13
DA:28,13
DA:29,13
DA:30,13
DA:31,13
DA:32,13
DA:35,51
DA:36,51
DA:37,51
DA:40,470
DA:41,470
DA:42,0
DA:43,470
DA:44,470
DA:45,1256
DA:46,1256
DA:47,5
DA:48,1251
DA:49,1251
DA:51,465
DA:52,470
DA:55,470
DA:56,470
DA:57,470
DA:60,0
DA:61,0
DA:62,0
DA:65,33
DA:66,33
DA:67,33
DA:70,0
DA:71,0
DA:72,0
DA:75,25
DA:76,25
DA:77,25
DA:78,25
DA:79,25
DA:80,25
DA:81,25
DA:82,25
DA:84,25
DA:85,25
DA:87,14
DA:88,14
DA:89,14
DA:90,30
DA:91,30
DA:92,16
DA:93,14
DA:94,30
DA:95,72
DA:96,72
DA:97,42
DA:98,30
DA:99,72
DA:100,72
DA:101,72
DA:102,72
DA:103,72
DA:104,0
DA:106,30
DA:108,14
DA:111,11
DA:112,22
DA:113,22
DA:114,11
DA:115,11
DA:116,22
DA:117,22
DA:118,22
DA:120,11
DA:122,25
DA:125,62
DA:126,62
DA:127,62
DA:128,62
DA:129,127
DA:130,127
DA:131,127
DA:132,127
DA:133,62
DA:134,62
DA:140,0
DA:141,0
DA:142,0
DA:143,0
DA:144,0
DA:148,0
DA:152,0
DA:153,0
DA:154,0
DA:155,0
DA:156,0
DA:160,0
DA:166,0
DA:167,0
DA:168,0
DA:169,0
DA:170,0
DA:172,0
DA:173,0
DA:174,0
DA:178,0
DA:179,0
DA:180,0
DA:181,0
DA:182,0
DA:184,0
DA:185,0
DA:186,0
DA:211,280
DA:212,280
DA:213,280
DA:214,274
DA:215,274
DA:216,274
DA:223,168
DA:224,168
DA:226,5
DA:227,163
DA:228,163
DA:229,238
DA:230,238
DA:231,238
DA:232,2
DA:233,2
DA:234,2
DA:235,2
DA:236,236
DA:238,161
DA:239,161
DA:240,161
DA:241,161
DA:242,168
DA:244,162
DA:245,553
DA:246,391
DA:247,391
DA:248,162
DA:255,47
DA:256,47
DA:257,47
DA:259,47
DA:260,45
DA:261,45
DA:262,45
DA:263,45
DA:264,0
DA:265,0
DA:266,0
DA:267,0
DA:268,0
DA:269,45
DA:270,45
DA:271,45
DA:272,45
DA:273,45
DA:274,45
DA:275,45
DA:276,47
DA:278,13
DA:279,13
DA:280,13
DA:282,13
DA:283,12
DA:284,1
DA:286,12
DA:297,1
DA:298,1
DA:299,1
DA:300,1
DA:301,1
DA:302,1
DA:303,1
DA:304,1
DA:305,1
DA:306,1
DA:307,1
DA:310,1
DA:311,1
DA:312,1
DA:313,1
DA:314,1
DA:315,1
DA:316,1
DA:317,1
DA:318,1
DA:319,1
DA:320,1
DA:323,2
DA:324,2
DA:325,2
DA:326,2
DA:327,2
DA:328,0
DA:329,0
DA:330,0
DA:331,0
DA:332,2
DA:333,2
DA:334,2
DA:335,2
DA:336,2
DA:337,2
DA:338,2
DA:339,2
DA:342,0
DA:343,0
DA:344,0
DA:345,0
DA:347,0
DA:354,0
DA:355,0
DA:356,0
DA:365,10
DA:366,10
DA:367,10
DA:368,0
DA:370,3
DA:371,10
DA:372,10
DA:373,8
DA:374,2
DA:375,10
DA:376,10
DA:377,0
DA:379,3
DA:382,4
DA:383,4
DA:384,8
DA:385,8
DA:386,4
DA:387,4
DA:388,8
DA:389,22
DA:390,22
DA:391,14
DA:392,8
DA:393,22
DA:394,22
DA:395,0
DA:397,8
DA:399,4
DA:403,3
DA:406,10
DA:416,0
DA:417,0
DA:418,0
DA:428,0
DA:429,0
DA:430,0
DA:439,2
DA:440,2
DA:441,2
DA:463,1
DA:464,1
DA:465,1
DA:466,1
DA:467,1
DA:468,1
DA:469,1
DA:470,1
DA:473,1
DA:475,1
DA:476,1
DA:477,1
DA:480,1
DA:481,1
DA:482,1
DA:483,1
DA:486,1
DA:487,4
DA:488,9
DA:489,6
DA:490,6
DA:492,1
DA:493,1
DA:496,1
DA:497,1
DA:498,1
DA:499,1
DA:501,1
DA:502,2
DA:503,2
DA:504,6
DA:505,6
DA:506,24
DA:507,24
DA:508,24
DA:509,6
DA:511,2
DA:513,1
DA:514,1
DA:516,1
DA:517,1
DA:518,1
DA:519,1
DA:520,1
DA:521,1
DA:524,1
DA:526,1
DA:527,1
DA:528,1
DA:529,1
DA:530,1
DA:533,1
DA:534,1
DA:535,1
DA:536,1
DA:537,1
DA:540,1
DA:541,1
DA:542,1
DA:543,1
DA:544,1
DA:545,1
DA:548,1
DA:549,1
DA:550,1
DA:551,1
DA:552,1
DA:556,1
DA:557,1
DA:558,1
DA:559,1
DA:562,1
DA:564,1
DA:565,1
DA:566,1
DA:567,1
DA:568,1
DA:569,1
DA:572,1
DA:574,1
DA:575,1
DA:576,1
DA:577,1
DA:579,1
DA:580,2
DA:581,2
DA:582,4
DA:583,4
DA:584,8
DA:585,8
DA:586,16
DA:587,16
DA:588,16
DA:589,8
DA:591,4
DA:593,2
DA:596,1
DA:597,1
DA:600,1
DA:601,1
DA:602,1
DA:603,1
DA:606,1
DA:607,1
DA:608,1
DA:609,1
DA:610,1
DA:613,1
DA:615,1
DA:616,1
DA:619,2
DA:620,4
DA:621,8
DA:622,16
DA:623,32
DA:624,32
DA:625,32
DA:626,32
DA:627,32
DA:628,32
DA:634,1
DA:635,1
DA:638,1
DA:639,1
DA:640,1
DA:643,1
DA:644,1
DA:645,1
DA:646,1
DA:649,1
DA:650,1
DA:651,1
DA:652,1
DA:653,1
DA:656,1
DA:657,1
DA:658,1
DA:659,1
DA:660,1
DA:663,1
DA:665,1
DA:666,1
DA:667,1
DA:668,1
DA:671,1
DA:673,1
DA:676,1
DA:677,1
DA:678,1
DA:681,1
DA:682,1
DA:683,1
DA:686,1
DA:687,1
DA:688,1
DA:691,1
DA:692,1
DA:693,1
DA:694,1
BRDA:41,0,0,0
BRDA:41,0,1,470
BRDA:46,0,0,5
BRDA:46,0,1,1251
BRDA:85,0,0,14
BRDA:85,0,1,11
BRDA:91,0,0,16
BRDA:91,0,1,14
BRDA:96,0,0,42
BRDA:96,0,1,30
BRDA:102,0,0,72
BRDA:102,0,1,0
BRDA:113,0,0,11
BRDA:113,0,1,11
BRDA:224,0,0,5
BRDA:224,0,1,163
BRDA:231,0,0,2
BRDA:231,0,1,236
BRDA:263,0,0,0
BRDA:263,0,1,45
BRDA:327,0,0,0
BRDA:327,0,1,2
BRDA:372,0,0,8
BRDA:372,0,1,2
BRDA:375,0,0,10
BRDA:375,0,1,0
BRDA:385,0,0,4
BRDA:385,0,1,4
BRDA:390,0,0,14
BRDA:390,0,1,8
BRDA:393,0,0,22
BRDA:393,0,1,0
BRF:32
BRH:26
LF:423
LH:358
end_of_record
SF:/home/runner/work/matrix/matrix/Lorenzo/src/my_vect.rs
FN:17,_RNvMNtCs5Okx3pz7b4S_7Lorenzo7my_vectINtB2_6VectorlE8into_vecB4_
FN:57,_RNvMs3_NtCs5Okx3pz7b4S_7Lorenzo7my_vectINtB5_6VectorINtCsfgC8lZo1XpD_11num_complex7ComplexfEE3lenB7_
FN:62,_RNvMs3_NtCs5Okx3pz7b4S_7Lorenzo7my_vectINtB5_6VectorINtCsfgC8lZo1XpD_11num_complex7ComplexfEE8as_sliceB7_
FN:57,_RNvMs3_NtCs5Okx3pz7b4S_7Lorenzo7my_vectINtB5_6VectordE3lenB7_
FN:62,_RNvMs3_NtCs5Okx3pz7b4S_7Lorenzo7my_vectINtB5_6VectordE8as_sliceB7_
FN:57,_RNvMs3_NtCs5Okx3pz7b4S_7Lorenzo7my_vectINtB5_6VectorfE3lenB7_
FN:62,_RNvMs3_NtCs5Okx3pz7b4S_7Lorenzo7my_vectINtB5_6VectorfE8as_sliceB7_
FN:57,_RNvMs3_NtCs5Okx3pz7b4S_7Lorenzo7my_vectINtB5_6VectorlE3lenB7_
FN:62,_RNvMs3_NtCs5Okx3pz7b4S_7Lorenzo7my_vectINtB5_6VectorlE8as_sliceB7_
FN:71,_RNvMs4_NtCs5Okx3pz7b4S_7Lorenzo7my_vectINtB5_6VectordE4iterB7_
FN:71,_RNvMs4_NtCs5Okx3pz7b4S_7Lorenzo7my_vectINtB5_6VectorfE4iterB7_
FN:174,_RNvMse_NtCs5Okx3pz7b4S_7Lorenzo7my_vectINtB5_6VectordE3getB7_
FN:177,_RNvMse_NtCs5Okx3pz7b4S_7Lorenzo7my_vectINtB5_6VectordE6resizeB7_
FN:174,_RNvMse_NtCs5Okx3pz7b4S_7Lorenzo7my_vectINtB5_6VectorfE3getB7_
FN:174,_RNvMse_NtCs5Okx3pz7b4S_7Lorenzo7my_vectINtB5_6VectorlE3getB7_
FN:32,_RNvXs0_NtCs5Okx3pz7b4S_7Lorenzo7my_vectINtB5_6VectorINtCsfgC8lZo1XpD_11num_complex7ComplexfEEINtNtCsjGhrGKJQYpg_4core7convert4FromINtNtCsmdsOJfECrr_5alloc3vec3VecBO_EE4fromB7_
FN:32,_RNvXs0_NtCs5Okx3pz7b4S_7Lorenzo7my_vectINtB5_6VectordEINtNtCsjGhrGKJQYpg_4core7convert4FromINtNtCsmdsOJfECrr_5alloc3vec3VecdEE4fromB7_
FN:32,_RNvXs0_NtCs5Okx3pz7b4S_7Lorenzo7my_vectINtB5_6VectorfEINtNtCsjGhrGKJQYpg_4core7convert4FromINtNtCsmdsOJfECrr_5alloc3vec3VecfEE4fromB7_
FN:32,_RNvXs0_NtCs5Okx3pz7b4S_7Lorenzo7my_vectINtB5_6VectorlEINtNtCsjGhrGKJQYpg_4core7convert4FromINtNtCsmdsOJfECrr_5alloc3vec3VeclEE4fromB7_
FN:38,_RNvXs1_NtCs5Okx3pz7b4S_7Lorenzo7my_vectINtB5_6VectordEINtNtCsjGhrGKJQYpg_4core7convert4FromAdj3_E4fromB7_
FN:38,_RNvXs1_NtCs5Okx3pz7b4S_7Lorenzo7my_vectINtB5_6VectorfEINtNtCsjGhrGKJQYpg_4core7convert4FromAfj3_E4fromB7_
FN:97,_RNvXs6_NtCs5Okx3pz7b4S_7Lorenzo7my_vectINtB5_6VectordENtNtCsjGhrGKJQYpg_4core3fmt5Debug3fmtB7_
FN:97,_RNvXs6_NtCs5Okx3pz7b4S_7Lorenzo7my_vectINtB5_6VectorlENtNtCsjGhrGKJQYpg_4core3fmt5Debug3fmtB7_
FN:107,_RNvXs7_NtCs5Okx3pz7b4S_7Lorenzo7my_vectINtB5_6VectordENtNtCsjGhrGKJQYpg_4core3cmp9PartialEq2eqB7_
FN:107,_RNvXs7_NtCs5Okx3pz7b4S_7Lorenzo7my_vectINtB5_6VectorlENtNtCsjGhrGKJQYpg_4core3cmp9PartialEq2eqB7_
FN:113,_RNvXs8_NtCs5Okx3pz7b4S_7Lorenzo7my_vectINtB5_6VectordEINtNtNtCsjGhrGKJQYpg_4core3ops5index8IndexMutjE9index_mutB7_
FN:126,_RNvXs9_NtCs5Okx3pz7b4S_7Lorenzo7my_vectINtB5_6VectordENtNtNtNtCsjGhrGKJQYpg_4core4iter6traits7collect12IntoIterator9into_iterB7_
FN:138,_RNvXsa_NtCs5Okx3pz7b4S_7Lorenzo7my_vectRINtB5_6VectordENtNtNtNtCsjGhrGKJQYpg_4core4iter6traits7collect12IntoIterator9into_iterB7_
FN:150,_RNvXsb_NtCs5Okx3pz7b4S_7Lorenzo7my_vectQINtB5_6VectordENtNtNtNtCsjGhrGKJQYpg_4core4iter6traits7collect12IntoIterator9into_iterB7_
FN:158,_RNvXsc_NtCs5Okx3pz7b4S_7Lorenzo7my_vectINtB5_6VectorINtCsfgC8lZo1XpD_11num_complex7ComplexfEEINtNtNtCsjGhrGKJQYpg_4core3ops5index5IndexjE5indexB7_
FN:158,_RNvXsc_NtCs5Okx3pz7b4S_7Lorenzo7my_vectINtB5_6VectordEINtNtNtCsjGhrGKJQYpg_4core3ops5index5IndexjE5indexB7_
FN:158,_RNvXsc_NtCs5Okx3pz7b4S_7Lorenzo7my_vectINtB5_6VectorfEINtNtNtCsjGhrGKJQYpg_4core3ops5index5IndexjE5indexB7_
FN:158,_RNvXsc_NtCs5Okx3pz7b4S_7Lorenzo7my_vectINtB5_6VectorlEINtNtNtCsjGhrGKJQYpg_4core3ops5index5IndexjE5indexB7_
FN:13,_RNvMNtCs5Okx3pz7b4S_7Lorenzo7my_vectINtB2_6VectorpE3newB4_
FN:164,_RNvMsd_NtCs5Okx3pz7b4S_7Lorenzo7my_vectINtB5_6VectorpE9insert_atB7_
FN:167,_RNvMsd_NtCs5Okx3pz7b4S_7Lorenzo7my_vectINtB5_6VectorpE9remove_atB7_
FN:47,_RNvXININtCs5Okx3pz7b4S_7Lorenzo7my_vects2_0pEINtB5_6VectorpEINtNtCsjGhrGKJQYpg_4core7convert4FromINtNtB7_6my_mat6MatrixpEE4fromB7_
FN:81,_RNvXININtCs5Okx3pz7b4S_7Lorenzo7my_vects5_0pEINtB5_6VectorpENtNtCsjGhrGKJQYpg_4core3fmt7Display3fmtB7_
FN:26,_RNvXININtCs5Okx3pz7b4S_7Lorenzo7my_vects_0pEINtB5_6VectorpENtNtCsjGhrGKJQYpg_4core7default7Default7defaultB7_
FNDA:4,_RNvMNtCs5Okx3pz7b4S_7Lorenzo7my_vectINtB2_6VectorlE8into_vecB4_
FNDA:9,_RNvMs3_NtCs5Okx3pz7b4S_7Lorenzo7my_vectINtB5_6VectorINtCsfgC8lZo1XpD_11num_complex7ComplexfEE3lenB7_
FNDA:6,_RNvMs3_NtCs5Okx3pz7b4S_7Lorenzo7my_vectINtB5_6VectorINtCsfgC8lZo1XpD_11num_complex7ComplexfEE8as_sliceB7_
FNDA:61,_RNvMs3_NtCs5Okx3pz7b4S_7Lorenzo7my_vectINtB5_6VectordE3lenB7_
FNDA:15,_RNvMs3_NtCs5Okx3pz7b4S_7Lorenzo7my_vectINtB5_6VectordE8as_sliceB7_
FNDA:35,_RNvMs3_NtCs5Okx3pz7b4S_7Lorenzo7my_vectINtB5_6VectorfE3lenB7_
FNDA:1,_RNvMs3_NtCs5Okx3pz7b4S_7Lorenzo7my_vectINtB5_6VectorfE8as_sliceB7_
FNDA:20,_RNvMs3_NtCs5Okx3pz7b4S_7Lorenzo7my_vectINtB5_6VectorlE3lenB7_
FNDA:1,_RNvMs3_NtCs5Okx3pz7b4S_7Lorenzo7my_vectINtB5_6VectorlE8as_sliceB7_
FNDA:6,_RNvMs4_NtCs5Okx3pz7b4S_7Lorenzo7my_vectINtB5_6VectordE4iterB7_
FNDA:11,_RNvMs4_NtCs5Okx3pz7b4S_7Lorenzo7my_vectINtB5_6VectorfE4iterB7_
FNDA:16,_RNvMse_NtCs5Okx3pz7b4S_7Lorenzo7my_vectINtB5_6VectordE3getB7_
FNDA:4,_RNvMse_NtCs5Okx3pz7b4S_7Lorenzo7my_vectINtB5_6VectordE6resizeB7_
FNDA:26,_RNvMse_NtCs5Okx3pz7b4S_7Lorenzo7my_vectINtB5_6VectorfE3getB7_
FNDA:48,_RNvMse_NtCs5Okx3pz7b4S_7Lorenzo7my_vectINtB5_6VectorlE3getB7_
FNDA:10,_RNvXs0_NtCs5Okx3pz7b4S_7Lorenzo7my_vectINtB5_6VectorINtCsfgC8lZo1XpD_11num_complex7ComplexfEEINtNtCsjGhrGKJQYpg_4core7convert4FromINtNtCsmdsOJfECrr_5alloc3vec3VecBO_EE4fromB7_
FNDA:68,_RNvXs0_NtCs5Okx3pz7b4S_7Lorenzo7my_vectINtB5_6VectordEINtNtCsjGhrGKJQYpg_4core7convert4FromINtNtCsmdsOJfECrr_5alloc3vec3VecdEE4fromB7_
FNDA:32,_RNvXs0_NtCs5Okx3pz7b4S_7Lorenzo7my_vectINtB5_6VectorfEINtNtCsjGhrGKJQYpg_4core7convert4FromINtNtCsmdsOJfECrr_5alloc3vec3VecfEE4fromB7_
FNDA:20,_RNvXs0_NtCs5Okx3pz7b4S_7Lorenzo7my_vectINtB5_6VectorlEINtNtCsjGhrGKJQYpg_4core7convert4FromINtNtCsmdsOJfECrr_5alloc3vec3VeclEE4fromB7_
FNDA:3,_RNvXs1_NtCs5Okx3pz7b4S_7Lorenzo7my_vectINtB5_6VectordEINtNtCsjGhrGKJQYpg_4core7convert4FromAdj3_E4fromB7_
FNDA:2,_RNvXs1_NtCs5Okx3pz7b4S_7Lorenzo7my_vectINtB5_6VectorfEINtNtCsjGhrGKJQYpg_4core7convert4FromAfj3_E4fromB7_
FNDA:0,_RNvXs6_NtCs5Okx3pz7b4S_7Lorenzo7my_vectINtB5_6VectordENtNtCsjGhrGKJQYpg_4core3fmt5Debug3fmtB7_
FNDA:0,_RNvXs6_NtCs5Okx3pz7b4S_7Lorenzo7my_vectINtB5_6VectorlENtNtCsjGhrGKJQYpg_4core3fmt5Debug3fmtB7_
FNDA:7,_RNvXs7_NtCs5Okx3pz7b4S_7Lorenzo7my_vectINtB5_6VectordENtNtCsjGhrGKJQYpg_4core3cmp9PartialEq2eqB7_
FNDA:2,_RNvXs7_NtCs5Okx3pz7b4S_7Lorenzo7my_vectINtB5_6VectorlENtNtCsjGhrGKJQYpg_4core3cmp9PartialEq2eqB7_
FNDA:42,_RNvXs8_NtCs5Okx3pz7b4S_7Lorenzo7my_vectINtB5_6VectordEINtNtNtCsjGhrGKJQYpg_4core3ops5index8IndexMutjE9index_mutB7_
FNDA:1,_RNvXs9_NtCs5Okx3pz7b4S_7Lorenzo7my_vectINtB5_6VectordENtNtNtNtCsjGhrGKJQYpg_4core4iter6traits7collect12IntoIterator9into_iterB7_
FNDA:1,_RNvXsa_NtCs5Okx3pz7b4S_7Lorenzo7my_vectRINtB5_6VectordENtNtNtNtCsjGhrGKJQYpg_4core4iter6traits7collect12IntoIterator9into_iterB7_
FNDA:2,_RNvXsb_NtCs5Okx3pz7b4S_7Lorenzo7my_vectQINtB5_6VectordENtNtNtNtCsjGhrGKJQYpg_4core4iter6traits7collect12IntoIterator9into_iterB7_
FNDA:6,_RNvXsc_NtCs5Okx3pz7b4S_7Lorenzo7my_vectINtB5_6VectorINtCsfgC8lZo1XpD_11num_complex7ComplexfEEINtNtNtCsjGhrGKJQYpg_4core3ops5index5IndexjE5indexB7_
FNDA:114,_RNvXsc_NtCs5Okx3pz7b4S_7Lorenzo7my_vectINtB5_6VectordEINtNtNtCsjGhrGKJQYpg_4core3ops5index5IndexjE5indexB7_
FNDA:24,_RNvXsc_NtCs5Okx3pz7b4S_7Lorenzo7my_vectINtB5_6VectorfEINtNtNtCsjGhrGKJQYpg_4core3ops5index5IndexjE5indexB7_
FNDA:48,_RNvXsc_NtCs5Okx3pz7b4S_7Lorenzo7my_vectINtB5_6VectorlEINtNtNtCsjGhrGKJQYpg_4core3ops5index5IndexjE5indexB7_
FNDA:0,_RNvMNtCs5Okx3pz7b4S_7Lorenzo7my_vectINtB2_6VectorpE3newB4_
FNDA:0,_RNvMsd_NtCs5Okx3pz7b4S_7Lorenzo7my_vectINtB5_6VectorpE9insert_atB7_
FNDA:0,_RNvMsd_NtCs5Okx3pz7b4S_7Lorenzo7my_vectINtB5_6VectorpE9remove_atB7_
FNDA:0,_RNvXININtCs5Okx3pz7b4S_7Lorenzo7my_vects2_0pEINtB5_6VectorpEINtNtCsjGhrGKJQYpg_4core7convert4FromINtNtB7_6my_mat6MatrixpEE4fromB7_
FNDA:0,_RNvXININtCs5Okx3pz7b4S_7Lorenzo7my_vects5_0pEINtB5_6VectorpENtNtCsjGhrGKJQYpg_4core3fmt7Display3fmtB7_
FNDA:0,_RNvXININtCs5Okx3pz7b4S_7Lorenzo7my_vects_0pEINtB5_6VectorpENtNtCsjGhrGKJQYpg_4core7default7Default7defaultB7_
FNF:21
FNH:14
DA:13,0
DA:14,0
DA:15,0
DA:17,4
DA:18,4
DA:19,4
DA:26,0
DA:27,0
DA:28,0
DA:32,130
DA:33,130
DA:34,130
DA:38,5
DA:39,5
DA:40,5
DA:47,0
DA:48,0
DA:49,0
DA:50,0
DA:51,0
DA:52,0
DA:53,0
DA:57,125
DA:58,125
DA:59,125
DA:62,23
DA:63,23
DA:64,23
DA:71,17
DA:72,17
DA:73,17
DA:81,0
DA:82,0
DA:83,0
DA:84,0
DA:85,0
DA:86,0
DA:87,0
DA:89,0
DA:90,0
DA:97,0
DA:98,0
DA:99,0
DA:107,9
DA:108,9
DA:109,9
DA:113,42
DA:114,42
DA:115,42
DA:126,1
DA:127,1
DA:128,1
DA:138,1
DA:139,1
DA:140,1
DA:150,2
DA:151,2
DA:152,2
DA:158,192
DA:159,192
DA:160,192
DA:164,0
DA:165,0
DA:166,0
DA:167,0
DA:168,0
DA:169,0
DA:174,90
DA:175,90
DA:176,90
DA:177,4
DA:178,4
DA:179,4
DA:181,4
DA:182,4
BRF:0
BRH:0
LF:75
LH:44
end_of_record
SF:/home/runner/work/matrix/matrix/Lorenzo/src/norm.rs
FN:89,_RNvNtNtCs5Okx3pz7b4S_7Lorenzo4norm5tests9approx_eq
FN:121,_RNvNtNtCs5Okx3pz7b4S_7Lorenzo4norm5testss_15test_norm_1_f32
FN:94,_RNvNtNtCs5Okx3pz7b4S_7Lorenzo4norm5testss_15test_norm_1_f64
FN:101,_RNvNtNtCs5Okx3pz7b4S_7Lorenzo4norm5testss_15test_norm_2_f64
FN:128,_RNvNtNtCs5Okx3pz7b4S_7Lorenzo4norm5testss_15test_norm_2_i32
FN:115,_RNvNtNtCs5Okx3pz7b4S_7Lorenzo4norm5testss_15test_norm_alias
FN:163,_RNvNtNtCs5Okx3pz7b4S_7Lorenzo4norm5testss_16test_zero_vector
FN:135,_RNvNtNtCs5Okx3pz7b4S_7Lorenzo4norm5testss_17test_norm_complex
FN:108,_RNvNtNtCs5Okx3pz7b4S_7Lorenzo4norm5testss_17test_norm_inf_f64
FN:142,_RNvNtNtCs5Okx3pz7b4S_7Lorenzo4norm5testss_19test_norm_1_complex
FN:152,_RNvNtNtCs5Okx3pz7b4S_7Lorenzo4norm5testss_21test_norm_inf_complex
FN:66,_RNCNvXs_NtCs5Okx3pz7b4S_7Lorenzo4normINtNtB8_7my_vect6VectorINtCsfgC8lZo1XpD_11num_complex7ComplexfEENtB6_11VectorNorms6norm_10B8_
FN:69,_RNCNvXs_NtCs5Okx3pz7b4S_7Lorenzo4normINtNtB8_7my_vect6VectorINtCsfgC8lZo1XpD_11num_complex7ComplexfEENtB6_11VectorNorms6norm_20B8_
FN:74,_RNCNvXs_NtCs5Okx3pz7b4S_7Lorenzo4normINtNtB8_7my_vect6VectorINtCsfgC8lZo1XpD_11num_complex7ComplexfEENtB6_11VectorNorms8norm_inf0B8_
FN:66,_RNCNvXs_NtCs5Okx3pz7b4S_7Lorenzo4normINtNtB8_7my_vect6VectordENtB6_11VectorNorms6norm_10B8_
FN:69,_RNCNvXs_NtCs5Okx3pz7b4S_7Lorenzo4normINtNtB8_7my_vect6VectordENtB6_11VectorNorms6norm_20B8_
FN:74,_RNCNvXs_NtCs5Okx3pz7b4S_7Lorenzo4normINtNtB8_7my_vect6VectordENtB6_11VectorNorms8norm_inf0B8_
FN:66,_RNCNvXs_NtCs5Okx3pz7b4S_7Lorenzo4normINtNtB8_7my_vect6VectorfENtB6_11VectorNorms6norm_10B8_
FN:69,_RNCNvXs_NtCs5Okx3pz7b4S_7Lorenzo4normINtNtB8_7my_vect6VectorlENtB6_11VectorNorms6norm_20B8_
FN:17,_RNvXs0_NtCs5Okx3pz7b4S_7Lorenzo4normfNtB5_9Magnitude3mag
FN:17,_RNvXs1_NtCs5Okx3pz7b4S_7Lorenzo4normdNtB5_9Magnitude3mag
FN:20,_RNvXs1_NtCs5Okx3pz7b4S_7Lorenzo4normdNtB5_9Magnitude6mag_sq
FN:20,_RNvXs2_NtCs5Okx3pz7b4S_7Lorenzo4normlNtB5_9Magnitude6mag_sq
FN:38,_RNvXNtCs5Okx3pz7b4S_7Lorenzo4normINtCsfgC8lZo1XpD_11num_complex7ComplexfENtB2_9Magnitude3magB4_
FN:44,_RNvXNtCs5Okx3pz7b4S_7Lorenzo4normINtCsfgC8lZo1XpD_11num_complex7ComplexfENtB2_9Magnitude6mag_sqB4_
FN:65,_RNvXs_NtCs5Okx3pz7b4S_7Lorenzo4normINtNtB6_7my_vect6VectorINtCsfgC8lZo1XpD_11num_complex7ComplexfEENtB4_11VectorNorms6norm_1B6_
FN:68,_RNvXs_NtCs5Okx3pz7b4S_7Lorenzo4normINtNtB6_7my_vect6VectorINtCsfgC8lZo1XpD_11num_complex7ComplexfEENtB4_11VectorNorms6norm_2B6_
FN:71,_RNvXs_NtCs5Okx3pz7b4S_7Lorenzo4normINtNtB6_7my_vect6VectorINtCsfgC8lZo1XpD_11num_complex7ComplexfEENtB4_11VectorNorms8norm_infB6_
FN:65,_RNvXs_NtCs5Okx3pz7b4S_7Lorenzo4normINtNtB6_7my_vect6VectordENtB4_11VectorNorms6norm_1B6_
FN:68,_RNvXs_NtCs5Okx3pz7b4S_7Lorenzo4normINtNtB6_7my_vect6VectordENtB4_11VectorNorms6norm_2B6_
FN:71,_RNvXs_NtCs5Okx3pz7b4S_7Lorenzo4normINtNtB6_7my_vect6VectordENtB4_11VectorNorms8norm_infB6_
FN:65,_RNvXs_NtCs5Okx3pz7b4S_7Lorenzo4normINtNtB6_7my_vect6VectorfENtB4_11VectorNorms6norm_1B6_
FN:68,_RNvXs_NtCs5Okx3pz7b4S_7Lorenzo4normINtNtB6_7my_vect6VectorlENtB4_11VectorNorms6norm_2B6_
FN:56,_RNvYINtNtCs5Okx3pz7b4S_7Lorenzo7my_vect6VectordENtNtB7_4norm11VectorNorms4normB7_
FN:20,_RNvXs0_NtCs5Okx3pz7b4S_7Lorenzo4normfNtB5_9Magnitude6mag_sq
FN:17,_RNvXs2_NtCs5Okx3pz7b4S_7Lorenzo4normlNtB5_9Magnitude3mag
FN:17,_RNvXs3_NtCs5Okx3pz7b4S_7Lorenzo4normxNtB5_9Magnitude3mag
FN:20,_RNvXs3_NtCs5Okx3pz7b4S_7Lorenzo4normxNtB5_9Magnitude6mag_sq
FN:17,_RNvXs4_NtCs5Okx3pz7b4S_7Lorenzo4normiNtB5_9Magnitude3mag
FN:20,_RNvXs4_NtCs5Okx3pz7b4S_7Lorenzo4normiNtB5_9Magnitude6mag_sq
FN:8,_RNvYpNtNtCs5Okx3pz7b4S_7Lorenzo4norm9Magnitude6mag_sqB7_
FNDA:12,_RNvNtNtCs5Okx3pz7b4S_7Lorenzo4norm5tests9approx_eq
FNDA:1,_RNvNtNtCs5Okx3pz7b4S_7Lorenzo4norm5testss_15test_norm_1_f32
FNDA:1,_RNvNtNtCs5Okx3pz7b4S_7Lorenzo4norm5testss_15test_norm_1_f64
FNDA:1,_RNvNtNtCs5Okx3pz7b4S_7Lorenzo4norm5testss_15test_norm_2_f64
FNDA:1,_RNvNtNtCs5Okx3pz7b4S_7Lorenzo4norm5testss_15test_norm_2_i32
FNDA:1,_RNvNtNtCs5Okx3pz7b4S_7Lorenzo4norm5testss_15test_norm_alias
FNDA:1,_RNvNtNtCs5Okx3pz7b4S_7Lorenzo4norm5testss_16test_zero_vector
FNDA:1,_RNvNtNtCs5Okx3pz7b4S_7Lorenzo4norm5testss_17test_norm_complex
FNDA:1,_RNvNtNtCs5Okx3pz7b4S_7Lorenzo4norm5testss_17test_norm_inf_f64
FNDA:1,_RNvNtNtCs5Okx3pz7b4S_7Lorenzo4norm5testss_19test_norm_1_complex
FNDA:1,_RNvNtNtCs5Okx3pz7b4S_7Lorenzo4norm5testss_21test_norm_inf_complex
FNDA:2,_RNCNvXs_NtCs5Okx3pz7b4S_7Lorenzo4normINtNtB8_7my_vect6VectorINtCsfgC8lZo1XpD_11num_complex7ComplexfEENtB6_11VectorNorms6norm_10B8_
FNDA:4,_RNCNvXs_NtCs5Okx3pz7b4S_7Lorenzo4normINtNtB8_7my_vect6VectorINtCsfgC8lZo1XpD_11num_complex7ComplexfEENtB6_11VectorNorms6norm_20B8_
FNDA:3,_RNCNvXs_NtCs5Okx3pz7b4S_7Lorenzo4normINtNtB8_7my_vect6VectorINtCsfgC8lZo1XpD_11num_complex7ComplexfEENtB6_11VectorNorms8norm_inf0B8_
FNDA:5,_RNCNvXs_NtCs5Okx3pz7b4S_7Lorenzo4normINtNtB8_7my_vect6VectordENtB6_11VectorNorms6norm_10B8_
FNDA:23,_RNCNvXs_NtCs5Okx3pz7b4S_7Lorenzo4normINtNtB8_7my_vect6VectordENtB6_11VectorNorms6norm_20B8_
FNDA:6,_RNCNvXs_NtCs5Okx3pz7b4S_7Lorenzo4normINtNtB8_7my_vect6VectordENtB6_11VectorNorms8norm_inf0B8_
FNDA:3,_RNCNvXs_NtCs5Okx3pz7b4S_7Lorenzo4normINtNtB8_7my_vect6VectorfENtB6_11VectorNorms6norm_10B8_
FNDA:2,_RNCNvXs_NtCs5Okx3pz7b4S_7Lorenzo4normINtNtB8_7my_vect6VectorlENtB6_11VectorNorms6norm_20B8_
FNDA:3,_RNvXs0_NtCs5Okx3pz7b4S_7Lorenzo4normfNtB5_9Magnitude3mag
FNDA:11,_RNvXs1_NtCs5Okx3pz7b4S_7Lorenzo4normdNtB5_9Magnitude3mag
FNDA:23,_RNvXs1_NtCs5Okx3pz7b4S_7Lorenzo4normdNtB5_9Magnitude6mag_sq
FNDA:2,_RNvXs2_NtCs5Okx3pz7b4S_7Lorenzo4normlNtB5_9Magnitude6mag_sq
FNDA:5,_RNvXNtCs5Okx3pz7b4S_7Lorenzo4normINtCsfgC8lZo1XpD_11num_complex7ComplexfENtB2_9Magnitude3magB4_
FNDA:4,_RNvXNtCs5Okx3pz7b4S_7Lorenzo4normINtCsfgC8lZo1XpD_11num_complex7ComplexfENtB2_9Magnitude6mag_sqB4_
FNDA:1,_RNvXs_NtCs5Okx3pz7b4S_7Lorenzo4normINtNtB6_7my_vect6VectorINtCsfgC8lZo1XpD_11num_complex7ComplexfEENtB4_11VectorNorms6norm_1B6_
FNDA:4,_RNvXs_NtCs5Okx3pz7b4S_7Lorenzo4normINtNtB6_7my_vect6VectorINtCsfgC8lZo1XpD_11num_complex7ComplexfEENtB4_11VectorNorms6norm_2B6_
FNDA:1,_RNvXs_NtCs5Okx3pz7b4S_7Lorenzo4normINtNtB6_7my_vect6VectorINtCsfgC8lZo1XpD_11num_complex7ComplexfEENtB4_11VectorNorms8norm_infB6_
FNDA:2,_RNvXs_NtCs5Okx3pz7b4S_7Lorenzo4normINtNtB6_7my_vect6VectordENtB4_11VectorNorms6norm_1B6_
FNDA:11,_RNvXs_NtCs5Okx3pz7b4S_7Lorenzo4normINtNtB6_7my_vect6VectordENtB4_11VectorNorms6norm_2B6_
FNDA:2,_RNvXs_NtCs5Okx3pz7b4S_7Lorenzo4normINtNtB6_7my_vect6VectordENtB4_11VectorNorms8norm_infB6_
FNDA:1,_RNvXs_NtCs5Okx3pz7b4S_7Lorenzo4normINtNtB6_7my_vect6VectorfENtB4_11VectorNorms6norm_1B6_
FNDA:1,_RNvXs_NtCs5Okx3pz7b4S_7Lorenzo4normINtNtB6_7my_vect6VectorlENtB4_11VectorNorms6norm_2B6_
FNDA:1,_RNvYINtNtCs5Okx3pz7b4S_7Lorenzo7my_vect6VectordENtNtB7_4norm11VectorNorms4normB7_
FNDA:0,_RNvXs0_NtCs5Okx3pz7b4S_7Lorenzo4normfNtB5_9Magnitude6mag_sq
FNDA:0,_RNvXs2_NtCs5Okx3pz7b4S_7Lorenzo4normlNtB5_9Magnitude3mag
FNDA:0,_RNvXs3_NtCs5Okx3pz7b4S_7Lorenzo4normxNtB5_9Magnitude3mag
FNDA:0,_RNvXs3_NtCs5Okx3pz7b4S_7Lorenzo4normxNtB5_9Magnitude6mag_sq
FNDA:0,_RNvXs4_NtCs5Okx3pz7b4S_7Lorenzo4normiNtB5_9Magnitude3mag
FNDA:0,_RNvXs4_NtCs5Okx3pz7b4S_7Lorenzo4normiNtB5_9Magnitude6mag_sq
FNDA:0,_RNvYpNtNtCs5Okx3pz7b4S_7Lorenzo4norm9Magnitude6mag_sqB7_
FNF:23
FNH:22
DA:8,0
DA:9,0
DA:10,0
DA:11,0
DA:17,14
DA:18,14
DA:19,14
DA:20,25
DA:21,25
DA:22,25
DA:23,25
DA:38,5
DA:39,5
DA:40,5
DA:41,5
DA:42,5
DA:43,5
DA:44,4
DA:45,4
DA:46,4
DA:47,4
DA:48,4
DA:56,1
DA:57,1
DA:58,1
DA:65,4
DA:66,10
DA:67,4
DA:68,16
DA:69,29
DA:70,16
DA:71,3
DA:72,3
DA:73,3
DA:74,9
DA:75,3
DA:76,3
DA:89,12
DA:90,12
DA:91,12
DA:94,1
DA:95,1
DA:96,1
DA:97,1
DA:98,1
DA:101,1
DA:102,1
DA:103,1
DA:104,1
DA:105,1
DA:108,1
DA:109,1
DA:110,1
DA:111,1
DA:112,1
DA:115,1
DA:116,1
DA:117,1
DA:118,1
DA:121,1
DA:122,1
DA:123,1
DA:124,1
DA:125,1
DA:128,1
DA:129,1
DA:130,1
DA:131,1
DA:132,1
DA:135,1
DA:136,1
DA:137,1
DA:138,1
DA:139,1
DA:142,1
DA:143,1
DA:144,1
DA:145,1
DA:147,1
DA:148,1
DA:149,1
DA:152,1
DA:153,1
DA:154,1
DA:155,1
DA:156,1
DA:158,1
DA:159,1
DA:160,1
DA:163,1
DA:164,1
DA:165,1
DA:166,1
DA:167,1
DA:168,1
BRF:0
BRH:0
LF:98
LH:94
end_of_record
SF:/home/runner/work/matrix/matrix/Samuele/src/main.rs
FN:1,_RNvCsffParnNpxnD_7Samuele4main
FNDA:0,_RNvCsffParnNpxnD_7Samuele4main
FNF:1
FNH:0
DA:1,0
DA:2,0
DA:3,0
BRF:0
BRH:0
LF:3
LH:0
end_of_record